<?xml version="1.0" encoding="UTF-8"?>
<testsuite xmlns:xsi="http://www.w3.org/2001/XMLSchema-instance" xsi:noNamespaceSchemaLocation="https://maven.apache.org/surefire/maven-surefire-plugin/xsd/surefire-test-report.xsd" name="labrat.IntSortsTest" time="0.853" tests="3000" errors="0" skipped="0" failures="0">
  <properties>
    <property name="awt.toolkit" value="sun.awt.X11.XToolkit"/>
    <property name="java.specification.version" value="11"/>
    <property name="sun.cpu.isalist" value=""/>
    <property name="sun.jnu.encoding" value="ANSI_X3.4-1968"/>
    <property name="java.class.path" value="/home/labrat/repo/algs/target/test-classes:/home/labrat/repo/algs/target/classes:/home/labrat/.m2/repository/org/junit/jupiter/junit-jupiter/5.5.1/junit-jupiter-5.5.1.jar:/home/labrat/.m2/repository/org/junit/jupiter/junit-jupiter-api/5.5.1/junit-jupiter-api-5.5.1.jar:/home/labrat/.m2/repository/org/apiguardian/apiguardian-api/1.1.0/apiguardian-api-1.1.0.jar:/home/labrat/.m2/repository/org/opentest4j/opentest4j/1.2.0/opentest4j-1.2.0.jar:/home/labrat/.m2/repository/org/junit/platform/junit-platform-commons/1.5.1/junit-platform-commons-1.5.1.jar:/home/labrat/.m2/repository/org/junit/jupiter/junit-jupiter-params/5.5.1/junit-jupiter-params-5.5.1.jar:/home/labrat/.m2/repository/org/junit/jupiter/junit-jupiter-engine/5.5.1/junit-jupiter-engine-5.5.1.jar:/home/labrat/.m2/repository/org/junit/platform/junit-platform-engine/1.5.1/junit-platform-engine-1.5.1.jar:"/>
    <property name="java.vm.vendor" value="Oracle Corporation"/>
    <property name="sun.arch.data.model" value="64"/>
    <property name="java.vendor.url" value="http://java.oracle.com/"/>
    <property name="user.timezone" value=""/>
    <property name="java.vm.specification.version" value="11"/>
    <property name="os.name" value="Linux"/>
    <property name="sun.java.launcher" value="SUN_STANDARD"/>
    <property name="user.country" value="US"/>
    <property name="sun.boot.library.path" value="/usr/lib/jvm/java-11-openjdk/lib"/>
    <property name="sun.java.command" value="/home/labrat/repo/algs/target/surefire/surefirebooter1166407512986958216.jar /home/labrat/repo/algs/target/surefire 2019-08-08T10-37-43_008-jvmRun1 surefire294848024186488542tmp surefire_011982696343476384056tmp"/>
    <property name="jdk.debug" value="release"/>
    <property name="surefire.test.class.path" value="/home/labrat/repo/algs/target/test-classes:/home/labrat/repo/algs/target/classes:/home/labrat/.m2/repository/org/junit/jupiter/junit-jupiter/5.5.1/junit-jupiter-5.5.1.jar:/home/labrat/.m2/repository/org/junit/jupiter/junit-jupiter-api/5.5.1/junit-jupiter-api-5.5.1.jar:/home/labrat/.m2/repository/org/apiguardian/apiguardian-api/1.1.0/apiguardian-api-1.1.0.jar:/home/labrat/.m2/repository/org/opentest4j/opentest4j/1.2.0/opentest4j-1.2.0.jar:/home/labrat/.m2/repository/org/junit/platform/junit-platform-commons/1.5.1/junit-platform-commons-1.5.1.jar:/home/labrat/.m2/repository/org/junit/jupiter/junit-jupiter-params/5.5.1/junit-jupiter-params-5.5.1.jar:/home/labrat/.m2/repository/org/junit/jupiter/junit-jupiter-engine/5.5.1/junit-jupiter-engine-5.5.1.jar:/home/labrat/.m2/repository/org/junit/platform/junit-platform-engine/1.5.1/junit-platform-engine-1.5.1.jar:"/>
    <property name="sun.cpu.endian" value="little"/>
    <property name="user.home" value="/home/labrat"/>
    <property name="user.language" value="en"/>
    <property name="java.specification.vendor" value="Oracle Corporation"/>
    <property name="java.version.date" value="2019-07-16"/>
    <property name="java.home" value="/usr/lib/jvm/java-11-openjdk"/>
    <property name="file.separator" value="/"/>
    <property name="basedir" value="/home/labrat/repo/algs"/>
    <property name="java.vm.compressedOopsMode" value="32-bit"/>
    <property name="line.separator" value="&#10;"/>
    <property name="java.specification.name" value="Java Platform API Specification"/>
    <property name="java.vm.specification.vendor" value="Oracle Corporation"/>
    <property name="java.awt.graphicsenv" value="sun.awt.X11GraphicsEnvironment"/>
    <property name="surefire.real.class.path" value="/home/labrat/repo/algs/target/surefire/surefirebooter1166407512986958216.jar"/>
    <property name="sun.management.compiler" value="HotSpot 64-Bit Tiered Compilers"/>
    <property name="java.runtime.version" value="11.0.4+7"/>
    <property name="user.name" value="labrat"/>
    <property name="path.separator" value=":"/>
    <property name="os.version" value="4.19.60-1-lts"/>
    <property name="java.runtime.name" value="OpenJDK Runtime Environment"/>
    <property name="file.encoding" value="ANSI_X3.4-1968"/>
    <property name="java.vm.name" value="OpenJDK 64-Bit Server VM"/>
    <property name="localRepository" value="/home/labrat/.m2/repository"/>
    <property name="java.vendor.url.bug" value="http://bugreport.java.com/bugreport/"/>
    <property name="java.io.tmpdir" value="/tmp"/>
    <property name="java.version" value="11.0.4"/>
    <property name="user.dir" value="/home/labrat/repo/algs"/>
    <property name="os.arch" value="amd64"/>
    <property name="java.vm.specification.name" value="Java Virtual Machine Specification"/>
    <property name="java.awt.printerjob" value="sun.print.PSPrinterJob"/>
    <property name="sun.os.patch.level" value="unknown"/>
    <property name="idea.version2019.2" value="true"/>
    <property name="java.library.path" value="/usr/java/packages/lib:/usr/lib64:/lib64:/lib:/usr/lib"/>
    <property name="java.vendor" value="Oracle Corporation"/>
    <property name="java.vm.info" value="mixed mode"/>
    <property name="java.vm.version" value="11.0.4+7"/>
    <property name="sun.io.unicode.encoding" value="UnicodeLittle"/>
    <property name="java.class.version" value="55.0"/>
  </properties>
  <testcase name="HeapSortTest[1]" classname="labrat.IntSortsTest" time="0"/>
  <testcase name="HeapSortTest[2]" classname="labrat.IntSortsTest" time="0.001"/>
  <testcase name="HeapSortTest[3]" classname="labrat.IntSortsTest" time="0"/>
  <testcase name="HeapSortTest[4]" classname="labrat.IntSortsTest" time="0"/>
  <testcase name="HeapSortTest[5]" classname="labrat.IntSortsTest" time="0"/>
  <testcase name="HeapSortTest[6]" classname="labrat.IntSortsTest" time="0"/>
  <testcase name="HeapSortTest[7]" classname="labrat.IntSortsTest" time="0"/>
  <testcase name="HeapSortTest[8]" classname="labrat.IntSortsTest" time="0"/>
  <testcase name="HeapSortTest[9]" classname="labrat.IntSortsTest" time="0"/>
  <testcase name="HeapSortTest[10]" classname="labrat.IntSortsTest" time="0"/>
  <testcase name="HeapSortTest[11]" classname="labrat.IntSortsTest" time="0"/>
  <testcase name="HeapSortTest[12]" classname="labrat.IntSortsTest" time="0"/>
  <testcase name="HeapSortTest[13]" classname="labrat.IntSortsTest" time="0"/>
  <testcase name="HeapSortTest[14]" classname="labrat.IntSortsTest" time="0"/>
  <testcase name="HeapSortTest[15]" classname="labrat.IntSortsTest" time="0"/>
  <testcase name="HeapSortTest[16]" classname="labrat.IntSortsTest" time="0"/>
  <testcase name="HeapSortTest[17]" classname="labrat.IntSortsTest" time="0"/>
  <testcase name="HeapSortTest[18]" classname="labrat.IntSortsTest" time="0"/>
  <testcase name="HeapSortTest[19]" classname="labrat.IntSortsTest" time="0"/>
  <testcase name="HeapSortTest[20]" classname="labrat.IntSortsTest" time="0"/>
  <testcase name="HeapSortTest[21]" classname="labrat.IntSortsTest" time="0"/>
  <testcase name="HeapSortTest[22]" classname="labrat.IntSortsTest" time="0"/>
  <testcase name="HeapSortTest[23]" classname="labrat.IntSortsTest" time="0"/>
  <testcase name="HeapSortTest[24]" classname="labrat.IntSortsTest" time="0"/>
  <testcase name="HeapSortTest[25]" classname="labrat.IntSortsTest" time="0"/>
  <testcase name="HeapSortTest[26]" classname="labrat.IntSortsTest" time="0"/>
  <testcase name="HeapSortTest[27]" classname="labrat.IntSortsTest" time="0"/>
  <testcase name="HeapSortTest[28]" classname="labrat.IntSortsTest" time="0"/>
  <testcase name="HeapSortTest[29]" classname="labrat.IntSortsTest" time="0"/>
  <testcase name="HeapSortTest[30]" classname="labrat.IntSortsTest" time="0"/>
  <testcase name="HeapSortTest[31]" classname="labrat.IntSortsTest" time="0"/>
  <testcase name="HeapSortTest[32]" classname="labrat.IntSortsTest" time="0"/>
  <testcase name="HeapSortTest[33]" classname="labrat.IntSortsTest" time="0"/>
  <testcase name="HeapSortTest[34]" classname="labrat.IntSortsTest" time="0"/>
  <testcase name="HeapSortTest[35]" classname="labrat.IntSortsTest" time="0"/>
  <testcase name="HeapSortTest[36]" classname="labrat.IntSortsTest" time="0"/>
  <testcase name="HeapSortTest[37]" classname="labrat.IntSortsTest" time="0"/>
  <testcase name="HeapSortTest[38]" classname="labrat.IntSortsTest" time="0"/>
  <testcase name="HeapSortTest[39]" classname="labrat.IntSortsTest" time="0"/>
  <testcase name="HeapSortTest[40]" classname="labrat.IntSortsTest" time="0"/>
  <testcase name="HeapSortTest[41]" classname="labrat.IntSortsTest" time="0"/>
  <testcase name="HeapSortTest[42]" classname="labrat.IntSortsTest" time="0"/>
  <testcase name="HeapSortTest[43]" classname="labrat.IntSortsTest" time="0"/>
  <testcase name="HeapSortTest[44]" classname="labrat.IntSortsTest" time="0"/>
  <testcase name="HeapSortTest[45]" classname="labrat.IntSortsTest" time="0"/>
  <testcase name="HeapSortTest[46]" classname="labrat.IntSortsTest" time="0"/>
  <testcase name="HeapSortTest[47]" classname="labrat.IntSortsTest" time="0"/>
  <testcase name="HeapSortTest[48]" classname="labrat.IntSortsTest" time="0"/>
  <testcase name="HeapSortTest[49]" classname="labrat.IntSortsTest" time="0"/>
  <testcase name="HeapSortTest[50]" classname="labrat.IntSortsTest" time="0"/>
  <testcase name="HeapSortTest[51]" classname="labrat.IntSortsTest" time="0"/>
  <testcase name="HeapSortTest[52]" classname="labrat.IntSortsTest" time="0"/>
  <testcase name="HeapSortTest[53]" classname="labrat.IntSortsTest" time="0"/>
  <testcase name="HeapSortTest[54]" classname="labrat.IntSortsTest" time="0"/>
  <testcase name="HeapSortTest[55]" classname="labrat.IntSortsTest" time="0"/>
  <testcase name="HeapSortTest[56]" classname="labrat.IntSortsTest" time="0"/>
  <testcase name="HeapSortTest[57]" classname="labrat.IntSortsTest" time="0"/>
  <testcase name="HeapSortTest[58]" classname="labrat.IntSortsTest" time="0"/>
  <testcase name="HeapSortTest[59]" classname="labrat.IntSortsTest" time="0"/>
  <testcase name="HeapSortTest[60]" classname="labrat.IntSortsTest" time="0"/>
  <testcase name="HeapSortTest[61]" classname="labrat.IntSortsTest" time="0"/>
  <testcase name="HeapSortTest[62]" classname="labrat.IntSortsTest" time="0"/>
  <testcase name="HeapSortTest[63]" classname="labrat.IntSortsTest" time="0"/>
  <testcase name="HeapSortTest[64]" classname="labrat.IntSortsTest" time="0"/>
  <testcase name="HeapSortTest[65]" classname="labrat.IntSortsTest" time="0.001"/>
  <testcase name="HeapSortTest[66]" classname="labrat.IntSortsTest" time="0"/>
  <testcase name="HeapSortTest[67]" classname="labrat.IntSortsTest" time="0"/>
  <testcase name="HeapSortTest[68]" classname="labrat.IntSortsTest" time="0"/>
  <testcase name="HeapSortTest[69]" classname="labrat.IntSortsTest" time="0"/>
  <testcase name="HeapSortTest[70]" classname="labrat.IntSortsTest" time="0"/>
  <testcase name="HeapSortTest[71]" classname="labrat.IntSortsTest" time="0"/>
  <testcase name="HeapSortTest[72]" classname="labrat.IntSortsTest" time="0"/>
  <testcase name="HeapSortTest[73]" classname="labrat.IntSortsTest" time="0"/>
  <testcase name="HeapSortTest[74]" classname="labrat.IntSortsTest" time="0"/>
  <testcase name="HeapSortTest[75]" classname="labrat.IntSortsTest" time="0"/>
  <testcase name="HeapSortTest[76]" classname="labrat.IntSortsTest" time="0"/>
  <testcase name="HeapSortTest[77]" classname="labrat.IntSortsTest" time="0"/>
  <testcase name="HeapSortTest[78]" classname="labrat.IntSortsTest" time="0"/>
  <testcase name="HeapSortTest[79]" classname="labrat.IntSortsTest" time="0"/>
  <testcase name="HeapSortTest[80]" classname="labrat.IntSortsTest" time="0"/>
  <testcase name="HeapSortTest[81]" classname="labrat.IntSortsTest" time="0"/>
  <testcase name="HeapSortTest[82]" classname="labrat.IntSortsTest" time="0"/>
  <testcase name="HeapSortTest[83]" classname="labrat.IntSortsTest" time="0"/>
  <testcase name="HeapSortTest[84]" classname="labrat.IntSortsTest" time="0"/>
  <testcase name="HeapSortTest[85]" classname="labrat.IntSortsTest" time="0"/>
  <testcase name="HeapSortTest[86]" classname="labrat.IntSortsTest" time="0"/>
  <testcase name="HeapSortTest[87]" classname="labrat.IntSortsTest" time="0"/>
  <testcase name="HeapSortTest[88]" classname="labrat.IntSortsTest" time="0"/>
  <testcase name="HeapSortTest[89]" classname="labrat.IntSortsTest" time="0.001"/>
  <testcase name="HeapSortTest[90]" classname="labrat.IntSortsTest" time="0"/>
  <testcase name="HeapSortTest[91]" classname="labrat.IntSortsTest" time="0.001"/>
  <testcase name="HeapSortTest[92]" classname="labrat.IntSortsTest" time="0.008"/>
  <testcase name="HeapSortTest[93]" classname="labrat.IntSortsTest" time="0"/>
  <testcase name="HeapSortTest[94]" classname="labrat.IntSortsTest" time="0.001"/>
  <testcase name="HeapSortTest[95]" classname="labrat.IntSortsTest" time="0"/>
  <testcase name="HeapSortTest[96]" classname="labrat.IntSortsTest" time="0.001"/>
  <testcase name="HeapSortTest[97]" classname="labrat.IntSortsTest" time="0"/>
  <testcase name="HeapSortTest[98]" classname="labrat.IntSortsTest" time="0"/>
  <testcase name="HeapSortTest[99]" classname="labrat.IntSortsTest" time="0.001"/>
  <testcase name="HeapSortTest[100]" classname="labrat.IntSortsTest" time="0"/>
  <testcase name="HeapSortTest[101]" classname="labrat.IntSortsTest" time="0.001"/>
  <testcase name="HeapSortTest[102]" classname="labrat.IntSortsTest" time="0.001"/>
  <testcase name="HeapSortTest[103]" classname="labrat.IntSortsTest" time="0"/>
  <testcase name="HeapSortTest[104]" classname="labrat.IntSortsTest" time="0.001"/>
  <testcase name="HeapSortTest[105]" classname="labrat.IntSortsTest" time="0"/>
  <testcase name="HeapSortTest[106]" classname="labrat.IntSortsTest" time="0.001"/>
  <testcase name="HeapSortTest[107]" classname="labrat.IntSortsTest" time="0"/>
  <testcase name="HeapSortTest[108]" classname="labrat.IntSortsTest" time="0.001"/>
  <testcase name="HeapSortTest[109]" classname="labrat.IntSortsTest" time="0"/>
  <testcase name="HeapSortTest[110]" classname="labrat.IntSortsTest" time="0"/>
  <testcase name="HeapSortTest[111]" classname="labrat.IntSortsTest" time="0"/>
  <testcase name="HeapSortTest[112]" classname="labrat.IntSortsTest" time="0"/>
  <testcase name="HeapSortTest[113]" classname="labrat.IntSortsTest" time="0"/>
  <testcase name="HeapSortTest[114]" classname="labrat.IntSortsTest" time="0"/>
  <testcase name="HeapSortTest[115]" classname="labrat.IntSortsTest" time="0"/>
  <testcase name="HeapSortTest[116]" classname="labrat.IntSortsTest" time="0"/>
  <testcase name="HeapSortTest[117]" classname="labrat.IntSortsTest" time="0"/>
  <testcase name="HeapSortTest[118]" classname="labrat.IntSortsTest" time="0.001"/>
  <testcase name="HeapSortTest[119]" classname="labrat.IntSortsTest" time="0"/>
  <testcase name="HeapSortTest[120]" classname="labrat.IntSortsTest" time="0.001"/>
  <testcase name="HeapSortTest[121]" classname="labrat.IntSortsTest" time="0"/>
  <testcase name="HeapSortTest[122]" classname="labrat.IntSortsTest" time="0.001"/>
  <testcase name="HeapSortTest[123]" classname="labrat.IntSortsTest" time="0"/>
  <testcase name="HeapSortTest[124]" classname="labrat.IntSortsTest" time="0.001"/>
  <testcase name="HeapSortTest[125]" classname="labrat.IntSortsTest" time="0"/>
  <testcase name="HeapSortTest[126]" classname="labrat.IntSortsTest" time="0.001"/>
  <testcase name="HeapSortTest[127]" classname="labrat.IntSortsTest" time="0"/>
  <testcase name="HeapSortTest[128]" classname="labrat.IntSortsTest" time="0"/>
  <testcase name="HeapSortTest[129]" classname="labrat.IntSortsTest" time="0"/>
  <testcase name="HeapSortTest[130]" classname="labrat.IntSortsTest" time="0"/>
  <testcase name="HeapSortTest[131]" classname="labrat.IntSortsTest" time="0"/>
  <testcase name="HeapSortTest[132]" classname="labrat.IntSortsTest" time="0"/>
  <testcase name="HeapSortTest[133]" classname="labrat.IntSortsTest" time="0.001"/>
  <testcase name="HeapSortTest[134]" classname="labrat.IntSortsTest" time="0"/>
  <testcase name="HeapSortTest[135]" classname="labrat.IntSortsTest" time="0.001"/>
  <testcase name="HeapSortTest[136]" classname="labrat.IntSortsTest" time="0"/>
  <testcase name="HeapSortTest[137]" classname="labrat.IntSortsTest" time="0.001"/>
  <testcase name="HeapSortTest[138]" classname="labrat.IntSortsTest" time="0"/>
  <testcase name="HeapSortTest[139]" classname="labrat.IntSortsTest" time="0.001"/>
  <testcase name="HeapSortTest[140]" classname="labrat.IntSortsTest" time="0"/>
  <testcase name="HeapSortTest[141]" classname="labrat.IntSortsTest" time="0"/>
  <testcase name="HeapSortTest[142]" classname="labrat.IntSortsTest" time="0"/>
  <testcase name="HeapSortTest[143]" classname="labrat.IntSortsTest" time="0"/>
  <testcase name="HeapSortTest[144]" classname="labrat.IntSortsTest" time="0.001"/>
  <testcase name="HeapSortTest[145]" classname="labrat.IntSortsTest" time="0"/>
  <testcase name="HeapSortTest[146]" classname="labrat.IntSortsTest" time="0"/>
  <testcase name="HeapSortTest[147]" classname="labrat.IntSortsTest" time="0"/>
  <testcase name="HeapSortTest[148]" classname="labrat.IntSortsTest" time="0"/>
  <testcase name="HeapSortTest[149]" classname="labrat.IntSortsTest" time="0"/>
  <testcase name="HeapSortTest[150]" classname="labrat.IntSortsTest" time="0"/>
  <testcase name="HeapSortTest[151]" classname="labrat.IntSortsTest" time="0"/>
  <testcase name="HeapSortTest[152]" classname="labrat.IntSortsTest" time="0"/>
  <testcase name="HeapSortTest[153]" classname="labrat.IntSortsTest" time="0.001"/>
  <testcase name="HeapSortTest[154]" classname="labrat.IntSortsTest" time="0"/>
  <testcase name="HeapSortTest[155]" classname="labrat.IntSortsTest" time="0"/>
  <testcase name="HeapSortTest[156]" classname="labrat.IntSortsTest" time="0"/>
  <testcase name="HeapSortTest[157]" classname="labrat.IntSortsTest" time="0"/>
  <testcase name="HeapSortTest[158]" classname="labrat.IntSortsTest" time="0"/>
  <testcase name="HeapSortTest[159]" classname="labrat.IntSortsTest" time="0"/>
  <testcase name="HeapSortTest[160]" classname="labrat.IntSortsTest" time="0"/>
  <testcase name="HeapSortTest[161]" classname="labrat.IntSortsTest" time="0.001"/>
  <testcase name="HeapSortTest[162]" classname="labrat.IntSortsTest" time="0"/>
  <testcase name="HeapSortTest[163]" classname="labrat.IntSortsTest" time="0"/>
  <testcase name="HeapSortTest[164]" classname="labrat.IntSortsTest" time="0"/>
  <testcase name="HeapSortTest[165]" classname="labrat.IntSortsTest" time="0"/>
  <testcase name="HeapSortTest[166]" classname="labrat.IntSortsTest" time="0"/>
  <testcase name="HeapSortTest[167]" classname="labrat.IntSortsTest" time="0"/>
  <testcase name="HeapSortTest[168]" classname="labrat.IntSortsTest" time="0"/>
  <testcase name="HeapSortTest[169]" classname="labrat.IntSortsTest" time="0"/>
  <testcase name="HeapSortTest[170]" classname="labrat.IntSortsTest" time="0.001"/>
  <testcase name="HeapSortTest[171]" classname="labrat.IntSortsTest" time="0"/>
  <testcase name="HeapSortTest[172]" classname="labrat.IntSortsTest" time="0"/>
  <testcase name="HeapSortTest[173]" classname="labrat.IntSortsTest" time="0"/>
  <testcase name="HeapSortTest[174]" classname="labrat.IntSortsTest" time="0"/>
  <testcase name="HeapSortTest[175]" classname="labrat.IntSortsTest" time="0"/>
  <testcase name="HeapSortTest[176]" classname="labrat.IntSortsTest" time="0"/>
  <testcase name="HeapSortTest[177]" classname="labrat.IntSortsTest" time="0"/>
  <testcase name="HeapSortTest[178]" classname="labrat.IntSortsTest" time="0"/>
  <testcase name="HeapSortTest[179]" classname="labrat.IntSortsTest" time="0"/>
  <testcase name="HeapSortTest[180]" classname="labrat.IntSortsTest" time="0"/>
  <testcase name="HeapSortTest[181]" classname="labrat.IntSortsTest" time="0"/>
  <testcase name="HeapSortTest[182]" classname="labrat.IntSortsTest" time="0"/>
  <testcase name="HeapSortTest[183]" classname="labrat.IntSortsTest" time="0"/>
  <testcase name="HeapSortTest[184]" classname="labrat.IntSortsTest" time="0.001"/>
  <testcase name="HeapSortTest[185]" classname="labrat.IntSortsTest" time="0"/>
  <testcase name="HeapSortTest[186]" classname="labrat.IntSortsTest" time="0.001"/>
  <testcase name="HeapSortTest[187]" classname="labrat.IntSortsTest" time="0"/>
  <testcase name="HeapSortTest[188]" classname="labrat.IntSortsTest" time="0.001"/>
  <testcase name="HeapSortTest[189]" classname="labrat.IntSortsTest" time="0"/>
  <testcase name="HeapSortTest[190]" classname="labrat.IntSortsTest" time="0.001"/>
  <testcase name="HeapSortTest[191]" classname="labrat.IntSortsTest" time="0"/>
  <testcase name="HeapSortTest[192]" classname="labrat.IntSortsTest" time="0.001"/>
  <testcase name="HeapSortTest[193]" classname="labrat.IntSortsTest" time="0"/>
  <testcase name="HeapSortTest[194]" classname="labrat.IntSortsTest" time="0"/>
  <testcase name="HeapSortTest[195]" classname="labrat.IntSortsTest" time="0"/>
  <testcase name="HeapSortTest[196]" classname="labrat.IntSortsTest" time="0"/>
  <testcase name="HeapSortTest[197]" classname="labrat.IntSortsTest" time="0.001"/>
  <testcase name="HeapSortTest[198]" classname="labrat.IntSortsTest" time="0"/>
  <testcase name="HeapSortTest[199]" classname="labrat.IntSortsTest" time="0.001"/>
  <testcase name="HeapSortTest[200]" classname="labrat.IntSortsTest" time="0"/>
  <testcase name="HeapSortTest[201]" classname="labrat.IntSortsTest" time="0"/>
  <testcase name="HeapSortTest[202]" classname="labrat.IntSortsTest" time="0"/>
  <testcase name="HeapSortTest[203]" classname="labrat.IntSortsTest" time="0"/>
  <testcase name="HeapSortTest[204]" classname="labrat.IntSortsTest" time="0"/>
  <testcase name="HeapSortTest[205]" classname="labrat.IntSortsTest" time="0.001"/>
  <testcase name="HeapSortTest[206]" classname="labrat.IntSortsTest" time="0"/>
  <testcase name="HeapSortTest[207]" classname="labrat.IntSortsTest" time="0.001"/>
  <testcase name="HeapSortTest[208]" classname="labrat.IntSortsTest" time="0"/>
  <testcase name="HeapSortTest[209]" classname="labrat.IntSortsTest" time="0"/>
  <testcase name="HeapSortTest[210]" classname="labrat.IntSortsTest" time="0"/>
  <testcase name="HeapSortTest[211]" classname="labrat.IntSortsTest" time="0"/>
  <testcase name="HeapSortTest[212]" classname="labrat.IntSortsTest" time="0.001"/>
  <testcase name="HeapSortTest[213]" classname="labrat.IntSortsTest" time="0"/>
  <testcase name="HeapSortTest[214]" classname="labrat.IntSortsTest" time="0.001"/>
  <testcase name="HeapSortTest[215]" classname="labrat.IntSortsTest" time="0"/>
  <testcase name="HeapSortTest[216]" classname="labrat.IntSortsTest" time="0"/>
  <testcase name="HeapSortTest[217]" classname="labrat.IntSortsTest" time="0"/>
  <testcase name="HeapSortTest[218]" classname="labrat.IntSortsTest" time="0.001"/>
  <testcase name="HeapSortTest[219]" classname="labrat.IntSortsTest" time="0"/>
  <testcase name="HeapSortTest[220]" classname="labrat.IntSortsTest" time="0"/>
  <testcase name="HeapSortTest[221]" classname="labrat.IntSortsTest" time="0"/>
  <testcase name="HeapSortTest[222]" classname="labrat.IntSortsTest" time="0"/>
  <testcase name="HeapSortTest[223]" classname="labrat.IntSortsTest" time="0"/>
  <testcase name="HeapSortTest[224]" classname="labrat.IntSortsTest" time="0"/>
  <testcase name="HeapSortTest[225]" classname="labrat.IntSortsTest" time="0"/>
  <testcase name="HeapSortTest[226]" classname="labrat.IntSortsTest" time="0"/>
  <testcase name="HeapSortTest[227]" classname="labrat.IntSortsTest" time="0"/>
  <testcase name="HeapSortTest[228]" classname="labrat.IntSortsTest" time="0"/>
  <testcase name="HeapSortTest[229]" classname="labrat.IntSortsTest" time="0.001"/>
  <testcase name="HeapSortTest[230]" classname="labrat.IntSortsTest" time="0"/>
  <testcase name="HeapSortTest[231]" classname="labrat.IntSortsTest" time="0"/>
  <testcase name="HeapSortTest[232]" classname="labrat.IntSortsTest" time="0"/>
  <testcase name="HeapSortTest[233]" classname="labrat.IntSortsTest" time="0"/>
  <testcase name="HeapSortTest[234]" classname="labrat.IntSortsTest" time="0"/>
  <testcase name="HeapSortTest[235]" classname="labrat.IntSortsTest" time="0"/>
  <testcase name="HeapSortTest[236]" classname="labrat.IntSortsTest" time="0"/>
  <testcase name="HeapSortTest[237]" classname="labrat.IntSortsTest" time="0.001"/>
  <testcase name="HeapSortTest[238]" classname="labrat.IntSortsTest" time="0"/>
  <testcase name="HeapSortTest[239]" classname="labrat.IntSortsTest" time="0"/>
  <testcase name="HeapSortTest[240]" classname="labrat.IntSortsTest" time="0"/>
  <testcase name="HeapSortTest[241]" classname="labrat.IntSortsTest" time="0"/>
  <testcase name="HeapSortTest[242]" classname="labrat.IntSortsTest" time="0"/>
  <testcase name="HeapSortTest[243]" classname="labrat.IntSortsTest" time="0"/>
  <testcase name="HeapSortTest[244]" classname="labrat.IntSortsTest" time="0.001"/>
  <testcase name="HeapSortTest[245]" classname="labrat.IntSortsTest" time="0"/>
  <testcase name="HeapSortTest[246]" classname="labrat.IntSortsTest" time="0.001"/>
  <testcase name="HeapSortTest[247]" classname="labrat.IntSortsTest" time="0"/>
  <testcase name="HeapSortTest[248]" classname="labrat.IntSortsTest" time="0.001"/>
  <testcase name="HeapSortTest[249]" classname="labrat.IntSortsTest" time="0"/>
  <testcase name="HeapSortTest[250]" classname="labrat.IntSortsTest" time="0"/>
  <testcase name="HeapSortTest[251]" classname="labrat.IntSortsTest" time="0"/>
  <testcase name="HeapSortTest[252]" classname="labrat.IntSortsTest" time="0"/>
  <testcase name="HeapSortTest[253]" classname="labrat.IntSortsTest" time="0.001"/>
  <testcase name="HeapSortTest[254]" classname="labrat.IntSortsTest" time="0"/>
  <testcase name="HeapSortTest[255]" classname="labrat.IntSortsTest" time="0.001"/>
  <testcase name="HeapSortTest[256]" classname="labrat.IntSortsTest" time="0"/>
  <testcase name="HeapSortTest[257]" classname="labrat.IntSortsTest" time="0.001"/>
  <testcase name="HeapSortTest[258]" classname="labrat.IntSortsTest" time="0"/>
  <testcase name="HeapSortTest[259]" classname="labrat.IntSortsTest" time="0"/>
  <testcase name="HeapSortTest[260]" classname="labrat.IntSortsTest" time="0"/>
  <testcase name="HeapSortTest[261]" classname="labrat.IntSortsTest" time="0"/>
  <testcase name="HeapSortTest[262]" classname="labrat.IntSortsTest" time="0.001"/>
  <testcase name="HeapSortTest[263]" classname="labrat.IntSortsTest" time="0"/>
  <testcase name="HeapSortTest[264]" classname="labrat.IntSortsTest" time="0.001"/>
  <testcase name="HeapSortTest[265]" classname="labrat.IntSortsTest" time="0"/>
  <testcase name="HeapSortTest[266]" classname="labrat.IntSortsTest" time="0"/>
  <testcase name="HeapSortTest[267]" classname="labrat.IntSortsTest" time="0"/>
  <testcase name="HeapSortTest[268]" classname="labrat.IntSortsTest" time="0"/>
  <testcase name="HeapSortTest[269]" classname="labrat.IntSortsTest" time="0"/>
  <testcase name="HeapSortTest[270]" classname="labrat.IntSortsTest" time="0"/>
  <testcase name="HeapSortTest[271]" classname="labrat.IntSortsTest" time="0"/>
  <testcase name="HeapSortTest[272]" classname="labrat.IntSortsTest" time="0"/>
  <testcase name="HeapSortTest[273]" classname="labrat.IntSortsTest" time="0"/>
  <testcase name="HeapSortTest[274]" classname="labrat.IntSortsTest" time="0"/>
  <testcase name="HeapSortTest[275]" classname="labrat.IntSortsTest" time="0"/>
  <testcase name="HeapSortTest[276]" classname="labrat.IntSortsTest" time="0"/>
  <testcase name="HeapSortTest[277]" classname="labrat.IntSortsTest" time="0.001"/>
  <testcase name="HeapSortTest[278]" classname="labrat.IntSortsTest" time="0"/>
  <testcase name="HeapSortTest[279]" classname="labrat.IntSortsTest" time="0"/>
  <testcase name="HeapSortTest[280]" classname="labrat.IntSortsTest" time="0.001"/>
  <testcase name="HeapSortTest[281]" classname="labrat.IntSortsTest" time="0"/>
  <testcase name="HeapSortTest[282]" classname="labrat.IntSortsTest" time="0"/>
  <testcase name="HeapSortTest[283]" classname="labrat.IntSortsTest" time="0.001"/>
  <testcase name="HeapSortTest[284]" classname="labrat.IntSortsTest" time="0"/>
  <testcase name="HeapSortTest[285]" classname="labrat.IntSortsTest" time="0"/>
  <testcase name="HeapSortTest[286]" classname="labrat.IntSortsTest" time="0"/>
  <testcase name="HeapSortTest[287]" classname="labrat.IntSortsTest" time="0"/>
  <testcase name="HeapSortTest[288]" classname="labrat.IntSortsTest" time="0.001"/>
  <testcase name="HeapSortTest[289]" classname="labrat.IntSortsTest" time="0"/>
  <testcase name="HeapSortTest[290]" classname="labrat.IntSortsTest" time="0"/>
  <testcase name="HeapSortTest[291]" classname="labrat.IntSortsTest" time="0"/>
  <testcase name="HeapSortTest[292]" classname="labrat.IntSortsTest" time="0"/>
  <testcase name="HeapSortTest[293]" classname="labrat.IntSortsTest" time="0"/>
  <testcase name="HeapSortTest[294]" classname="labrat.IntSortsTest" time="0"/>
  <testcase name="HeapSortTest[295]" classname="labrat.IntSortsTest" time="0"/>
  <testcase name="HeapSortTest[296]" classname="labrat.IntSortsTest" time="0.001"/>
  <testcase name="HeapSortTest[297]" classname="labrat.IntSortsTest" time="0"/>
  <testcase name="HeapSortTest[298]" classname="labrat.IntSortsTest" time="0.001"/>
  <testcase name="HeapSortTest[299]" classname="labrat.IntSortsTest" time="0"/>
  <testcase name="HeapSortTest[300]" classname="labrat.IntSortsTest" time="0.001"/>
  <testcase name="HeapSortTest[301]" classname="labrat.IntSortsTest" time="0"/>
  <testcase name="HeapSortTest[302]" classname="labrat.IntSortsTest" time="0.001"/>
  <testcase name="HeapSortTest[303]" classname="labrat.IntSortsTest" time="0"/>
  <testcase name="HeapSortTest[304]" classname="labrat.IntSortsTest" time="0"/>
  <testcase name="HeapSortTest[305]" classname="labrat.IntSortsTest" time="0"/>
  <testcase name="HeapSortTest[306]" classname="labrat.IntSortsTest" time="0.001"/>
  <testcase name="HeapSortTest[307]" classname="labrat.IntSortsTest" time="0"/>
  <testcase name="HeapSortTest[308]" classname="labrat.IntSortsTest" time="0.001"/>
  <testcase name="HeapSortTest[309]" classname="labrat.IntSortsTest" time="0"/>
  <testcase name="HeapSortTest[310]" classname="labrat.IntSortsTest" time="0"/>
  <testcase name="HeapSortTest[311]" classname="labrat.IntSortsTest" time="0"/>
  <testcase name="HeapSortTest[312]" classname="labrat.IntSortsTest" time="0.001"/>
  <testcase name="HeapSortTest[313]" classname="labrat.IntSortsTest" time="0"/>
  <testcase name="HeapSortTest[314]" classname="labrat.IntSortsTest" time="0"/>
  <testcase name="HeapSortTest[315]" classname="labrat.IntSortsTest" time="0"/>
  <testcase name="HeapSortTest[316]" classname="labrat.IntSortsTest" time="0"/>
  <testcase name="HeapSortTest[317]" classname="labrat.IntSortsTest" time="0"/>
  <testcase name="HeapSortTest[318]" classname="labrat.IntSortsTest" time="0.001"/>
  <testcase name="HeapSortTest[319]" classname="labrat.IntSortsTest" time="0"/>
  <testcase name="HeapSortTest[320]" classname="labrat.IntSortsTest" time="0"/>
  <testcase name="HeapSortTest[321]" classname="labrat.IntSortsTest" time="0"/>
  <testcase name="HeapSortTest[322]" classname="labrat.IntSortsTest" time="0"/>
  <testcase name="HeapSortTest[323]" classname="labrat.IntSortsTest" time="0"/>
  <testcase name="HeapSortTest[324]" classname="labrat.IntSortsTest" time="0.001"/>
  <testcase name="HeapSortTest[325]" classname="labrat.IntSortsTest" time="0"/>
  <testcase name="HeapSortTest[326]" classname="labrat.IntSortsTest" time="0"/>
  <testcase name="HeapSortTest[327]" classname="labrat.IntSortsTest" time="0"/>
  <testcase name="HeapSortTest[328]" classname="labrat.IntSortsTest" time="0.001"/>
  <testcase name="HeapSortTest[329]" classname="labrat.IntSortsTest" time="0"/>
  <testcase name="HeapSortTest[330]" classname="labrat.IntSortsTest" time="0"/>
  <testcase name="HeapSortTest[331]" classname="labrat.IntSortsTest" time="0"/>
  <testcase name="HeapSortTest[332]" classname="labrat.IntSortsTest" time="0"/>
  <testcase name="HeapSortTest[333]" classname="labrat.IntSortsTest" time="0"/>
  <testcase name="HeapSortTest[334]" classname="labrat.IntSortsTest" time="0"/>
  <testcase name="HeapSortTest[335]" classname="labrat.IntSortsTest" time="0"/>
  <testcase name="HeapSortTest[336]" classname="labrat.IntSortsTest" time="0"/>
  <testcase name="HeapSortTest[337]" classname="labrat.IntSortsTest" time="0"/>
  <testcase name="HeapSortTest[338]" classname="labrat.IntSortsTest" time="0"/>
  <testcase name="HeapSortTest[339]" classname="labrat.IntSortsTest" time="0.001"/>
  <testcase name="HeapSortTest[340]" classname="labrat.IntSortsTest" time="0"/>
  <testcase name="HeapSortTest[341]" classname="labrat.IntSortsTest" time="0"/>
  <testcase name="HeapSortTest[342]" classname="labrat.IntSortsTest" time="0"/>
  <testcase name="HeapSortTest[343]" classname="labrat.IntSortsTest" time="0"/>
  <testcase name="HeapSortTest[344]" classname="labrat.IntSortsTest" time="0"/>
  <testcase name="HeapSortTest[345]" classname="labrat.IntSortsTest" time="0"/>
  <testcase name="HeapSortTest[346]" classname="labrat.IntSortsTest" time="0"/>
  <testcase name="HeapSortTest[347]" classname="labrat.IntSortsTest" time="0"/>
  <testcase name="HeapSortTest[348]" classname="labrat.IntSortsTest" time="0.001"/>
  <testcase name="HeapSortTest[349]" classname="labrat.IntSortsTest" time="0"/>
  <testcase name="HeapSortTest[350]" classname="labrat.IntSortsTest" time="0"/>
  <testcase name="HeapSortTest[351]" classname="labrat.IntSortsTest" time="0"/>
  <testcase name="HeapSortTest[352]" classname="labrat.IntSortsTest" time="0"/>
  <testcase name="HeapSortTest[353]" classname="labrat.IntSortsTest" time="0.001"/>
  <testcase name="HeapSortTest[354]" classname="labrat.IntSortsTest" time="0"/>
  <testcase name="HeapSortTest[355]" classname="labrat.IntSortsTest" time="0.001"/>
  <testcase name="HeapSortTest[356]" classname="labrat.IntSortsTest" time="0"/>
  <testcase name="HeapSortTest[357]" classname="labrat.IntSortsTest" time="0"/>
  <testcase name="HeapSortTest[358]" classname="labrat.IntSortsTest" time="0"/>
  <testcase name="HeapSortTest[359]" classname="labrat.IntSortsTest" time="0"/>
  <testcase name="HeapSortTest[360]" classname="labrat.IntSortsTest" time="0.001"/>
  <testcase name="HeapSortTest[361]" classname="labrat.IntSortsTest" time="0"/>
  <testcase name="HeapSortTest[362]" classname="labrat.IntSortsTest" time="0"/>
  <testcase name="HeapSortTest[363]" classname="labrat.IntSortsTest" time="0"/>
  <testcase name="HeapSortTest[364]" classname="labrat.IntSortsTest" time="0"/>
  <testcase name="HeapSortTest[365]" classname="labrat.IntSortsTest" time="0.001"/>
  <testcase name="HeapSortTest[366]" classname="labrat.IntSortsTest" time="0"/>
  <testcase name="HeapSortTest[367]" classname="labrat.IntSortsTest" time="0"/>
  <testcase name="HeapSortTest[368]" classname="labrat.IntSortsTest" time="0"/>
  <testcase name="HeapSortTest[369]" classname="labrat.IntSortsTest" time="0"/>
  <testcase name="HeapSortTest[370]" classname="labrat.IntSortsTest" time="0.001"/>
  <testcase name="HeapSortTest[371]" classname="labrat.IntSortsTest" time="0"/>
  <testcase name="HeapSortTest[372]" classname="labrat.IntSortsTest" time="0"/>
  <testcase name="HeapSortTest[373]" classname="labrat.IntSortsTest" time="0.001"/>
  <testcase name="HeapSortTest[374]" classname="labrat.IntSortsTest" time="0"/>
  <testcase name="HeapSortTest[375]" classname="labrat.IntSortsTest" time="0"/>
  <testcase name="HeapSortTest[376]" classname="labrat.IntSortsTest" time="0"/>
  <testcase name="HeapSortTest[377]" classname="labrat.IntSortsTest" time="0"/>
  <testcase name="HeapSortTest[378]" classname="labrat.IntSortsTest" time="0.001"/>
  <testcase name="HeapSortTest[379]" classname="labrat.IntSortsTest" time="0"/>
  <testcase name="HeapSortTest[380]" classname="labrat.IntSortsTest" time="0"/>
  <testcase name="HeapSortTest[381]" classname="labrat.IntSortsTest" time="0.001"/>
  <testcase name="HeapSortTest[382]" classname="labrat.IntSortsTest" time="0"/>
  <testcase name="HeapSortTest[383]" classname="labrat.IntSortsTest" time="0"/>
  <testcase name="HeapSortTest[384]" classname="labrat.IntSortsTest" time="0"/>
  <testcase name="HeapSortTest[385]" classname="labrat.IntSortsTest" time="0"/>
  <testcase name="HeapSortTest[386]" classname="labrat.IntSortsTest" time="0.001"/>
  <testcase name="HeapSortTest[387]" classname="labrat.IntSortsTest" time="0"/>
  <testcase name="HeapSortTest[388]" classname="labrat.IntSortsTest" time="0"/>
  <testcase name="HeapSortTest[389]" classname="labrat.IntSortsTest" time="0.001"/>
  <testcase name="HeapSortTest[390]" classname="labrat.IntSortsTest" time="0"/>
  <testcase name="HeapSortTest[391]" classname="labrat.IntSortsTest" time="0.001"/>
  <testcase name="HeapSortTest[392]" classname="labrat.IntSortsTest" time="0"/>
  <testcase name="HeapSortTest[393]" classname="labrat.IntSortsTest" time="0"/>
  <testcase name="HeapSortTest[394]" classname="labrat.IntSortsTest" time="0"/>
  <testcase name="HeapSortTest[395]" classname="labrat.IntSortsTest" time="0"/>
  <testcase name="HeapSortTest[396]" classname="labrat.IntSortsTest" time="0.001"/>
  <testcase name="HeapSortTest[397]" classname="labrat.IntSortsTest" time="0"/>
  <testcase name="HeapSortTest[398]" classname="labrat.IntSortsTest" time="0"/>
  <testcase name="HeapSortTest[399]" classname="labrat.IntSortsTest" time="0"/>
  <testcase name="HeapSortTest[400]" classname="labrat.IntSortsTest" time="0"/>
  <testcase name="HeapSortTest[401]" classname="labrat.IntSortsTest" time="0.001"/>
  <testcase name="HeapSortTest[402]" classname="labrat.IntSortsTest" time="0"/>
  <testcase name="HeapSortTest[403]" classname="labrat.IntSortsTest" time="0"/>
  <testcase name="HeapSortTest[404]" classname="labrat.IntSortsTest" time="0"/>
  <testcase name="HeapSortTest[405]" classname="labrat.IntSortsTest" time="0"/>
  <testcase name="HeapSortTest[406]" classname="labrat.IntSortsTest" time="0"/>
  <testcase name="HeapSortTest[407]" classname="labrat.IntSortsTest" time="0"/>
  <testcase name="HeapSortTest[408]" classname="labrat.IntSortsTest" time="0"/>
  <testcase name="HeapSortTest[409]" classname="labrat.IntSortsTest" time="0"/>
  <testcase name="HeapSortTest[410]" classname="labrat.IntSortsTest" time="0"/>
  <testcase name="HeapSortTest[411]" classname="labrat.IntSortsTest" time="0"/>
  <testcase name="HeapSortTest[412]" classname="labrat.IntSortsTest" time="0.001"/>
  <testcase name="HeapSortTest[413]" classname="labrat.IntSortsTest" time="0"/>
  <testcase name="HeapSortTest[414]" classname="labrat.IntSortsTest" time="0"/>
  <testcase name="HeapSortTest[415]" classname="labrat.IntSortsTest" time="0.001"/>
  <testcase name="HeapSortTest[416]" classname="labrat.IntSortsTest" time="0"/>
  <testcase name="HeapSortTest[417]" classname="labrat.IntSortsTest" time="0"/>
  <testcase name="HeapSortTest[418]" classname="labrat.IntSortsTest" time="0.001"/>
  <testcase name="HeapSortTest[419]" classname="labrat.IntSortsTest" time="0"/>
  <testcase name="HeapSortTest[420]" classname="labrat.IntSortsTest" time="0"/>
  <testcase name="HeapSortTest[421]" classname="labrat.IntSortsTest" time="0"/>
  <testcase name="HeapSortTest[422]" classname="labrat.IntSortsTest" time="0"/>
  <testcase name="HeapSortTest[423]" classname="labrat.IntSortsTest" time="0"/>
  <testcase name="HeapSortTest[424]" classname="labrat.IntSortsTest" time="0"/>
  <testcase name="HeapSortTest[425]" classname="labrat.IntSortsTest" time="0"/>
  <testcase name="HeapSortTest[426]" classname="labrat.IntSortsTest" time="0"/>
  <testcase name="HeapSortTest[427]" classname="labrat.IntSortsTest" time="0"/>
  <testcase name="HeapSortTest[428]" classname="labrat.IntSortsTest" time="0"/>
  <testcase name="HeapSortTest[429]" classname="labrat.IntSortsTest" time="0.001"/>
  <testcase name="HeapSortTest[430]" classname="labrat.IntSortsTest" time="0"/>
  <testcase name="HeapSortTest[431]" classname="labrat.IntSortsTest" time="0"/>
  <testcase name="HeapSortTest[432]" classname="labrat.IntSortsTest" time="0.001"/>
  <testcase name="HeapSortTest[433]" classname="labrat.IntSortsTest" time="0"/>
  <testcase name="HeapSortTest[434]" classname="labrat.IntSortsTest" time="0"/>
  <testcase name="HeapSortTest[435]" classname="labrat.IntSortsTest" time="0.001"/>
  <testcase name="HeapSortTest[436]" classname="labrat.IntSortsTest" time="0"/>
  <testcase name="HeapSortTest[437]" classname="labrat.IntSortsTest" time="0"/>
  <testcase name="HeapSortTest[438]" classname="labrat.IntSortsTest" time="0.001"/>
  <testcase name="HeapSortTest[439]" classname="labrat.IntSortsTest" time="0"/>
  <testcase name="HeapSortTest[440]" classname="labrat.IntSortsTest" time="0"/>
  <testcase name="HeapSortTest[441]" classname="labrat.IntSortsTest" time="0"/>
  <testcase name="HeapSortTest[442]" classname="labrat.IntSortsTest" time="0"/>
  <testcase name="HeapSortTest[443]" classname="labrat.IntSortsTest" time="0.001"/>
  <testcase name="HeapSortTest[444]" classname="labrat.IntSortsTest" time="0"/>
  <testcase name="HeapSortTest[445]" classname="labrat.IntSortsTest" time="0"/>
  <testcase name="HeapSortTest[446]" classname="labrat.IntSortsTest" time="0.001"/>
  <testcase name="HeapSortTest[447]" classname="labrat.IntSortsTest" time="0"/>
  <testcase name="HeapSortTest[448]" classname="labrat.IntSortsTest" time="0"/>
  <testcase name="HeapSortTest[449]" classname="labrat.IntSortsTest" time="0.001"/>
  <testcase name="HeapSortTest[450]" classname="labrat.IntSortsTest" time="0"/>
  <testcase name="HeapSortTest[451]" classname="labrat.IntSortsTest" time="0"/>
  <testcase name="HeapSortTest[452]" classname="labrat.IntSortsTest" time="0"/>
  <testcase name="HeapSortTest[453]" classname="labrat.IntSortsTest" time="0"/>
  <testcase name="HeapSortTest[454]" classname="labrat.IntSortsTest" time="0"/>
  <testcase name="HeapSortTest[455]" classname="labrat.IntSortsTest" time="0"/>
  <testcase name="HeapSortTest[456]" classname="labrat.IntSortsTest" time="0"/>
  <testcase name="HeapSortTest[457]" classname="labrat.IntSortsTest" time="0"/>
  <testcase name="HeapSortTest[458]" classname="labrat.IntSortsTest" time="0"/>
  <testcase name="HeapSortTest[459]" classname="labrat.IntSortsTest" time="0"/>
  <testcase name="HeapSortTest[460]" classname="labrat.IntSortsTest" time="0"/>
  <testcase name="HeapSortTest[461]" classname="labrat.IntSortsTest" time="0"/>
  <testcase name="HeapSortTest[462]" classname="labrat.IntSortsTest" time="0"/>
  <testcase name="HeapSortTest[463]" classname="labrat.IntSortsTest" time="0"/>
  <testcase name="HeapSortTest[464]" classname="labrat.IntSortsTest" time="0"/>
  <testcase name="HeapSortTest[465]" classname="labrat.IntSortsTest" time="0"/>
  <testcase name="HeapSortTest[466]" classname="labrat.IntSortsTest" time="0.001"/>
  <testcase name="HeapSortTest[467]" classname="labrat.IntSortsTest" time="0"/>
  <testcase name="HeapSortTest[468]" classname="labrat.IntSortsTest" time="0"/>
  <testcase name="HeapSortTest[469]" classname="labrat.IntSortsTest" time="0.001"/>
  <testcase name="HeapSortTest[470]" classname="labrat.IntSortsTest" time="0"/>
  <testcase name="HeapSortTest[471]" classname="labrat.IntSortsTest" time="0"/>
  <testcase name="HeapSortTest[472]" classname="labrat.IntSortsTest" time="0.001"/>
  <testcase name="HeapSortTest[473]" classname="labrat.IntSortsTest" time="0"/>
  <testcase name="HeapSortTest[474]" classname="labrat.IntSortsTest" time="0"/>
  <testcase name="HeapSortTest[475]" classname="labrat.IntSortsTest" time="0.001"/>
  <testcase name="HeapSortTest[476]" classname="labrat.IntSortsTest" time="0"/>
  <testcase name="HeapSortTest[477]" classname="labrat.IntSortsTest" time="0"/>
  <testcase name="HeapSortTest[478]" classname="labrat.IntSortsTest" time="0"/>
  <testcase name="HeapSortTest[479]" classname="labrat.IntSortsTest" time="0"/>
  <testcase name="HeapSortTest[480]" classname="labrat.IntSortsTest" time="0"/>
  <testcase name="HeapSortTest[481]" classname="labrat.IntSortsTest" time="0"/>
  <testcase name="HeapSortTest[482]" classname="labrat.IntSortsTest" time="0"/>
  <testcase name="HeapSortTest[483]" classname="labrat.IntSortsTest" time="0"/>
  <testcase name="HeapSortTest[484]" classname="labrat.IntSortsTest" time="0"/>
  <testcase name="HeapSortTest[485]" classname="labrat.IntSortsTest" time="0"/>
  <testcase name="HeapSortTest[486]" classname="labrat.IntSortsTest" time="0.001"/>
  <testcase name="HeapSortTest[487]" classname="labrat.IntSortsTest" time="0"/>
  <testcase name="HeapSortTest[488]" classname="labrat.IntSortsTest" time="0"/>
  <testcase name="HeapSortTest[489]" classname="labrat.IntSortsTest" time="0.001"/>
  <testcase name="HeapSortTest[490]" classname="labrat.IntSortsTest" time="0"/>
  <testcase name="HeapSortTest[491]" classname="labrat.IntSortsTest" time="0"/>
  <testcase name="HeapSortTest[492]" classname="labrat.IntSortsTest" time="0.001"/>
  <testcase name="HeapSortTest[493]" classname="labrat.IntSortsTest" time="0"/>
  <testcase name="HeapSortTest[494]" classname="labrat.IntSortsTest" time="0"/>
  <testcase name="HeapSortTest[495]" classname="labrat.IntSortsTest" time="0"/>
  <testcase name="HeapSortTest[496]" classname="labrat.IntSortsTest" time="0"/>
  <testcase name="HeapSortTest[497]" classname="labrat.IntSortsTest" time="0"/>
  <testcase name="HeapSortTest[498]" classname="labrat.IntSortsTest" time="0"/>
  <testcase name="HeapSortTest[499]" classname="labrat.IntSortsTest" time="0"/>
  <testcase name="HeapSortTest[500]" classname="labrat.IntSortsTest" time="0"/>
  <testcase name="HeapSortTest[501]" classname="labrat.IntSortsTest" time="0"/>
  <testcase name="HeapSortTest[502]" classname="labrat.IntSortsTest" time="0"/>
  <testcase name="HeapSortTest[503]" classname="labrat.IntSortsTest" time="0"/>
  <testcase name="HeapSortTest[504]" classname="labrat.IntSortsTest" time="0"/>
  <testcase name="HeapSortTest[505]" classname="labrat.IntSortsTest" time="0"/>
  <testcase name="HeapSortTest[506]" classname="labrat.IntSortsTest" time="0"/>
  <testcase name="HeapSortTest[507]" classname="labrat.IntSortsTest" time="0"/>
  <testcase name="HeapSortTest[508]" classname="labrat.IntSortsTest" time="0"/>
  <testcase name="HeapSortTest[509]" classname="labrat.IntSortsTest" time="0"/>
  <testcase name="HeapSortTest[510]" classname="labrat.IntSortsTest" time="0"/>
  <testcase name="HeapSortTest[511]" classname="labrat.IntSortsTest" time="0"/>
  <testcase name="HeapSortTest[512]" classname="labrat.IntSortsTest" time="0.001"/>
  <testcase name="HeapSortTest[513]" classname="labrat.IntSortsTest" time="0"/>
  <testcase name="HeapSortTest[514]" classname="labrat.IntSortsTest" time="0"/>
  <testcase name="HeapSortTest[515]" classname="labrat.IntSortsTest" time="0.001"/>
  <testcase name="HeapSortTest[516]" classname="labrat.IntSortsTest" time="0"/>
  <testcase name="HeapSortTest[517]" classname="labrat.IntSortsTest" time="0"/>
  <testcase name="HeapSortTest[518]" classname="labrat.IntSortsTest" time="0.001"/>
  <testcase name="HeapSortTest[519]" classname="labrat.IntSortsTest" time="0"/>
  <testcase name="HeapSortTest[520]" classname="labrat.IntSortsTest" time="0"/>
  <testcase name="HeapSortTest[521]" classname="labrat.IntSortsTest" time="0.001"/>
  <testcase name="HeapSortTest[522]" classname="labrat.IntSortsTest" time="0"/>
  <testcase name="HeapSortTest[523]" classname="labrat.IntSortsTest" time="0"/>
  <testcase name="HeapSortTest[524]" classname="labrat.IntSortsTest" time="0.001"/>
  <testcase name="HeapSortTest[525]" classname="labrat.IntSortsTest" time="0"/>
  <testcase name="HeapSortTest[526]" classname="labrat.IntSortsTest" time="0"/>
  <testcase name="HeapSortTest[527]" classname="labrat.IntSortsTest" time="0.001"/>
  <testcase name="HeapSortTest[528]" classname="labrat.IntSortsTest" time="0"/>
  <testcase name="HeapSortTest[529]" classname="labrat.IntSortsTest" time="0"/>
  <testcase name="HeapSortTest[530]" classname="labrat.IntSortsTest" time="0"/>
  <testcase name="HeapSortTest[531]" classname="labrat.IntSortsTest" time="0.001"/>
  <testcase name="HeapSortTest[532]" classname="labrat.IntSortsTest" time="0"/>
  <testcase name="HeapSortTest[533]" classname="labrat.IntSortsTest" time="0"/>
  <testcase name="HeapSortTest[534]" classname="labrat.IntSortsTest" time="0.001"/>
  <testcase name="HeapSortTest[535]" classname="labrat.IntSortsTest" time="0"/>
  <testcase name="HeapSortTest[536]" classname="labrat.IntSortsTest" time="0"/>
  <testcase name="HeapSortTest[537]" classname="labrat.IntSortsTest" time="0"/>
  <testcase name="HeapSortTest[538]" classname="labrat.IntSortsTest" time="0"/>
  <testcase name="HeapSortTest[539]" classname="labrat.IntSortsTest" time="0.001"/>
  <testcase name="HeapSortTest[540]" classname="labrat.IntSortsTest" time="0"/>
  <testcase name="HeapSortTest[541]" classname="labrat.IntSortsTest" time="0"/>
  <testcase name="HeapSortTest[542]" classname="labrat.IntSortsTest" time="0.001"/>
  <testcase name="HeapSortTest[543]" classname="labrat.IntSortsTest" time="0"/>
  <testcase name="HeapSortTest[544]" classname="labrat.IntSortsTest" time="0"/>
  <testcase name="HeapSortTest[545]" classname="labrat.IntSortsTest" time="0"/>
  <testcase name="HeapSortTest[546]" classname="labrat.IntSortsTest" time="0"/>
  <testcase name="HeapSortTest[547]" classname="labrat.IntSortsTest" time="0.001"/>
  <testcase name="HeapSortTest[548]" classname="labrat.IntSortsTest" time="0"/>
  <testcase name="HeapSortTest[549]" classname="labrat.IntSortsTest" time="0"/>
  <testcase name="HeapSortTest[550]" classname="labrat.IntSortsTest" time="0"/>
  <testcase name="HeapSortTest[551]" classname="labrat.IntSortsTest" time="0"/>
  <testcase name="HeapSortTest[552]" classname="labrat.IntSortsTest" time="0"/>
  <testcase name="HeapSortTest[553]" classname="labrat.IntSortsTest" time="0"/>
  <testcase name="HeapSortTest[554]" classname="labrat.IntSortsTest" time="0"/>
  <testcase name="HeapSortTest[555]" classname="labrat.IntSortsTest" time="0.001"/>
  <testcase name="HeapSortTest[556]" classname="labrat.IntSortsTest" time="0"/>
  <testcase name="HeapSortTest[557]" classname="labrat.IntSortsTest" time="0"/>
  <testcase name="HeapSortTest[558]" classname="labrat.IntSortsTest" time="0.001"/>
  <testcase name="HeapSortTest[559]" classname="labrat.IntSortsTest" time="0"/>
  <testcase name="HeapSortTest[560]" classname="labrat.IntSortsTest" time="0"/>
  <testcase name="HeapSortTest[561]" classname="labrat.IntSortsTest" time="0.001"/>
  <testcase name="HeapSortTest[562]" classname="labrat.IntSortsTest" time="0"/>
  <testcase name="HeapSortTest[563]" classname="labrat.IntSortsTest" time="0"/>
  <testcase name="HeapSortTest[564]" classname="labrat.IntSortsTest" time="0.001"/>
  <testcase name="HeapSortTest[565]" classname="labrat.IntSortsTest" time="0"/>
  <testcase name="HeapSortTest[566]" classname="labrat.IntSortsTest" time="0"/>
  <testcase name="HeapSortTest[567]" classname="labrat.IntSortsTest" time="0.001"/>
  <testcase name="HeapSortTest[568]" classname="labrat.IntSortsTest" time="0"/>
  <testcase name="HeapSortTest[569]" classname="labrat.IntSortsTest" time="0"/>
  <testcase name="HeapSortTest[570]" classname="labrat.IntSortsTest" time="0.001"/>
  <testcase name="HeapSortTest[571]" classname="labrat.IntSortsTest" time="0"/>
  <testcase name="HeapSortTest[572]" classname="labrat.IntSortsTest" time="0"/>
  <testcase name="HeapSortTest[573]" classname="labrat.IntSortsTest" time="0.001"/>
  <testcase name="HeapSortTest[574]" classname="labrat.IntSortsTest" time="0"/>
  <testcase name="HeapSortTest[575]" classname="labrat.IntSortsTest" time="0"/>
  <testcase name="HeapSortTest[576]" classname="labrat.IntSortsTest" time="0.001"/>
  <testcase name="HeapSortTest[577]" classname="labrat.IntSortsTest" time="0"/>
  <testcase name="HeapSortTest[578]" classname="labrat.IntSortsTest" time="0"/>
  <testcase name="HeapSortTest[579]" classname="labrat.IntSortsTest" time="0.001"/>
  <testcase name="HeapSortTest[580]" classname="labrat.IntSortsTest" time="0"/>
  <testcase name="HeapSortTest[581]" classname="labrat.IntSortsTest" time="0"/>
  <testcase name="HeapSortTest[582]" classname="labrat.IntSortsTest" time="0"/>
  <testcase name="HeapSortTest[583]" classname="labrat.IntSortsTest" time="0"/>
  <testcase name="HeapSortTest[584]" classname="labrat.IntSortsTest" time="0"/>
  <testcase name="HeapSortTest[585]" classname="labrat.IntSortsTest" time="0"/>
  <testcase name="HeapSortTest[586]" classname="labrat.IntSortsTest" time="0"/>
  <testcase name="HeapSortTest[587]" classname="labrat.IntSortsTest" time="0"/>
  <testcase name="HeapSortTest[588]" classname="labrat.IntSortsTest" time="0"/>
  <testcase name="HeapSortTest[589]" classname="labrat.IntSortsTest" time="0"/>
  <testcase name="HeapSortTest[590]" classname="labrat.IntSortsTest" time="0"/>
  <testcase name="HeapSortTest[591]" classname="labrat.IntSortsTest" time="0"/>
  <testcase name="HeapSortTest[592]" classname="labrat.IntSortsTest" time="0"/>
  <testcase name="HeapSortTest[593]" classname="labrat.IntSortsTest" time="0"/>
  <testcase name="HeapSortTest[594]" classname="labrat.IntSortsTest" time="0"/>
  <testcase name="HeapSortTest[595]" classname="labrat.IntSortsTest" time="0"/>
  <testcase name="HeapSortTest[596]" classname="labrat.IntSortsTest" time="0"/>
  <testcase name="HeapSortTest[597]" classname="labrat.IntSortsTest" time="0"/>
  <testcase name="HeapSortTest[598]" classname="labrat.IntSortsTest" time="0"/>
  <testcase name="HeapSortTest[599]" classname="labrat.IntSortsTest" time="0"/>
  <testcase name="HeapSortTest[600]" classname="labrat.IntSortsTest" time="0"/>
  <testcase name="HeapSortTest[601]" classname="labrat.IntSortsTest" time="0"/>
  <testcase name="HeapSortTest[602]" classname="labrat.IntSortsTest" time="0.001"/>
  <testcase name="HeapSortTest[603]" classname="labrat.IntSortsTest" time="0"/>
  <testcase name="HeapSortTest[604]" classname="labrat.IntSortsTest" time="0"/>
  <testcase name="HeapSortTest[605]" classname="labrat.IntSortsTest" time="0.001"/>
  <testcase name="HeapSortTest[606]" classname="labrat.IntSortsTest" time="0"/>
  <testcase name="HeapSortTest[607]" classname="labrat.IntSortsTest" time="0"/>
  <testcase name="HeapSortTest[608]" classname="labrat.IntSortsTest" time="0.001"/>
  <testcase name="HeapSortTest[609]" classname="labrat.IntSortsTest" time="0"/>
  <testcase name="HeapSortTest[610]" classname="labrat.IntSortsTest" time="0"/>
  <testcase name="HeapSortTest[611]" classname="labrat.IntSortsTest" time="0.001"/>
  <testcase name="HeapSortTest[612]" classname="labrat.IntSortsTest" time="0"/>
  <testcase name="HeapSortTest[613]" classname="labrat.IntSortsTest" time="0"/>
  <testcase name="HeapSortTest[614]" classname="labrat.IntSortsTest" time="0"/>
  <testcase name="HeapSortTest[615]" classname="labrat.IntSortsTest" time="0"/>
  <testcase name="HeapSortTest[616]" classname="labrat.IntSortsTest" time="0"/>
  <testcase name="HeapSortTest[617]" classname="labrat.IntSortsTest" time="0"/>
  <testcase name="HeapSortTest[618]" classname="labrat.IntSortsTest" time="0"/>
  <testcase name="HeapSortTest[619]" classname="labrat.IntSortsTest" time="0.001"/>
  <testcase name="HeapSortTest[620]" classname="labrat.IntSortsTest" time="0"/>
  <testcase name="HeapSortTest[621]" classname="labrat.IntSortsTest" time="0"/>
  <testcase name="HeapSortTest[622]" classname="labrat.IntSortsTest" time="0.001"/>
  <testcase name="HeapSortTest[623]" classname="labrat.IntSortsTest" time="0"/>
  <testcase name="HeapSortTest[624]" classname="labrat.IntSortsTest" time="0"/>
  <testcase name="HeapSortTest[625]" classname="labrat.IntSortsTest" time="0.001"/>
  <testcase name="HeapSortTest[626]" classname="labrat.IntSortsTest" time="0"/>
  <testcase name="HeapSortTest[627]" classname="labrat.IntSortsTest" time="0"/>
  <testcase name="HeapSortTest[628]" classname="labrat.IntSortsTest" time="0.001"/>
  <testcase name="HeapSortTest[629]" classname="labrat.IntSortsTest" time="0"/>
  <testcase name="HeapSortTest[630]" classname="labrat.IntSortsTest" time="0"/>
  <testcase name="HeapSortTest[631]" classname="labrat.IntSortsTest" time="0"/>
  <testcase name="HeapSortTest[632]" classname="labrat.IntSortsTest" time="0.001"/>
  <testcase name="HeapSortTest[633]" classname="labrat.IntSortsTest" time="0"/>
  <testcase name="HeapSortTest[634]" classname="labrat.IntSortsTest" time="0"/>
  <testcase name="HeapSortTest[635]" classname="labrat.IntSortsTest" time="0"/>
  <testcase name="HeapSortTest[636]" classname="labrat.IntSortsTest" time="0"/>
  <testcase name="HeapSortTest[637]" classname="labrat.IntSortsTest" time="0"/>
  <testcase name="HeapSortTest[638]" classname="labrat.IntSortsTest" time="0"/>
  <testcase name="HeapSortTest[639]" classname="labrat.IntSortsTest" time="0"/>
  <testcase name="HeapSortTest[640]" classname="labrat.IntSortsTest" time="0"/>
  <testcase name="HeapSortTest[641]" classname="labrat.IntSortsTest" time="0"/>
  <testcase name="HeapSortTest[642]" classname="labrat.IntSortsTest" time="0"/>
  <testcase name="HeapSortTest[643]" classname="labrat.IntSortsTest" time="0.001"/>
  <testcase name="HeapSortTest[644]" classname="labrat.IntSortsTest" time="0"/>
  <testcase name="HeapSortTest[645]" classname="labrat.IntSortsTest" time="0"/>
  <testcase name="HeapSortTest[646]" classname="labrat.IntSortsTest" time="0"/>
  <testcase name="HeapSortTest[647]" classname="labrat.IntSortsTest" time="0.001"/>
  <testcase name="HeapSortTest[648]" classname="labrat.IntSortsTest" time="0"/>
  <testcase name="HeapSortTest[649]" classname="labrat.IntSortsTest" time="0"/>
  <testcase name="HeapSortTest[650]" classname="labrat.IntSortsTest" time="0"/>
  <testcase name="HeapSortTest[651]" classname="labrat.IntSortsTest" time="0.001"/>
  <testcase name="HeapSortTest[652]" classname="labrat.IntSortsTest" time="0"/>
  <testcase name="HeapSortTest[653]" classname="labrat.IntSortsTest" time="0"/>
  <testcase name="HeapSortTest[654]" classname="labrat.IntSortsTest" time="0"/>
  <testcase name="HeapSortTest[655]" classname="labrat.IntSortsTest" time="0"/>
  <testcase name="HeapSortTest[656]" classname="labrat.IntSortsTest" time="0"/>
  <testcase name="HeapSortTest[657]" classname="labrat.IntSortsTest" time="0"/>
  <testcase name="HeapSortTest[658]" classname="labrat.IntSortsTest" time="0"/>
  <testcase name="HeapSortTest[659]" classname="labrat.IntSortsTest" time="0"/>
  <testcase name="HeapSortTest[660]" classname="labrat.IntSortsTest" time="0"/>
  <testcase name="HeapSortTest[661]" classname="labrat.IntSortsTest" time="0"/>
  <testcase name="HeapSortTest[662]" classname="labrat.IntSortsTest" time="0"/>
  <testcase name="HeapSortTest[663]" classname="labrat.IntSortsTest" time="0"/>
  <testcase name="HeapSortTest[664]" classname="labrat.IntSortsTest" time="0"/>
  <testcase name="HeapSortTest[665]" classname="labrat.IntSortsTest" time="0"/>
  <testcase name="HeapSortTest[666]" classname="labrat.IntSortsTest" time="0.001"/>
  <testcase name="HeapSortTest[667]" classname="labrat.IntSortsTest" time="0"/>
  <testcase name="HeapSortTest[668]" classname="labrat.IntSortsTest" time="0"/>
  <testcase name="HeapSortTest[669]" classname="labrat.IntSortsTest" time="0"/>
  <testcase name="HeapSortTest[670]" classname="labrat.IntSortsTest" time="0.001"/>
  <testcase name="HeapSortTest[671]" classname="labrat.IntSortsTest" time="0"/>
  <testcase name="HeapSortTest[672]" classname="labrat.IntSortsTest" time="0"/>
  <testcase name="HeapSortTest[673]" classname="labrat.IntSortsTest" time="0"/>
  <testcase name="HeapSortTest[674]" classname="labrat.IntSortsTest" time="0"/>
  <testcase name="HeapSortTest[675]" classname="labrat.IntSortsTest" time="0"/>
  <testcase name="HeapSortTest[676]" classname="labrat.IntSortsTest" time="0"/>
  <testcase name="HeapSortTest[677]" classname="labrat.IntSortsTest" time="0"/>
  <testcase name="HeapSortTest[678]" classname="labrat.IntSortsTest" time="0"/>
  <testcase name="HeapSortTest[679]" classname="labrat.IntSortsTest" time="0"/>
  <testcase name="HeapSortTest[680]" classname="labrat.IntSortsTest" time="0"/>
  <testcase name="HeapSortTest[681]" classname="labrat.IntSortsTest" time="0.001"/>
  <testcase name="HeapSortTest[682]" classname="labrat.IntSortsTest" time="0"/>
  <testcase name="HeapSortTest[683]" classname="labrat.IntSortsTest" time="0"/>
  <testcase name="HeapSortTest[684]" classname="labrat.IntSortsTest" time="0"/>
  <testcase name="HeapSortTest[685]" classname="labrat.IntSortsTest" time="0.001"/>
  <testcase name="HeapSortTest[686]" classname="labrat.IntSortsTest" time="0"/>
  <testcase name="HeapSortTest[687]" classname="labrat.IntSortsTest" time="0"/>
  <testcase name="HeapSortTest[688]" classname="labrat.IntSortsTest" time="0"/>
  <testcase name="HeapSortTest[689]" classname="labrat.IntSortsTest" time="0.001"/>
  <testcase name="HeapSortTest[690]" classname="labrat.IntSortsTest" time="0"/>
  <testcase name="HeapSortTest[691]" classname="labrat.IntSortsTest" time="0"/>
  <testcase name="HeapSortTest[692]" classname="labrat.IntSortsTest" time="0"/>
  <testcase name="HeapSortTest[693]" classname="labrat.IntSortsTest" time="0.001"/>
  <testcase name="HeapSortTest[694]" classname="labrat.IntSortsTest" time="0"/>
  <testcase name="HeapSortTest[695]" classname="labrat.IntSortsTest" time="0"/>
  <testcase name="HeapSortTest[696]" classname="labrat.IntSortsTest" time="0"/>
  <testcase name="HeapSortTest[697]" classname="labrat.IntSortsTest" time="0"/>
  <testcase name="HeapSortTest[698]" classname="labrat.IntSortsTest" time="0"/>
  <testcase name="HeapSortTest[699]" classname="labrat.IntSortsTest" time="0"/>
  <testcase name="HeapSortTest[700]" classname="labrat.IntSortsTest" time="0"/>
  <testcase name="HeapSortTest[701]" classname="labrat.IntSortsTest" time="0"/>
  <testcase name="HeapSortTest[702]" classname="labrat.IntSortsTest" time="0"/>
  <testcase name="HeapSortTest[703]" classname="labrat.IntSortsTest" time="0"/>
  <testcase name="HeapSortTest[704]" classname="labrat.IntSortsTest" time="0"/>
  <testcase name="HeapSortTest[705]" classname="labrat.IntSortsTest" time="0"/>
  <testcase name="HeapSortTest[706]" classname="labrat.IntSortsTest" time="0"/>
  <testcase name="HeapSortTest[707]" classname="labrat.IntSortsTest" time="0"/>
  <testcase name="HeapSortTest[708]" classname="labrat.IntSortsTest" time="0"/>
  <testcase name="HeapSortTest[709]" classname="labrat.IntSortsTest" time="0"/>
  <testcase name="HeapSortTest[710]" classname="labrat.IntSortsTest" time="0"/>
  <testcase name="HeapSortTest[711]" classname="labrat.IntSortsTest" time="0"/>
  <testcase name="HeapSortTest[712]" classname="labrat.IntSortsTest" time="0"/>
  <testcase name="HeapSortTest[713]" classname="labrat.IntSortsTest" time="0"/>
  <testcase name="HeapSortTest[714]" classname="labrat.IntSortsTest" time="0.001"/>
  <testcase name="HeapSortTest[715]" classname="labrat.IntSortsTest" time="0"/>
  <testcase name="HeapSortTest[716]" classname="labrat.IntSortsTest" time="0"/>
  <testcase name="HeapSortTest[717]" classname="labrat.IntSortsTest" time="0"/>
  <testcase name="HeapSortTest[718]" classname="labrat.IntSortsTest" time="0.001"/>
  <testcase name="HeapSortTest[719]" classname="labrat.IntSortsTest" time="0"/>
  <testcase name="HeapSortTest[720]" classname="labrat.IntSortsTest" time="0"/>
  <testcase name="HeapSortTest[721]" classname="labrat.IntSortsTest" time="0"/>
  <testcase name="HeapSortTest[722]" classname="labrat.IntSortsTest" time="0.001"/>
  <testcase name="HeapSortTest[723]" classname="labrat.IntSortsTest" time="0"/>
  <testcase name="HeapSortTest[724]" classname="labrat.IntSortsTest" time="0"/>
  <testcase name="HeapSortTest[725]" classname="labrat.IntSortsTest" time="0"/>
  <testcase name="HeapSortTest[726]" classname="labrat.IntSortsTest" time="0"/>
  <testcase name="HeapSortTest[727]" classname="labrat.IntSortsTest" time="0"/>
  <testcase name="HeapSortTest[728]" classname="labrat.IntSortsTest" time="0"/>
  <testcase name="HeapSortTest[729]" classname="labrat.IntSortsTest" time="0"/>
  <testcase name="HeapSortTest[730]" classname="labrat.IntSortsTest" time="0"/>
  <testcase name="HeapSortTest[731]" classname="labrat.IntSortsTest" time="0"/>
  <testcase name="HeapSortTest[732]" classname="labrat.IntSortsTest" time="0"/>
  <testcase name="HeapSortTest[733]" classname="labrat.IntSortsTest" time="0.001"/>
  <testcase name="HeapSortTest[734]" classname="labrat.IntSortsTest" time="0"/>
  <testcase name="HeapSortTest[735]" classname="labrat.IntSortsTest" time="0"/>
  <testcase name="HeapSortTest[736]" classname="labrat.IntSortsTest" time="0"/>
  <testcase name="HeapSortTest[737]" classname="labrat.IntSortsTest" time="0.001"/>
  <testcase name="HeapSortTest[738]" classname="labrat.IntSortsTest" time="0"/>
  <testcase name="HeapSortTest[739]" classname="labrat.IntSortsTest" time="0"/>
  <testcase name="HeapSortTest[740]" classname="labrat.IntSortsTest" time="0"/>
  <testcase name="HeapSortTest[741]" classname="labrat.IntSortsTest" time="0"/>
  <testcase name="HeapSortTest[742]" classname="labrat.IntSortsTest" time="0"/>
  <testcase name="HeapSortTest[743]" classname="labrat.IntSortsTest" time="0"/>
  <testcase name="HeapSortTest[744]" classname="labrat.IntSortsTest" time="0"/>
  <testcase name="HeapSortTest[745]" classname="labrat.IntSortsTest" time="0.001"/>
  <testcase name="HeapSortTest[746]" classname="labrat.IntSortsTest" time="0"/>
  <testcase name="HeapSortTest[747]" classname="labrat.IntSortsTest" time="0"/>
  <testcase name="HeapSortTest[748]" classname="labrat.IntSortsTest" time="0"/>
  <testcase name="HeapSortTest[749]" classname="labrat.IntSortsTest" time="0"/>
  <testcase name="HeapSortTest[750]" classname="labrat.IntSortsTest" time="0"/>
  <testcase name="HeapSortTest[751]" classname="labrat.IntSortsTest" time="0"/>
  <testcase name="HeapSortTest[752]" classname="labrat.IntSortsTest" time="0"/>
  <testcase name="HeapSortTest[753]" classname="labrat.IntSortsTest" time="0"/>
  <testcase name="HeapSortTest[754]" classname="labrat.IntSortsTest" time="0"/>
  <testcase name="HeapSortTest[755]" classname="labrat.IntSortsTest" time="0"/>
  <testcase name="HeapSortTest[756]" classname="labrat.IntSortsTest" time="0.001"/>
  <testcase name="HeapSortTest[757]" classname="labrat.IntSortsTest" time="0"/>
  <testcase name="HeapSortTest[758]" classname="labrat.IntSortsTest" time="0"/>
  <testcase name="HeapSortTest[759]" classname="labrat.IntSortsTest" time="0"/>
  <testcase name="HeapSortTest[760]" classname="labrat.IntSortsTest" time="0.001"/>
  <testcase name="HeapSortTest[761]" classname="labrat.IntSortsTest" time="0"/>
  <testcase name="HeapSortTest[762]" classname="labrat.IntSortsTest" time="0"/>
  <testcase name="HeapSortTest[763]" classname="labrat.IntSortsTest" time="0"/>
  <testcase name="HeapSortTest[764]" classname="labrat.IntSortsTest" time="0.001"/>
  <testcase name="HeapSortTest[765]" classname="labrat.IntSortsTest" time="0"/>
  <testcase name="HeapSortTest[766]" classname="labrat.IntSortsTest" time="0"/>
  <testcase name="HeapSortTest[767]" classname="labrat.IntSortsTest" time="0"/>
  <testcase name="HeapSortTest[768]" classname="labrat.IntSortsTest" time="0.001"/>
  <testcase name="HeapSortTest[769]" classname="labrat.IntSortsTest" time="0"/>
  <testcase name="HeapSortTest[770]" classname="labrat.IntSortsTest" time="0"/>
  <testcase name="HeapSortTest[771]" classname="labrat.IntSortsTest" time="0"/>
  <testcase name="HeapSortTest[772]" classname="labrat.IntSortsTest" time="0"/>
  <testcase name="HeapSortTest[773]" classname="labrat.IntSortsTest" time="0"/>
  <testcase name="HeapSortTest[774]" classname="labrat.IntSortsTest" time="0"/>
  <testcase name="HeapSortTest[775]" classname="labrat.IntSortsTest" time="0"/>
  <testcase name="HeapSortTest[776]" classname="labrat.IntSortsTest" time="0"/>
  <testcase name="HeapSortTest[777]" classname="labrat.IntSortsTest" time="0"/>
  <testcase name="HeapSortTest[778]" classname="labrat.IntSortsTest" time="0"/>
  <testcase name="HeapSortTest[779]" classname="labrat.IntSortsTest" time="0"/>
  <testcase name="HeapSortTest[780]" classname="labrat.IntSortsTest" time="0"/>
  <testcase name="HeapSortTest[781]" classname="labrat.IntSortsTest" time="0"/>
  <testcase name="HeapSortTest[782]" classname="labrat.IntSortsTest" time="0"/>
  <testcase name="HeapSortTest[783]" classname="labrat.IntSortsTest" time="0"/>
  <testcase name="HeapSortTest[784]" classname="labrat.IntSortsTest" time="0"/>
  <testcase name="HeapSortTest[785]" classname="labrat.IntSortsTest" time="0"/>
  <testcase name="HeapSortTest[786]" classname="labrat.IntSortsTest" time="0"/>
  <testcase name="HeapSortTest[787]" classname="labrat.IntSortsTest" time="0"/>
  <testcase name="HeapSortTest[788]" classname="labrat.IntSortsTest" time="0"/>
  <testcase name="HeapSortTest[789]" classname="labrat.IntSortsTest" time="0"/>
  <testcase name="HeapSortTest[790]" classname="labrat.IntSortsTest" time="0"/>
  <testcase name="HeapSortTest[791]" classname="labrat.IntSortsTest" time="0"/>
  <testcase name="HeapSortTest[792]" classname="labrat.IntSortsTest" time="0"/>
  <testcase name="HeapSortTest[793]" classname="labrat.IntSortsTest" time="0"/>
  <testcase name="HeapSortTest[794]" classname="labrat.IntSortsTest" time="0"/>
  <testcase name="HeapSortTest[795]" classname="labrat.IntSortsTest" time="0.001"/>
  <testcase name="HeapSortTest[796]" classname="labrat.IntSortsTest" time="0"/>
  <testcase name="HeapSortTest[797]" classname="labrat.IntSortsTest" time="0"/>
  <testcase name="HeapSortTest[798]" classname="labrat.IntSortsTest" time="0"/>
  <testcase name="HeapSortTest[799]" classname="labrat.IntSortsTest" time="0.001"/>
  <testcase name="HeapSortTest[800]" classname="labrat.IntSortsTest" time="0"/>
  <testcase name="HeapSortTest[801]" classname="labrat.IntSortsTest" time="0"/>
  <testcase name="HeapSortTest[802]" classname="labrat.IntSortsTest" time="0"/>
  <testcase name="HeapSortTest[803]" classname="labrat.IntSortsTest" time="0.001"/>
  <testcase name="HeapSortTest[804]" classname="labrat.IntSortsTest" time="0"/>
  <testcase name="HeapSortTest[805]" classname="labrat.IntSortsTest" time="0"/>
  <testcase name="HeapSortTest[806]" classname="labrat.IntSortsTest" time="0"/>
  <testcase name="HeapSortTest[807]" classname="labrat.IntSortsTest" time="0.001"/>
  <testcase name="HeapSortTest[808]" classname="labrat.IntSortsTest" time="0"/>
  <testcase name="HeapSortTest[809]" classname="labrat.IntSortsTest" time="0"/>
  <testcase name="HeapSortTest[810]" classname="labrat.IntSortsTest" time="0"/>
  <testcase name="HeapSortTest[811]" classname="labrat.IntSortsTest" time="0.001"/>
  <testcase name="HeapSortTest[812]" classname="labrat.IntSortsTest" time="0"/>
  <testcase name="HeapSortTest[813]" classname="labrat.IntSortsTest" time="0"/>
  <testcase name="HeapSortTest[814]" classname="labrat.IntSortsTest" time="0"/>
  <testcase name="HeapSortTest[815]" classname="labrat.IntSortsTest" time="0.001"/>
  <testcase name="HeapSortTest[816]" classname="labrat.IntSortsTest" time="0"/>
  <testcase name="HeapSortTest[817]" classname="labrat.IntSortsTest" time="0"/>
  <testcase name="HeapSortTest[818]" classname="labrat.IntSortsTest" time="0"/>
  <testcase name="HeapSortTest[819]" classname="labrat.IntSortsTest" time="0.001"/>
  <testcase name="HeapSortTest[820]" classname="labrat.IntSortsTest" time="0"/>
  <testcase name="HeapSortTest[821]" classname="labrat.IntSortsTest" time="0"/>
  <testcase name="HeapSortTest[822]" classname="labrat.IntSortsTest" time="0"/>
  <testcase name="HeapSortTest[823]" classname="labrat.IntSortsTest" time="0"/>
  <testcase name="HeapSortTest[824]" classname="labrat.IntSortsTest" time="0"/>
  <testcase name="HeapSortTest[825]" classname="labrat.IntSortsTest" time="0"/>
  <testcase name="HeapSortTest[826]" classname="labrat.IntSortsTest" time="0"/>
  <testcase name="HeapSortTest[827]" classname="labrat.IntSortsTest" time="0"/>
  <testcase name="HeapSortTest[828]" classname="labrat.IntSortsTest" time="0"/>
  <testcase name="HeapSortTest[829]" classname="labrat.IntSortsTest" time="0"/>
  <testcase name="HeapSortTest[830]" classname="labrat.IntSortsTest" time="0"/>
  <testcase name="HeapSortTest[831]" classname="labrat.IntSortsTest" time="0"/>
  <testcase name="HeapSortTest[832]" classname="labrat.IntSortsTest" time="0"/>
  <testcase name="HeapSortTest[833]" classname="labrat.IntSortsTest" time="0"/>
  <testcase name="HeapSortTest[834]" classname="labrat.IntSortsTest" time="0"/>
  <testcase name="HeapSortTest[835]" classname="labrat.IntSortsTest" time="0"/>
  <testcase name="HeapSortTest[836]" classname="labrat.IntSortsTest" time="0"/>
  <testcase name="HeapSortTest[837]" classname="labrat.IntSortsTest" time="0"/>
  <testcase name="HeapSortTest[838]" classname="labrat.IntSortsTest" time="0"/>
  <testcase name="HeapSortTest[839]" classname="labrat.IntSortsTest" time="0.001"/>
  <testcase name="HeapSortTest[840]" classname="labrat.IntSortsTest" time="0"/>
  <testcase name="HeapSortTest[841]" classname="labrat.IntSortsTest" time="0"/>
  <testcase name="HeapSortTest[842]" classname="labrat.IntSortsTest" time="0"/>
  <testcase name="HeapSortTest[843]" classname="labrat.IntSortsTest" time="0.001"/>
  <testcase name="HeapSortTest[844]" classname="labrat.IntSortsTest" time="0"/>
  <testcase name="HeapSortTest[845]" classname="labrat.IntSortsTest" time="0"/>
  <testcase name="HeapSortTest[846]" classname="labrat.IntSortsTest" time="0"/>
  <testcase name="HeapSortTest[847]" classname="labrat.IntSortsTest" time="0.001"/>
  <testcase name="HeapSortTest[848]" classname="labrat.IntSortsTest" time="0"/>
  <testcase name="HeapSortTest[849]" classname="labrat.IntSortsTest" time="0"/>
  <testcase name="HeapSortTest[850]" classname="labrat.IntSortsTest" time="0"/>
  <testcase name="HeapSortTest[851]" classname="labrat.IntSortsTest" time="0"/>
  <testcase name="HeapSortTest[852]" classname="labrat.IntSortsTest" time="0"/>
  <testcase name="HeapSortTest[853]" classname="labrat.IntSortsTest" time="0"/>
  <testcase name="HeapSortTest[854]" classname="labrat.IntSortsTest" time="0"/>
  <testcase name="HeapSortTest[855]" classname="labrat.IntSortsTest" time="0.001"/>
  <testcase name="HeapSortTest[856]" classname="labrat.IntSortsTest" time="0"/>
  <testcase name="HeapSortTest[857]" classname="labrat.IntSortsTest" time="0"/>
  <testcase name="HeapSortTest[858]" classname="labrat.IntSortsTest" time="0"/>
  <testcase name="HeapSortTest[859]" classname="labrat.IntSortsTest" time="0"/>
  <testcase name="HeapSortTest[860]" classname="labrat.IntSortsTest" time="0"/>
  <testcase name="HeapSortTest[861]" classname="labrat.IntSortsTest" time="0"/>
  <testcase name="HeapSortTest[862]" classname="labrat.IntSortsTest" time="0"/>
  <testcase name="HeapSortTest[863]" classname="labrat.IntSortsTest" time="0"/>
  <testcase name="HeapSortTest[864]" classname="labrat.IntSortsTest" time="0"/>
  <testcase name="HeapSortTest[865]" classname="labrat.IntSortsTest" time="0"/>
  <testcase name="HeapSortTest[866]" classname="labrat.IntSortsTest" time="0"/>
  <testcase name="HeapSortTest[867]" classname="labrat.IntSortsTest" time="0"/>
  <testcase name="HeapSortTest[868]" classname="labrat.IntSortsTest" time="0"/>
  <testcase name="HeapSortTest[869]" classname="labrat.IntSortsTest" time="0"/>
  <testcase name="HeapSortTest[870]" classname="labrat.IntSortsTest" time="0.001"/>
  <testcase name="HeapSortTest[871]" classname="labrat.IntSortsTest" time="0.004"/>
  <testcase name="HeapSortTest[872]" classname="labrat.IntSortsTest" time="0"/>
  <testcase name="HeapSortTest[873]" classname="labrat.IntSortsTest" time="0"/>
  <testcase name="HeapSortTest[874]" classname="labrat.IntSortsTest" time="0"/>
  <testcase name="HeapSortTest[875]" classname="labrat.IntSortsTest" time="0"/>
  <testcase name="HeapSortTest[876]" classname="labrat.IntSortsTest" time="0"/>
  <testcase name="HeapSortTest[877]" classname="labrat.IntSortsTest" time="0"/>
  <testcase name="HeapSortTest[878]" classname="labrat.IntSortsTest" time="0"/>
  <testcase name="HeapSortTest[879]" classname="labrat.IntSortsTest" time="0"/>
  <testcase name="HeapSortTest[880]" classname="labrat.IntSortsTest" time="0"/>
  <testcase name="HeapSortTest[881]" classname="labrat.IntSortsTest" time="0"/>
  <testcase name="HeapSortTest[882]" classname="labrat.IntSortsTest" time="0"/>
  <testcase name="HeapSortTest[883]" classname="labrat.IntSortsTest" time="0"/>
  <testcase name="HeapSortTest[884]" classname="labrat.IntSortsTest" time="0"/>
  <testcase name="HeapSortTest[885]" classname="labrat.IntSortsTest" time="0"/>
  <testcase name="HeapSortTest[886]" classname="labrat.IntSortsTest" time="0"/>
  <testcase name="HeapSortTest[887]" classname="labrat.IntSortsTest" time="0"/>
  <testcase name="HeapSortTest[888]" classname="labrat.IntSortsTest" time="0"/>
  <testcase name="HeapSortTest[889]" classname="labrat.IntSortsTest" time="0"/>
  <testcase name="HeapSortTest[890]" classname="labrat.IntSortsTest" time="0"/>
  <testcase name="HeapSortTest[891]" classname="labrat.IntSortsTest" time="0"/>
  <testcase name="HeapSortTest[892]" classname="labrat.IntSortsTest" time="0"/>
  <testcase name="HeapSortTest[893]" classname="labrat.IntSortsTest" time="0"/>
  <testcase name="HeapSortTest[894]" classname="labrat.IntSortsTest" time="0"/>
  <testcase name="HeapSortTest[895]" classname="labrat.IntSortsTest" time="0"/>
  <testcase name="HeapSortTest[896]" classname="labrat.IntSortsTest" time="0.001"/>
  <testcase name="HeapSortTest[897]" classname="labrat.IntSortsTest" time="0"/>
  <testcase name="HeapSortTest[898]" classname="labrat.IntSortsTest" time="0"/>
  <testcase name="HeapSortTest[899]" classname="labrat.IntSortsTest" time="0"/>
  <testcase name="HeapSortTest[900]" classname="labrat.IntSortsTest" time="0"/>
  <testcase name="HeapSortTest[901]" classname="labrat.IntSortsTest" time="0"/>
  <testcase name="HeapSortTest[902]" classname="labrat.IntSortsTest" time="0"/>
  <testcase name="HeapSortTest[903]" classname="labrat.IntSortsTest" time="0"/>
  <testcase name="HeapSortTest[904]" classname="labrat.IntSortsTest" time="0"/>
  <testcase name="HeapSortTest[905]" classname="labrat.IntSortsTest" time="0.001"/>
  <testcase name="HeapSortTest[906]" classname="labrat.IntSortsTest" time="0"/>
  <testcase name="HeapSortTest[907]" classname="labrat.IntSortsTest" time="0"/>
  <testcase name="HeapSortTest[908]" classname="labrat.IntSortsTest" time="0"/>
  <testcase name="HeapSortTest[909]" classname="labrat.IntSortsTest" time="0"/>
  <testcase name="HeapSortTest[910]" classname="labrat.IntSortsTest" time="0"/>
  <testcase name="HeapSortTest[911]" classname="labrat.IntSortsTest" time="0"/>
  <testcase name="HeapSortTest[912]" classname="labrat.IntSortsTest" time="0.003"/>
  <testcase name="HeapSortTest[913]" classname="labrat.IntSortsTest" time="0"/>
  <testcase name="HeapSortTest[914]" classname="labrat.IntSortsTest" time="0"/>
  <testcase name="HeapSortTest[915]" classname="labrat.IntSortsTest" time="0"/>
  <testcase name="HeapSortTest[916]" classname="labrat.IntSortsTest" time="0"/>
  <testcase name="HeapSortTest[917]" classname="labrat.IntSortsTest" time="0"/>
  <testcase name="HeapSortTest[918]" classname="labrat.IntSortsTest" time="0"/>
  <testcase name="HeapSortTest[919]" classname="labrat.IntSortsTest" time="0"/>
  <testcase name="HeapSortTest[920]" classname="labrat.IntSortsTest" time="0"/>
  <testcase name="HeapSortTest[921]" classname="labrat.IntSortsTest" time="0"/>
  <testcase name="HeapSortTest[922]" classname="labrat.IntSortsTest" time="0"/>
  <testcase name="HeapSortTest[923]" classname="labrat.IntSortsTest" time="0"/>
  <testcase name="HeapSortTest[924]" classname="labrat.IntSortsTest" time="0"/>
  <testcase name="HeapSortTest[925]" classname="labrat.IntSortsTest" time="0"/>
  <testcase name="HeapSortTest[926]" classname="labrat.IntSortsTest" time="0.001"/>
  <testcase name="HeapSortTest[927]" classname="labrat.IntSortsTest" time="0"/>
  <testcase name="HeapSortTest[928]" classname="labrat.IntSortsTest" time="0"/>
  <testcase name="HeapSortTest[929]" classname="labrat.IntSortsTest" time="0"/>
  <testcase name="HeapSortTest[930]" classname="labrat.IntSortsTest" time="0.001"/>
  <testcase name="HeapSortTest[931]" classname="labrat.IntSortsTest" time="0"/>
  <testcase name="HeapSortTest[932]" classname="labrat.IntSortsTest" time="0"/>
  <testcase name="HeapSortTest[933]" classname="labrat.IntSortsTest" time="0"/>
  <testcase name="HeapSortTest[934]" classname="labrat.IntSortsTest" time="0.001"/>
  <testcase name="HeapSortTest[935]" classname="labrat.IntSortsTest" time="0"/>
  <testcase name="HeapSortTest[936]" classname="labrat.IntSortsTest" time="0"/>
  <testcase name="HeapSortTest[937]" classname="labrat.IntSortsTest" time="0"/>
  <testcase name="HeapSortTest[938]" classname="labrat.IntSortsTest" time="0.001"/>
  <testcase name="HeapSortTest[939]" classname="labrat.IntSortsTest" time="0"/>
  <testcase name="HeapSortTest[940]" classname="labrat.IntSortsTest" time="0"/>
  <testcase name="HeapSortTest[941]" classname="labrat.IntSortsTest" time="0"/>
  <testcase name="HeapSortTest[942]" classname="labrat.IntSortsTest" time="0.001"/>
  <testcase name="HeapSortTest[943]" classname="labrat.IntSortsTest" time="0"/>
  <testcase name="HeapSortTest[944]" classname="labrat.IntSortsTest" time="0"/>
  <testcase name="HeapSortTest[945]" classname="labrat.IntSortsTest" time="0"/>
  <testcase name="HeapSortTest[946]" classname="labrat.IntSortsTest" time="0.001"/>
  <testcase name="HeapSortTest[947]" classname="labrat.IntSortsTest" time="0"/>
  <testcase name="HeapSortTest[948]" classname="labrat.IntSortsTest" time="0"/>
  <testcase name="HeapSortTest[949]" classname="labrat.IntSortsTest" time="0"/>
  <testcase name="HeapSortTest[950]" classname="labrat.IntSortsTest" time="0.001"/>
  <testcase name="HeapSortTest[951]" classname="labrat.IntSortsTest" time="0"/>
  <testcase name="HeapSortTest[952]" classname="labrat.IntSortsTest" time="0"/>
  <testcase name="HeapSortTest[953]" classname="labrat.IntSortsTest" time="0"/>
  <testcase name="HeapSortTest[954]" classname="labrat.IntSortsTest" time="0.001"/>
  <testcase name="HeapSortTest[955]" classname="labrat.IntSortsTest" time="0"/>
  <testcase name="HeapSortTest[956]" classname="labrat.IntSortsTest" time="0"/>
  <testcase name="HeapSortTest[957]" classname="labrat.IntSortsTest" time="0"/>
  <testcase name="HeapSortTest[958]" classname="labrat.IntSortsTest" time="0.001"/>
  <testcase name="HeapSortTest[959]" classname="labrat.IntSortsTest" time="0"/>
  <testcase name="HeapSortTest[960]" classname="labrat.IntSortsTest" time="0"/>
  <testcase name="HeapSortTest[961]" classname="labrat.IntSortsTest" time="0"/>
  <testcase name="HeapSortTest[962]" classname="labrat.IntSortsTest" time="0.001"/>
  <testcase name="HeapSortTest[963]" classname="labrat.IntSortsTest" time="0"/>
  <testcase name="HeapSortTest[964]" classname="labrat.IntSortsTest" time="0"/>
  <testcase name="HeapSortTest[965]" classname="labrat.IntSortsTest" time="0"/>
  <testcase name="HeapSortTest[966]" classname="labrat.IntSortsTest" time="0.001"/>
  <testcase name="HeapSortTest[967]" classname="labrat.IntSortsTest" time="0"/>
  <testcase name="HeapSortTest[968]" classname="labrat.IntSortsTest" time="0"/>
  <testcase name="HeapSortTest[969]" classname="labrat.IntSortsTest" time="0"/>
  <testcase name="HeapSortTest[970]" classname="labrat.IntSortsTest" time="0"/>
  <testcase name="HeapSortTest[971]" classname="labrat.IntSortsTest" time="0"/>
  <testcase name="HeapSortTest[972]" classname="labrat.IntSortsTest" time="0"/>
  <testcase name="HeapSortTest[973]" classname="labrat.IntSortsTest" time="0"/>
  <testcase name="HeapSortTest[974]" classname="labrat.IntSortsTest" time="0"/>
  <testcase name="HeapSortTest[975]" classname="labrat.IntSortsTest" time="0"/>
  <testcase name="HeapSortTest[976]" classname="labrat.IntSortsTest" time="0"/>
  <testcase name="HeapSortTest[977]" classname="labrat.IntSortsTest" time="0"/>
  <testcase name="HeapSortTest[978]" classname="labrat.IntSortsTest" time="0.001"/>
  <testcase name="HeapSortTest[979]" classname="labrat.IntSortsTest" time="0"/>
  <testcase name="HeapSortTest[980]" classname="labrat.IntSortsTest" time="0"/>
  <testcase name="HeapSortTest[981]" classname="labrat.IntSortsTest" time="0"/>
  <testcase name="HeapSortTest[982]" classname="labrat.IntSortsTest" time="0.001"/>
  <testcase name="HeapSortTest[983]" classname="labrat.IntSortsTest" time="0"/>
  <testcase name="HeapSortTest[984]" classname="labrat.IntSortsTest" time="0"/>
  <testcase name="HeapSortTest[985]" classname="labrat.IntSortsTest" time="0"/>
  <testcase name="HeapSortTest[986]" classname="labrat.IntSortsTest" time="0.001"/>
  <testcase name="HeapSortTest[987]" classname="labrat.IntSortsTest" time="0"/>
  <testcase name="HeapSortTest[988]" classname="labrat.IntSortsTest" time="0"/>
  <testcase name="HeapSortTest[989]" classname="labrat.IntSortsTest" time="0"/>
  <testcase name="HeapSortTest[990]" classname="labrat.IntSortsTest" time="0"/>
  <testcase name="HeapSortTest[991]" classname="labrat.IntSortsTest" time="0"/>
  <testcase name="HeapSortTest[992]" classname="labrat.IntSortsTest" time="0"/>
  <testcase name="HeapSortTest[993]" classname="labrat.IntSortsTest" time="0"/>
  <testcase name="HeapSortTest[994]" classname="labrat.IntSortsTest" time="0"/>
  <testcase name="HeapSortTest[995]" classname="labrat.IntSortsTest" time="0"/>
  <testcase name="HeapSortTest[996]" classname="labrat.IntSortsTest" time="0"/>
  <testcase name="HeapSortTest[997]" classname="labrat.IntSortsTest" time="0"/>
  <testcase name="HeapSortTest[998]" classname="labrat.IntSortsTest" time="0"/>
  <testcase name="HeapSortTest[999]" classname="labrat.IntSortsTest" time="0.001"/>
  <testcase name="HeapSortTest[1000]" classname="labrat.IntSortsTest" time="0"/>
  <testcase name="QuickSortTest[1]" classname="labrat.IntSortsTest" time="0.001"/>
  <testcase name="QuickSortTest[2]" classname="labrat.IntSortsTest" time="0.001"/>
  <testcase name="QuickSortTest[3]" classname="labrat.IntSortsTest" time="0"/>
  <testcase name="QuickSortTest[4]" classname="labrat.IntSortsTest" time="0"/>
  <testcase name="QuickSortTest[5]" classname="labrat.IntSortsTest" time="0.001"/>
  <testcase name="QuickSortTest[6]" classname="labrat.IntSortsTest" time="0"/>
  <testcase name="QuickSortTest[7]" classname="labrat.IntSortsTest" time="0"/>
  <testcase name="QuickSortTest[8]" classname="labrat.IntSortsTest" time="0"/>
  <testcase name="QuickSortTest[9]" classname="labrat.IntSortsTest" time="0"/>
  <testcase name="QuickSortTest[10]" classname="labrat.IntSortsTest" time="0"/>
  <testcase name="QuickSortTest[11]" classname="labrat.IntSortsTest" time="0"/>
  <testcase name="QuickSortTest[12]" classname="labrat.IntSortsTest" time="0.001"/>
  <testcase name="QuickSortTest[13]" classname="labrat.IntSortsTest" time="0"/>
  <testcase name="QuickSortTest[14]" classname="labrat.IntSortsTest" time="0"/>
  <testcase name="QuickSortTest[15]" classname="labrat.IntSortsTest" time="0"/>
  <testcase name="QuickSortTest[16]" classname="labrat.IntSortsTest" time="0.001"/>
  <testcase name="QuickSortTest[17]" classname="labrat.IntSortsTest" time="0"/>
  <testcase name="QuickSortTest[18]" classname="labrat.IntSortsTest" time="0.001"/>
  <testcase name="QuickSortTest[19]" classname="labrat.IntSortsTest" time="0"/>
  <testcase name="QuickSortTest[20]" classname="labrat.IntSortsTest" time="0"/>
  <testcase name="QuickSortTest[21]" classname="labrat.IntSortsTest" time="0"/>
  <testcase name="QuickSortTest[22]" classname="labrat.IntSortsTest" time="0"/>
  <testcase name="QuickSortTest[23]" classname="labrat.IntSortsTest" time="0"/>
  <testcase name="QuickSortTest[24]" classname="labrat.IntSortsTest" time="0"/>
  <testcase name="QuickSortTest[25]" classname="labrat.IntSortsTest" time="0"/>
  <testcase name="QuickSortTest[26]" classname="labrat.IntSortsTest" time="0"/>
  <testcase name="QuickSortTest[27]" classname="labrat.IntSortsTest" time="0"/>
  <testcase name="QuickSortTest[28]" classname="labrat.IntSortsTest" time="0"/>
  <testcase name="QuickSortTest[29]" classname="labrat.IntSortsTest" time="0"/>
  <testcase name="QuickSortTest[30]" classname="labrat.IntSortsTest" time="0"/>
  <testcase name="QuickSortTest[31]" classname="labrat.IntSortsTest" time="0"/>
  <testcase name="QuickSortTest[32]" classname="labrat.IntSortsTest" time="0"/>
  <testcase name="QuickSortTest[33]" classname="labrat.IntSortsTest" time="0"/>
  <testcase name="QuickSortTest[34]" classname="labrat.IntSortsTest" time="0"/>
  <testcase name="QuickSortTest[35]" classname="labrat.IntSortsTest" time="0"/>
  <testcase name="QuickSortTest[36]" classname="labrat.IntSortsTest" time="0"/>
  <testcase name="QuickSortTest[37]" classname="labrat.IntSortsTest" time="0"/>
  <testcase name="QuickSortTest[38]" classname="labrat.IntSortsTest" time="0"/>
  <testcase name="QuickSortTest[39]" classname="labrat.IntSortsTest" time="0"/>
  <testcase name="QuickSortTest[40]" classname="labrat.IntSortsTest" time="0"/>
  <testcase name="QuickSortTest[41]" classname="labrat.IntSortsTest" time="0.001"/>
  <testcase name="QuickSortTest[42]" classname="labrat.IntSortsTest" time="0"/>
  <testcase name="QuickSortTest[43]" classname="labrat.IntSortsTest" time="0"/>
  <testcase name="QuickSortTest[44]" classname="labrat.IntSortsTest" time="0"/>
  <testcase name="QuickSortTest[45]" classname="labrat.IntSortsTest" time="0.001"/>
  <testcase name="QuickSortTest[46]" classname="labrat.IntSortsTest" time="0"/>
  <testcase name="QuickSortTest[47]" classname="labrat.IntSortsTest" time="0"/>
  <testcase name="QuickSortTest[48]" classname="labrat.IntSortsTest" time="0.001"/>
  <testcase name="QuickSortTest[49]" classname="labrat.IntSortsTest" time="0"/>
  <testcase name="QuickSortTest[50]" classname="labrat.IntSortsTest" time="0"/>
  <testcase name="QuickSortTest[51]" classname="labrat.IntSortsTest" time="0"/>
  <testcase name="QuickSortTest[52]" classname="labrat.IntSortsTest" time="0.001"/>
  <testcase name="QuickSortTest[53]" classname="labrat.IntSortsTest" time="0"/>
  <testcase name="QuickSortTest[54]" classname="labrat.IntSortsTest" time="0"/>
  <testcase name="QuickSortTest[55]" classname="labrat.IntSortsTest" time="0"/>
  <testcase name="QuickSortTest[56]" classname="labrat.IntSortsTest" time="0"/>
  <testcase name="QuickSortTest[57]" classname="labrat.IntSortsTest" time="0"/>
  <testcase name="QuickSortTest[58]" classname="labrat.IntSortsTest" time="0"/>
  <testcase name="QuickSortTest[59]" classname="labrat.IntSortsTest" time="0"/>
  <testcase name="QuickSortTest[60]" classname="labrat.IntSortsTest" time="0"/>
  <testcase name="QuickSortTest[61]" classname="labrat.IntSortsTest" time="0"/>
  <testcase name="QuickSortTest[62]" classname="labrat.IntSortsTest" time="0"/>
  <testcase name="QuickSortTest[63]" classname="labrat.IntSortsTest" time="0"/>
  <testcase name="QuickSortTest[64]" classname="labrat.IntSortsTest" time="0"/>
  <testcase name="QuickSortTest[65]" classname="labrat.IntSortsTest" time="0"/>
  <testcase name="QuickSortTest[66]" classname="labrat.IntSortsTest" time="0"/>
  <testcase name="QuickSortTest[67]" classname="labrat.IntSortsTest" time="0"/>
  <testcase name="QuickSortTest[68]" classname="labrat.IntSortsTest" time="0"/>
  <testcase name="QuickSortTest[69]" classname="labrat.IntSortsTest" time="0"/>
  <testcase name="QuickSortTest[70]" classname="labrat.IntSortsTest" time="0"/>
  <testcase name="QuickSortTest[71]" classname="labrat.IntSortsTest" time="0"/>
  <testcase name="QuickSortTest[72]" classname="labrat.IntSortsTest" time="0"/>
  <testcase name="QuickSortTest[73]" classname="labrat.IntSortsTest" time="0"/>
  <testcase name="QuickSortTest[74]" classname="labrat.IntSortsTest" time="0"/>
  <testcase name="QuickSortTest[75]" classname="labrat.IntSortsTest" time="0"/>
  <testcase name="QuickSortTest[76]" classname="labrat.IntSortsTest" time="0"/>
  <testcase name="QuickSortTest[77]" classname="labrat.IntSortsTest" time="0"/>
  <testcase name="QuickSortTest[78]" classname="labrat.IntSortsTest" time="0"/>
  <testcase name="QuickSortTest[79]" classname="labrat.IntSortsTest" time="0"/>
  <testcase name="QuickSortTest[80]" classname="labrat.IntSortsTest" time="0"/>
  <testcase name="QuickSortTest[81]" classname="labrat.IntSortsTest" time="0"/>
  <testcase name="QuickSortTest[82]" classname="labrat.IntSortsTest" time="0"/>
  <testcase name="QuickSortTest[83]" classname="labrat.IntSortsTest" time="0"/>
  <testcase name="QuickSortTest[84]" classname="labrat.IntSortsTest" time="0"/>
  <testcase name="QuickSortTest[85]" classname="labrat.IntSortsTest" time="0"/>
  <testcase name="QuickSortTest[86]" classname="labrat.IntSortsTest" time="0"/>
  <testcase name="QuickSortTest[87]" classname="labrat.IntSortsTest" time="0"/>
  <testcase name="QuickSortTest[88]" classname="labrat.IntSortsTest" time="0"/>
  <testcase name="QuickSortTest[89]" classname="labrat.IntSortsTest" time="0"/>
  <testcase name="QuickSortTest[90]" classname="labrat.IntSortsTest" time="0"/>
  <testcase name="QuickSortTest[91]" classname="labrat.IntSortsTest" time="0"/>
  <testcase name="QuickSortTest[92]" classname="labrat.IntSortsTest" time="0"/>
  <testcase name="QuickSortTest[93]" classname="labrat.IntSortsTest" time="0"/>
  <testcase name="QuickSortTest[94]" classname="labrat.IntSortsTest" time="0"/>
  <testcase name="QuickSortTest[95]" classname="labrat.IntSortsTest" time="0.001"/>
  <testcase name="QuickSortTest[96]" classname="labrat.IntSortsTest" time="0"/>
  <testcase name="QuickSortTest[97]" classname="labrat.IntSortsTest" time="0"/>
  <testcase name="QuickSortTest[98]" classname="labrat.IntSortsTest" time="0"/>
  <testcase name="QuickSortTest[99]" classname="labrat.IntSortsTest" time="0"/>
  <testcase name="QuickSortTest[100]" classname="labrat.IntSortsTest" time="0"/>
  <testcase name="QuickSortTest[101]" classname="labrat.IntSortsTest" time="0"/>
  <testcase name="QuickSortTest[102]" classname="labrat.IntSortsTest" time="0"/>
  <testcase name="QuickSortTest[103]" classname="labrat.IntSortsTest" time="0"/>
  <testcase name="QuickSortTest[104]" classname="labrat.IntSortsTest" time="0"/>
  <testcase name="QuickSortTest[105]" classname="labrat.IntSortsTest" time="0"/>
  <testcase name="QuickSortTest[106]" classname="labrat.IntSortsTest" time="0"/>
  <testcase name="QuickSortTest[107]" classname="labrat.IntSortsTest" time="0"/>
  <testcase name="QuickSortTest[108]" classname="labrat.IntSortsTest" time="0"/>
  <testcase name="QuickSortTest[109]" classname="labrat.IntSortsTest" time="0"/>
  <testcase name="QuickSortTest[110]" classname="labrat.IntSortsTest" time="0"/>
  <testcase name="QuickSortTest[111]" classname="labrat.IntSortsTest" time="0.001"/>
  <testcase name="QuickSortTest[112]" classname="labrat.IntSortsTest" time="0"/>
  <testcase name="QuickSortTest[113]" classname="labrat.IntSortsTest" time="0"/>
  <testcase name="QuickSortTest[114]" classname="labrat.IntSortsTest" time="0"/>
  <testcase name="QuickSortTest[115]" classname="labrat.IntSortsTest" time="0.001"/>
  <testcase name="QuickSortTest[116]" classname="labrat.IntSortsTest" time="0"/>
  <testcase name="QuickSortTest[117]" classname="labrat.IntSortsTest" time="0"/>
  <testcase name="QuickSortTest[118]" classname="labrat.IntSortsTest" time="0"/>
  <testcase name="QuickSortTest[119]" classname="labrat.IntSortsTest" time="0.001"/>
  <testcase name="QuickSortTest[120]" classname="labrat.IntSortsTest" time="0"/>
  <testcase name="QuickSortTest[121]" classname="labrat.IntSortsTest" time="0"/>
  <testcase name="QuickSortTest[122]" classname="labrat.IntSortsTest" time="0"/>
  <testcase name="QuickSortTest[123]" classname="labrat.IntSortsTest" time="0"/>
  <testcase name="QuickSortTest[124]" classname="labrat.IntSortsTest" time="0"/>
  <testcase name="QuickSortTest[125]" classname="labrat.IntSortsTest" time="0"/>
  <testcase name="QuickSortTest[126]" classname="labrat.IntSortsTest" time="0"/>
  <testcase name="QuickSortTest[127]" classname="labrat.IntSortsTest" time="0"/>
  <testcase name="QuickSortTest[128]" classname="labrat.IntSortsTest" time="0"/>
  <testcase name="QuickSortTest[129]" classname="labrat.IntSortsTest" time="0"/>
  <testcase name="QuickSortTest[130]" classname="labrat.IntSortsTest" time="0"/>
  <testcase name="QuickSortTest[131]" classname="labrat.IntSortsTest" time="0"/>
  <testcase name="QuickSortTest[132]" classname="labrat.IntSortsTest" time="0"/>
  <testcase name="QuickSortTest[133]" classname="labrat.IntSortsTest" time="0"/>
  <testcase name="QuickSortTest[134]" classname="labrat.IntSortsTest" time="0"/>
  <testcase name="QuickSortTest[135]" classname="labrat.IntSortsTest" time="0"/>
  <testcase name="QuickSortTest[136]" classname="labrat.IntSortsTest" time="0"/>
  <testcase name="QuickSortTest[137]" classname="labrat.IntSortsTest" time="0"/>
  <testcase name="QuickSortTest[138]" classname="labrat.IntSortsTest" time="0"/>
  <testcase name="QuickSortTest[139]" classname="labrat.IntSortsTest" time="0"/>
  <testcase name="QuickSortTest[140]" classname="labrat.IntSortsTest" time="0"/>
  <testcase name="QuickSortTest[141]" classname="labrat.IntSortsTest" time="0"/>
  <testcase name="QuickSortTest[142]" classname="labrat.IntSortsTest" time="0"/>
  <testcase name="QuickSortTest[143]" classname="labrat.IntSortsTest" time="0"/>
  <testcase name="QuickSortTest[144]" classname="labrat.IntSortsTest" time="0.001"/>
  <testcase name="QuickSortTest[145]" classname="labrat.IntSortsTest" time="0"/>
  <testcase name="QuickSortTest[146]" classname="labrat.IntSortsTest" time="0"/>
  <testcase name="QuickSortTest[147]" classname="labrat.IntSortsTest" time="0"/>
  <testcase name="QuickSortTest[148]" classname="labrat.IntSortsTest" time="0"/>
  <testcase name="QuickSortTest[149]" classname="labrat.IntSortsTest" time="0"/>
  <testcase name="QuickSortTest[150]" classname="labrat.IntSortsTest" time="0"/>
  <testcase name="QuickSortTest[151]" classname="labrat.IntSortsTest" time="0"/>
  <testcase name="QuickSortTest[152]" classname="labrat.IntSortsTest" time="0.001"/>
  <testcase name="QuickSortTest[153]" classname="labrat.IntSortsTest" time="0"/>
  <testcase name="QuickSortTest[154]" classname="labrat.IntSortsTest" time="0"/>
  <testcase name="QuickSortTest[155]" classname="labrat.IntSortsTest" time="0"/>
  <testcase name="QuickSortTest[156]" classname="labrat.IntSortsTest" time="0.001"/>
  <testcase name="QuickSortTest[157]" classname="labrat.IntSortsTest" time="0"/>
  <testcase name="QuickSortTest[158]" classname="labrat.IntSortsTest" time="0"/>
  <testcase name="QuickSortTest[159]" classname="labrat.IntSortsTest" time="0"/>
  <testcase name="QuickSortTest[160]" classname="labrat.IntSortsTest" time="0.001"/>
  <testcase name="QuickSortTest[161]" classname="labrat.IntSortsTest" time="0"/>
  <testcase name="QuickSortTest[162]" classname="labrat.IntSortsTest" time="0"/>
  <testcase name="QuickSortTest[163]" classname="labrat.IntSortsTest" time="0"/>
  <testcase name="QuickSortTest[164]" classname="labrat.IntSortsTest" time="0.001"/>
  <testcase name="QuickSortTest[165]" classname="labrat.IntSortsTest" time="0"/>
  <testcase name="QuickSortTest[166]" classname="labrat.IntSortsTest" time="0"/>
  <testcase name="QuickSortTest[167]" classname="labrat.IntSortsTest" time="0"/>
  <testcase name="QuickSortTest[168]" classname="labrat.IntSortsTest" time="0.001"/>
  <testcase name="QuickSortTest[169]" classname="labrat.IntSortsTest" time="0"/>
  <testcase name="QuickSortTest[170]" classname="labrat.IntSortsTest" time="0"/>
  <testcase name="QuickSortTest[171]" classname="labrat.IntSortsTest" time="0"/>
  <testcase name="QuickSortTest[172]" classname="labrat.IntSortsTest" time="0.001"/>
  <testcase name="QuickSortTest[173]" classname="labrat.IntSortsTest" time="0"/>
  <testcase name="QuickSortTest[174]" classname="labrat.IntSortsTest" time="0"/>
  <testcase name="QuickSortTest[175]" classname="labrat.IntSortsTest" time="0"/>
  <testcase name="QuickSortTest[176]" classname="labrat.IntSortsTest" time="0.001"/>
  <testcase name="QuickSortTest[177]" classname="labrat.IntSortsTest" time="0"/>
  <testcase name="QuickSortTest[178]" classname="labrat.IntSortsTest" time="0"/>
  <testcase name="QuickSortTest[179]" classname="labrat.IntSortsTest" time="0"/>
  <testcase name="QuickSortTest[180]" classname="labrat.IntSortsTest" time="0.001"/>
  <testcase name="QuickSortTest[181]" classname="labrat.IntSortsTest" time="0"/>
  <testcase name="QuickSortTest[182]" classname="labrat.IntSortsTest" time="0.001"/>
  <testcase name="QuickSortTest[183]" classname="labrat.IntSortsTest" time="0"/>
  <testcase name="QuickSortTest[184]" classname="labrat.IntSortsTest" time="0"/>
  <testcase name="QuickSortTest[185]" classname="labrat.IntSortsTest" time="0"/>
  <testcase name="QuickSortTest[186]" classname="labrat.IntSortsTest" time="0"/>
  <testcase name="QuickSortTest[187]" classname="labrat.IntSortsTest" time="0"/>
  <testcase name="QuickSortTest[188]" classname="labrat.IntSortsTest" time="0"/>
  <testcase name="QuickSortTest[189]" classname="labrat.IntSortsTest" time="0.001"/>
  <testcase name="QuickSortTest[190]" classname="labrat.IntSortsTest" time="0"/>
  <testcase name="QuickSortTest[191]" classname="labrat.IntSortsTest" time="0"/>
  <testcase name="QuickSortTest[192]" classname="labrat.IntSortsTest" time="0"/>
  <testcase name="QuickSortTest[193]" classname="labrat.IntSortsTest" time="0.001"/>
  <testcase name="QuickSortTest[194]" classname="labrat.IntSortsTest" time="0"/>
  <testcase name="QuickSortTest[195]" classname="labrat.IntSortsTest" time="0"/>
  <testcase name="QuickSortTest[196]" classname="labrat.IntSortsTest" time="0"/>
  <testcase name="QuickSortTest[197]" classname="labrat.IntSortsTest" time="0"/>
  <testcase name="QuickSortTest[198]" classname="labrat.IntSortsTest" time="0"/>
  <testcase name="QuickSortTest[199]" classname="labrat.IntSortsTest" time="0"/>
  <testcase name="QuickSortTest[200]" classname="labrat.IntSortsTest" time="0"/>
  <testcase name="QuickSortTest[201]" classname="labrat.IntSortsTest" time="0"/>
  <testcase name="QuickSortTest[202]" classname="labrat.IntSortsTest" time="0.001"/>
  <testcase name="QuickSortTest[203]" classname="labrat.IntSortsTest" time="0"/>
  <testcase name="QuickSortTest[204]" classname="labrat.IntSortsTest" time="0"/>
  <testcase name="QuickSortTest[205]" classname="labrat.IntSortsTest" time="0"/>
  <testcase name="QuickSortTest[206]" classname="labrat.IntSortsTest" time="0.001"/>
  <testcase name="QuickSortTest[207]" classname="labrat.IntSortsTest" time="0"/>
  <testcase name="QuickSortTest[208]" classname="labrat.IntSortsTest" time="0"/>
  <testcase name="QuickSortTest[209]" classname="labrat.IntSortsTest" time="0"/>
  <testcase name="QuickSortTest[210]" classname="labrat.IntSortsTest" time="0"/>
  <testcase name="QuickSortTest[211]" classname="labrat.IntSortsTest" time="0"/>
  <testcase name="QuickSortTest[212]" classname="labrat.IntSortsTest" time="0"/>
  <testcase name="QuickSortTest[213]" classname="labrat.IntSortsTest" time="0"/>
  <testcase name="QuickSortTest[214]" classname="labrat.IntSortsTest" time="0"/>
  <testcase name="QuickSortTest[215]" classname="labrat.IntSortsTest" time="0.001"/>
  <testcase name="QuickSortTest[216]" classname="labrat.IntSortsTest" time="0"/>
  <testcase name="QuickSortTest[217]" classname="labrat.IntSortsTest" time="0"/>
  <testcase name="QuickSortTest[218]" classname="labrat.IntSortsTest" time="0"/>
  <testcase name="QuickSortTest[219]" classname="labrat.IntSortsTest" time="0.001"/>
  <testcase name="QuickSortTest[220]" classname="labrat.IntSortsTest" time="0"/>
  <testcase name="QuickSortTest[221]" classname="labrat.IntSortsTest" time="0"/>
  <testcase name="QuickSortTest[222]" classname="labrat.IntSortsTest" time="0"/>
  <testcase name="QuickSortTest[223]" classname="labrat.IntSortsTest" time="0.001"/>
  <testcase name="QuickSortTest[224]" classname="labrat.IntSortsTest" time="0"/>
  <testcase name="QuickSortTest[225]" classname="labrat.IntSortsTest" time="0"/>
  <testcase name="QuickSortTest[226]" classname="labrat.IntSortsTest" time="0"/>
  <testcase name="QuickSortTest[227]" classname="labrat.IntSortsTest" time="0.001"/>
  <testcase name="QuickSortTest[228]" classname="labrat.IntSortsTest" time="0"/>
  <testcase name="QuickSortTest[229]" classname="labrat.IntSortsTest" time="0"/>
  <testcase name="QuickSortTest[230]" classname="labrat.IntSortsTest" time="0"/>
  <testcase name="QuickSortTest[231]" classname="labrat.IntSortsTest" time="0.001"/>
  <testcase name="QuickSortTest[232]" classname="labrat.IntSortsTest" time="0"/>
  <testcase name="QuickSortTest[233]" classname="labrat.IntSortsTest" time="0"/>
  <testcase name="QuickSortTest[234]" classname="labrat.IntSortsTest" time="0"/>
  <testcase name="QuickSortTest[235]" classname="labrat.IntSortsTest" time="0"/>
  <testcase name="QuickSortTest[236]" classname="labrat.IntSortsTest" time="0"/>
  <testcase name="QuickSortTest[237]" classname="labrat.IntSortsTest" time="0"/>
  <testcase name="QuickSortTest[238]" classname="labrat.IntSortsTest" time="0"/>
  <testcase name="QuickSortTest[239]" classname="labrat.IntSortsTest" time="0.001"/>
  <testcase name="QuickSortTest[240]" classname="labrat.IntSortsTest" time="0"/>
  <testcase name="QuickSortTest[241]" classname="labrat.IntSortsTest" time="0"/>
  <testcase name="QuickSortTest[242]" classname="labrat.IntSortsTest" time="0"/>
  <testcase name="QuickSortTest[243]" classname="labrat.IntSortsTest" time="0.001"/>
  <testcase name="QuickSortTest[244]" classname="labrat.IntSortsTest" time="0"/>
  <testcase name="QuickSortTest[245]" classname="labrat.IntSortsTest" time="0"/>
  <testcase name="QuickSortTest[246]" classname="labrat.IntSortsTest" time="0"/>
  <testcase name="QuickSortTest[247]" classname="labrat.IntSortsTest" time="0.001"/>
  <testcase name="QuickSortTest[248]" classname="labrat.IntSortsTest" time="0"/>
  <testcase name="QuickSortTest[249]" classname="labrat.IntSortsTest" time="0"/>
  <testcase name="QuickSortTest[250]" classname="labrat.IntSortsTest" time="0"/>
  <testcase name="QuickSortTest[251]" classname="labrat.IntSortsTest" time="0"/>
  <testcase name="QuickSortTest[252]" classname="labrat.IntSortsTest" time="0"/>
  <testcase name="QuickSortTest[253]" classname="labrat.IntSortsTest" time="0"/>
  <testcase name="QuickSortTest[254]" classname="labrat.IntSortsTest" time="0"/>
  <testcase name="QuickSortTest[255]" classname="labrat.IntSortsTest" time="0"/>
  <testcase name="QuickSortTest[256]" classname="labrat.IntSortsTest" time="0"/>
  <testcase name="QuickSortTest[257]" classname="labrat.IntSortsTest" time="0"/>
  <testcase name="QuickSortTest[258]" classname="labrat.IntSortsTest" time="0"/>
  <testcase name="QuickSortTest[259]" classname="labrat.IntSortsTest" time="0.001"/>
  <testcase name="QuickSortTest[260]" classname="labrat.IntSortsTest" time="0"/>
  <testcase name="QuickSortTest[261]" classname="labrat.IntSortsTest" time="0"/>
  <testcase name="QuickSortTest[262]" classname="labrat.IntSortsTest" time="0"/>
  <testcase name="QuickSortTest[263]" classname="labrat.IntSortsTest" time="0.001"/>
  <testcase name="QuickSortTest[264]" classname="labrat.IntSortsTest" time="0"/>
  <testcase name="QuickSortTest[265]" classname="labrat.IntSortsTest" time="0"/>
  <testcase name="QuickSortTest[266]" classname="labrat.IntSortsTest" time="0"/>
  <testcase name="QuickSortTest[267]" classname="labrat.IntSortsTest" time="0"/>
  <testcase name="QuickSortTest[268]" classname="labrat.IntSortsTest" time="0"/>
  <testcase name="QuickSortTest[269]" classname="labrat.IntSortsTest" time="0"/>
  <testcase name="QuickSortTest[270]" classname="labrat.IntSortsTest" time="0"/>
  <testcase name="QuickSortTest[271]" classname="labrat.IntSortsTest" time="0"/>
  <testcase name="QuickSortTest[272]" classname="labrat.IntSortsTest" time="0"/>
  <testcase name="QuickSortTest[273]" classname="labrat.IntSortsTest" time="0"/>
  <testcase name="QuickSortTest[274]" classname="labrat.IntSortsTest" time="0"/>
  <testcase name="QuickSortTest[275]" classname="labrat.IntSortsTest" time="0.001"/>
  <testcase name="QuickSortTest[276]" classname="labrat.IntSortsTest" time="0"/>
  <testcase name="QuickSortTest[277]" classname="labrat.IntSortsTest" time="0"/>
  <testcase name="QuickSortTest[278]" classname="labrat.IntSortsTest" time="0"/>
  <testcase name="QuickSortTest[279]" classname="labrat.IntSortsTest" time="0"/>
  <testcase name="QuickSortTest[280]" classname="labrat.IntSortsTest" time="0"/>
  <testcase name="QuickSortTest[281]" classname="labrat.IntSortsTest" time="0"/>
  <testcase name="QuickSortTest[282]" classname="labrat.IntSortsTest" time="0"/>
  <testcase name="QuickSortTest[283]" classname="labrat.IntSortsTest" time="0"/>
  <testcase name="QuickSortTest[284]" classname="labrat.IntSortsTest" time="0"/>
  <testcase name="QuickSortTest[285]" classname="labrat.IntSortsTest" time="0"/>
  <testcase name="QuickSortTest[286]" classname="labrat.IntSortsTest" time="0"/>
  <testcase name="QuickSortTest[287]" classname="labrat.IntSortsTest" time="0"/>
  <testcase name="QuickSortTest[288]" classname="labrat.IntSortsTest" time="0"/>
  <testcase name="QuickSortTest[289]" classname="labrat.IntSortsTest" time="0"/>
  <testcase name="QuickSortTest[290]" classname="labrat.IntSortsTest" time="0"/>
  <testcase name="QuickSortTest[291]" classname="labrat.IntSortsTest" time="0"/>
  <testcase name="QuickSortTest[292]" classname="labrat.IntSortsTest" time="0"/>
  <testcase name="QuickSortTest[293]" classname="labrat.IntSortsTest" time="0"/>
  <testcase name="QuickSortTest[294]" classname="labrat.IntSortsTest" time="0"/>
  <testcase name="QuickSortTest[295]" classname="labrat.IntSortsTest" time="0"/>
  <testcase name="QuickSortTest[296]" classname="labrat.IntSortsTest" time="0"/>
  <testcase name="QuickSortTest[297]" classname="labrat.IntSortsTest" time="0"/>
  <testcase name="QuickSortTest[298]" classname="labrat.IntSortsTest" time="0"/>
  <testcase name="QuickSortTest[299]" classname="labrat.IntSortsTest" time="0"/>
  <testcase name="QuickSortTest[300]" classname="labrat.IntSortsTest" time="0.001"/>
  <testcase name="QuickSortTest[301]" classname="labrat.IntSortsTest" time="0"/>
  <testcase name="QuickSortTest[302]" classname="labrat.IntSortsTest" time="0"/>
  <testcase name="QuickSortTest[303]" classname="labrat.IntSortsTest" time="0"/>
  <testcase name="QuickSortTest[304]" classname="labrat.IntSortsTest" time="0.001"/>
  <testcase name="QuickSortTest[305]" classname="labrat.IntSortsTest" time="0"/>
  <testcase name="QuickSortTest[306]" classname="labrat.IntSortsTest" time="0"/>
  <testcase name="QuickSortTest[307]" classname="labrat.IntSortsTest" time="0"/>
  <testcase name="QuickSortTest[308]" classname="labrat.IntSortsTest" time="0.001"/>
  <testcase name="QuickSortTest[309]" classname="labrat.IntSortsTest" time="0"/>
  <testcase name="QuickSortTest[310]" classname="labrat.IntSortsTest" time="0"/>
  <testcase name="QuickSortTest[311]" classname="labrat.IntSortsTest" time="0"/>
  <testcase name="QuickSortTest[312]" classname="labrat.IntSortsTest" time="0.001"/>
  <testcase name="QuickSortTest[313]" classname="labrat.IntSortsTest" time="0"/>
  <testcase name="QuickSortTest[314]" classname="labrat.IntSortsTest" time="0"/>
  <testcase name="QuickSortTest[315]" classname="labrat.IntSortsTest" time="0"/>
  <testcase name="QuickSortTest[316]" classname="labrat.IntSortsTest" time="0"/>
  <testcase name="QuickSortTest[317]" classname="labrat.IntSortsTest" time="0"/>
  <testcase name="QuickSortTest[318]" classname="labrat.IntSortsTest" time="0"/>
  <testcase name="QuickSortTest[319]" classname="labrat.IntSortsTest" time="0.001"/>
  <testcase name="QuickSortTest[320]" classname="labrat.IntSortsTest" time="0"/>
  <testcase name="QuickSortTest[321]" classname="labrat.IntSortsTest" time="0"/>
  <testcase name="QuickSortTest[322]" classname="labrat.IntSortsTest" time="0"/>
  <testcase name="QuickSortTest[323]" classname="labrat.IntSortsTest" time="0"/>
  <testcase name="QuickSortTest[324]" classname="labrat.IntSortsTest" time="0.001"/>
  <testcase name="QuickSortTest[325]" classname="labrat.IntSortsTest" time="0"/>
  <testcase name="QuickSortTest[326]" classname="labrat.IntSortsTest" time="0"/>
  <testcase name="QuickSortTest[327]" classname="labrat.IntSortsTest" time="0"/>
  <testcase name="QuickSortTest[328]" classname="labrat.IntSortsTest" time="0.001"/>
  <testcase name="QuickSortTest[329]" classname="labrat.IntSortsTest" time="0"/>
  <testcase name="QuickSortTest[330]" classname="labrat.IntSortsTest" time="0"/>
  <testcase name="QuickSortTest[331]" classname="labrat.IntSortsTest" time="0"/>
  <testcase name="QuickSortTest[332]" classname="labrat.IntSortsTest" time="0"/>
  <testcase name="QuickSortTest[333]" classname="labrat.IntSortsTest" time="0.001"/>
  <testcase name="QuickSortTest[334]" classname="labrat.IntSortsTest" time="0"/>
  <testcase name="QuickSortTest[335]" classname="labrat.IntSortsTest" time="0"/>
  <testcase name="QuickSortTest[336]" classname="labrat.IntSortsTest" time="0"/>
  <testcase name="QuickSortTest[337]" classname="labrat.IntSortsTest" time="0"/>
  <testcase name="QuickSortTest[338]" classname="labrat.IntSortsTest" time="0"/>
  <testcase name="QuickSortTest[339]" classname="labrat.IntSortsTest" time="0"/>
  <testcase name="QuickSortTest[340]" classname="labrat.IntSortsTest" time="0"/>
  <testcase name="QuickSortTest[341]" classname="labrat.IntSortsTest" time="0"/>
  <testcase name="QuickSortTest[342]" classname="labrat.IntSortsTest" time="0.009"/>
  <testcase name="QuickSortTest[343]" classname="labrat.IntSortsTest" time="0"/>
  <testcase name="QuickSortTest[344]" classname="labrat.IntSortsTest" time="0.001"/>
  <testcase name="QuickSortTest[345]" classname="labrat.IntSortsTest" time="0"/>
  <testcase name="QuickSortTest[346]" classname="labrat.IntSortsTest" time="0"/>
  <testcase name="QuickSortTest[347]" classname="labrat.IntSortsTest" time="0"/>
  <testcase name="QuickSortTest[348]" classname="labrat.IntSortsTest" time="0.001"/>
  <testcase name="QuickSortTest[349]" classname="labrat.IntSortsTest" time="0"/>
  <testcase name="QuickSortTest[350]" classname="labrat.IntSortsTest" time="0"/>
  <testcase name="QuickSortTest[351]" classname="labrat.IntSortsTest" time="0"/>
  <testcase name="QuickSortTest[352]" classname="labrat.IntSortsTest" time="0"/>
  <testcase name="QuickSortTest[353]" classname="labrat.IntSortsTest" time="0"/>
  <testcase name="QuickSortTest[354]" classname="labrat.IntSortsTest" time="0"/>
  <testcase name="QuickSortTest[355]" classname="labrat.IntSortsTest" time="0"/>
  <testcase name="QuickSortTest[356]" classname="labrat.IntSortsTest" time="0"/>
  <testcase name="QuickSortTest[357]" classname="labrat.IntSortsTest" time="0.001"/>
  <testcase name="QuickSortTest[358]" classname="labrat.IntSortsTest" time="0"/>
  <testcase name="QuickSortTest[359]" classname="labrat.IntSortsTest" time="0"/>
  <testcase name="QuickSortTest[360]" classname="labrat.IntSortsTest" time="0"/>
  <testcase name="QuickSortTest[361]" classname="labrat.IntSortsTest" time="0"/>
  <testcase name="QuickSortTest[362]" classname="labrat.IntSortsTest" time="0.001"/>
  <testcase name="QuickSortTest[363]" classname="labrat.IntSortsTest" time="0"/>
  <testcase name="QuickSortTest[364]" classname="labrat.IntSortsTest" time="0"/>
  <testcase name="QuickSortTest[365]" classname="labrat.IntSortsTest" time="0"/>
  <testcase name="QuickSortTest[366]" classname="labrat.IntSortsTest" time="0"/>
  <testcase name="QuickSortTest[367]" classname="labrat.IntSortsTest" time="0"/>
  <testcase name="QuickSortTest[368]" classname="labrat.IntSortsTest" time="0"/>
  <testcase name="QuickSortTest[369]" classname="labrat.IntSortsTest" time="0"/>
  <testcase name="QuickSortTest[370]" classname="labrat.IntSortsTest" time="0"/>
  <testcase name="QuickSortTest[371]" classname="labrat.IntSortsTest" time="0.001"/>
  <testcase name="QuickSortTest[372]" classname="labrat.IntSortsTest" time="0"/>
  <testcase name="QuickSortTest[373]" classname="labrat.IntSortsTest" time="0"/>
  <testcase name="QuickSortTest[374]" classname="labrat.IntSortsTest" time="0"/>
  <testcase name="QuickSortTest[375]" classname="labrat.IntSortsTest" time="0"/>
  <testcase name="QuickSortTest[376]" classname="labrat.IntSortsTest" time="0"/>
  <testcase name="QuickSortTest[377]" classname="labrat.IntSortsTest" time="0"/>
  <testcase name="QuickSortTest[378]" classname="labrat.IntSortsTest" time="0"/>
  <testcase name="QuickSortTest[379]" classname="labrat.IntSortsTest" time="0"/>
  <testcase name="QuickSortTest[380]" classname="labrat.IntSortsTest" time="0"/>
  <testcase name="QuickSortTest[381]" classname="labrat.IntSortsTest" time="0"/>
  <testcase name="QuickSortTest[382]" classname="labrat.IntSortsTest" time="0"/>
  <testcase name="QuickSortTest[383]" classname="labrat.IntSortsTest" time="0"/>
  <testcase name="QuickSortTest[384]" classname="labrat.IntSortsTest" time="0"/>
  <testcase name="QuickSortTest[385]" classname="labrat.IntSortsTest" time="0.001"/>
  <testcase name="QuickSortTest[386]" classname="labrat.IntSortsTest" time="0"/>
  <testcase name="QuickSortTest[387]" classname="labrat.IntSortsTest" time="0"/>
  <testcase name="QuickSortTest[388]" classname="labrat.IntSortsTest" time="0"/>
  <testcase name="QuickSortTest[389]" classname="labrat.IntSortsTest" time="0"/>
  <testcase name="QuickSortTest[390]" classname="labrat.IntSortsTest" time="0"/>
  <testcase name="QuickSortTest[391]" classname="labrat.IntSortsTest" time="0"/>
  <testcase name="QuickSortTest[392]" classname="labrat.IntSortsTest" time="0"/>
  <testcase name="QuickSortTest[393]" classname="labrat.IntSortsTest" time="0.001"/>
  <testcase name="QuickSortTest[394]" classname="labrat.IntSortsTest" time="0"/>
  <testcase name="QuickSortTest[395]" classname="labrat.IntSortsTest" time="0"/>
  <testcase name="QuickSortTest[396]" classname="labrat.IntSortsTest" time="0"/>
  <testcase name="QuickSortTest[397]" classname="labrat.IntSortsTest" time="0"/>
  <testcase name="QuickSortTest[398]" classname="labrat.IntSortsTest" time="0"/>
  <testcase name="QuickSortTest[399]" classname="labrat.IntSortsTest" time="0"/>
  <testcase name="QuickSortTest[400]" classname="labrat.IntSortsTest" time="0"/>
  <testcase name="QuickSortTest[401]" classname="labrat.IntSortsTest" time="0"/>
  <testcase name="QuickSortTest[402]" classname="labrat.IntSortsTest" time="0.001"/>
  <testcase name="QuickSortTest[403]" classname="labrat.IntSortsTest" time="0"/>
  <testcase name="QuickSortTest[404]" classname="labrat.IntSortsTest" time="0"/>
  <testcase name="QuickSortTest[405]" classname="labrat.IntSortsTest" time="0"/>
  <testcase name="QuickSortTest[406]" classname="labrat.IntSortsTest" time="0"/>
  <testcase name="QuickSortTest[407]" classname="labrat.IntSortsTest" time="0"/>
  <testcase name="QuickSortTest[408]" classname="labrat.IntSortsTest" time="0"/>
  <testcase name="QuickSortTest[409]" classname="labrat.IntSortsTest" time="0"/>
  <testcase name="QuickSortTest[410]" classname="labrat.IntSortsTest" time="0"/>
  <testcase name="QuickSortTest[411]" classname="labrat.IntSortsTest" time="0.001"/>
  <testcase name="QuickSortTest[412]" classname="labrat.IntSortsTest" time="0"/>
  <testcase name="QuickSortTest[413]" classname="labrat.IntSortsTest" time="0"/>
  <testcase name="QuickSortTest[414]" classname="labrat.IntSortsTest" time="0"/>
  <testcase name="QuickSortTest[415]" classname="labrat.IntSortsTest" time="0"/>
  <testcase name="QuickSortTest[416]" classname="labrat.IntSortsTest" time="0.001"/>
  <testcase name="QuickSortTest[417]" classname="labrat.IntSortsTest" time="0"/>
  <testcase name="QuickSortTest[418]" classname="labrat.IntSortsTest" time="0"/>
  <testcase name="QuickSortTest[419]" classname="labrat.IntSortsTest" time="0"/>
  <testcase name="QuickSortTest[420]" classname="labrat.IntSortsTest" time="0"/>
  <testcase name="QuickSortTest[421]" classname="labrat.IntSortsTest" time="0"/>
  <testcase name="QuickSortTest[422]" classname="labrat.IntSortsTest" time="0"/>
  <testcase name="QuickSortTest[423]" classname="labrat.IntSortsTest" time="0"/>
  <testcase name="QuickSortTest[424]" classname="labrat.IntSortsTest" time="0"/>
  <testcase name="QuickSortTest[425]" classname="labrat.IntSortsTest" time="0.001"/>
  <testcase name="QuickSortTest[426]" classname="labrat.IntSortsTest" time="0"/>
  <testcase name="QuickSortTest[427]" classname="labrat.IntSortsTest" time="0"/>
  <testcase name="QuickSortTest[428]" classname="labrat.IntSortsTest" time="0"/>
  <testcase name="QuickSortTest[429]" classname="labrat.IntSortsTest" time="0"/>
  <testcase name="QuickSortTest[430]" classname="labrat.IntSortsTest" time="0.001"/>
  <testcase name="QuickSortTest[431]" classname="labrat.IntSortsTest" time="0"/>
  <testcase name="QuickSortTest[432]" classname="labrat.IntSortsTest" time="0"/>
  <testcase name="QuickSortTest[433]" classname="labrat.IntSortsTest" time="0"/>
  <testcase name="QuickSortTest[434]" classname="labrat.IntSortsTest" time="0"/>
  <testcase name="QuickSortTest[435]" classname="labrat.IntSortsTest" time="0"/>
  <testcase name="QuickSortTest[436]" classname="labrat.IntSortsTest" time="0"/>
  <testcase name="QuickSortTest[437]" classname="labrat.IntSortsTest" time="0"/>
  <testcase name="QuickSortTest[438]" classname="labrat.IntSortsTest" time="0"/>
  <testcase name="QuickSortTest[439]" classname="labrat.IntSortsTest" time="0.001"/>
  <testcase name="QuickSortTest[440]" classname="labrat.IntSortsTest" time="0"/>
  <testcase name="QuickSortTest[441]" classname="labrat.IntSortsTest" time="0"/>
  <testcase name="QuickSortTest[442]" classname="labrat.IntSortsTest" time="0"/>
  <testcase name="QuickSortTest[443]" classname="labrat.IntSortsTest" time="0"/>
  <testcase name="QuickSortTest[444]" classname="labrat.IntSortsTest" time="0.001"/>
  <testcase name="QuickSortTest[445]" classname="labrat.IntSortsTest" time="0"/>
  <testcase name="QuickSortTest[446]" classname="labrat.IntSortsTest" time="0"/>
  <testcase name="QuickSortTest[447]" classname="labrat.IntSortsTest" time="0"/>
  <testcase name="QuickSortTest[448]" classname="labrat.IntSortsTest" time="0"/>
  <testcase name="QuickSortTest[449]" classname="labrat.IntSortsTest" time="0"/>
  <testcase name="QuickSortTest[450]" classname="labrat.IntSortsTest" time="0"/>
  <testcase name="QuickSortTest[451]" classname="labrat.IntSortsTest" time="0"/>
  <testcase name="QuickSortTest[452]" classname="labrat.IntSortsTest" time="0"/>
  <testcase name="QuickSortTest[453]" classname="labrat.IntSortsTest" time="0.001"/>
  <testcase name="QuickSortTest[454]" classname="labrat.IntSortsTest" time="0"/>
  <testcase name="QuickSortTest[455]" classname="labrat.IntSortsTest" time="0"/>
  <testcase name="QuickSortTest[456]" classname="labrat.IntSortsTest" time="0"/>
  <testcase name="QuickSortTest[457]" classname="labrat.IntSortsTest" time="0"/>
  <testcase name="QuickSortTest[458]" classname="labrat.IntSortsTest" time="0.001"/>
  <testcase name="QuickSortTest[459]" classname="labrat.IntSortsTest" time="0"/>
  <testcase name="QuickSortTest[460]" classname="labrat.IntSortsTest" time="0"/>
  <testcase name="QuickSortTest[461]" classname="labrat.IntSortsTest" time="0"/>
  <testcase name="QuickSortTest[462]" classname="labrat.IntSortsTest" time="0"/>
  <testcase name="QuickSortTest[463]" classname="labrat.IntSortsTest" time="0"/>
  <testcase name="QuickSortTest[464]" classname="labrat.IntSortsTest" time="0"/>
  <testcase name="QuickSortTest[465]" classname="labrat.IntSortsTest" time="0"/>
  <testcase name="QuickSortTest[466]" classname="labrat.IntSortsTest" time="0"/>
  <testcase name="QuickSortTest[467]" classname="labrat.IntSortsTest" time="0.001"/>
  <testcase name="QuickSortTest[468]" classname="labrat.IntSortsTest" time="0"/>
  <testcase name="QuickSortTest[469]" classname="labrat.IntSortsTest" time="0"/>
  <testcase name="QuickSortTest[470]" classname="labrat.IntSortsTest" time="0"/>
  <testcase name="QuickSortTest[471]" classname="labrat.IntSortsTest" time="0"/>
  <testcase name="QuickSortTest[472]" classname="labrat.IntSortsTest" time="0"/>
  <testcase name="QuickSortTest[473]" classname="labrat.IntSortsTest" time="0"/>
  <testcase name="QuickSortTest[474]" classname="labrat.IntSortsTest" time="0"/>
  <testcase name="QuickSortTest[475]" classname="labrat.IntSortsTest" time="0"/>
  <testcase name="QuickSortTest[476]" classname="labrat.IntSortsTest" time="0.001"/>
  <testcase name="QuickSortTest[477]" classname="labrat.IntSortsTest" time="0"/>
  <testcase name="QuickSortTest[478]" classname="labrat.IntSortsTest" time="0"/>
  <testcase name="QuickSortTest[479]" classname="labrat.IntSortsTest" time="0"/>
  <testcase name="QuickSortTest[480]" classname="labrat.IntSortsTest" time="0"/>
  <testcase name="QuickSortTest[481]" classname="labrat.IntSortsTest" time="0"/>
  <testcase name="QuickSortTest[482]" classname="labrat.IntSortsTest" time="0"/>
  <testcase name="QuickSortTest[483]" classname="labrat.IntSortsTest" time="0"/>
  <testcase name="QuickSortTest[484]" classname="labrat.IntSortsTest" time="0"/>
  <testcase name="QuickSortTest[485]" classname="labrat.IntSortsTest" time="0.001"/>
  <testcase name="QuickSortTest[486]" classname="labrat.IntSortsTest" time="0"/>
  <testcase name="QuickSortTest[487]" classname="labrat.IntSortsTest" time="0"/>
  <testcase name="QuickSortTest[488]" classname="labrat.IntSortsTest" time="0"/>
  <testcase name="QuickSortTest[489]" classname="labrat.IntSortsTest" time="0"/>
  <testcase name="QuickSortTest[490]" classname="labrat.IntSortsTest" time="0.001"/>
  <testcase name="QuickSortTest[491]" classname="labrat.IntSortsTest" time="0"/>
  <testcase name="QuickSortTest[492]" classname="labrat.IntSortsTest" time="0"/>
  <testcase name="QuickSortTest[493]" classname="labrat.IntSortsTest" time="0"/>
  <testcase name="QuickSortTest[494]" classname="labrat.IntSortsTest" time="0"/>
  <testcase name="QuickSortTest[495]" classname="labrat.IntSortsTest" time="0.001"/>
  <testcase name="QuickSortTest[496]" classname="labrat.IntSortsTest" time="0"/>
  <testcase name="QuickSortTest[497]" classname="labrat.IntSortsTest" time="0"/>
  <testcase name="QuickSortTest[498]" classname="labrat.IntSortsTest" time="0"/>
  <testcase name="QuickSortTest[499]" classname="labrat.IntSortsTest" time="0"/>
  <testcase name="QuickSortTest[500]" classname="labrat.IntSortsTest" time="0"/>
  <testcase name="QuickSortTest[501]" classname="labrat.IntSortsTest" time="0"/>
  <testcase name="QuickSortTest[502]" classname="labrat.IntSortsTest" time="0"/>
  <testcase name="QuickSortTest[503]" classname="labrat.IntSortsTest" time="0"/>
  <testcase name="QuickSortTest[504]" classname="labrat.IntSortsTest" time="0.001"/>
  <testcase name="QuickSortTest[505]" classname="labrat.IntSortsTest" time="0"/>
  <testcase name="QuickSortTest[506]" classname="labrat.IntSortsTest" time="0"/>
  <testcase name="QuickSortTest[507]" classname="labrat.IntSortsTest" time="0"/>
  <testcase name="QuickSortTest[508]" classname="labrat.IntSortsTest" time="0"/>
  <testcase name="QuickSortTest[509]" classname="labrat.IntSortsTest" time="0.001"/>
  <testcase name="QuickSortTest[510]" classname="labrat.IntSortsTest" time="0"/>
  <testcase name="QuickSortTest[511]" classname="labrat.IntSortsTest" time="0"/>
  <testcase name="QuickSortTest[512]" classname="labrat.IntSortsTest" time="0"/>
  <testcase name="QuickSortTest[513]" classname="labrat.IntSortsTest" time="0"/>
  <testcase name="QuickSortTest[514]" classname="labrat.IntSortsTest" time="0"/>
  <testcase name="QuickSortTest[515]" classname="labrat.IntSortsTest" time="0"/>
  <testcase name="QuickSortTest[516]" classname="labrat.IntSortsTest" time="0"/>
  <testcase name="QuickSortTest[517]" classname="labrat.IntSortsTest" time="0"/>
  <testcase name="QuickSortTest[518]" classname="labrat.IntSortsTest" time="0"/>
  <testcase name="QuickSortTest[519]" classname="labrat.IntSortsTest" time="0"/>
  <testcase name="QuickSortTest[520]" classname="labrat.IntSortsTest" time="0"/>
  <testcase name="QuickSortTest[521]" classname="labrat.IntSortsTest" time="0"/>
  <testcase name="QuickSortTest[522]" classname="labrat.IntSortsTest" time="0"/>
  <testcase name="QuickSortTest[523]" classname="labrat.IntSortsTest" time="0"/>
  <testcase name="QuickSortTest[524]" classname="labrat.IntSortsTest" time="0"/>
  <testcase name="QuickSortTest[525]" classname="labrat.IntSortsTest" time="0"/>
  <testcase name="QuickSortTest[526]" classname="labrat.IntSortsTest" time="0"/>
  <testcase name="QuickSortTest[527]" classname="labrat.IntSortsTest" time="0"/>
  <testcase name="QuickSortTest[528]" classname="labrat.IntSortsTest" time="0.001"/>
  <testcase name="QuickSortTest[529]" classname="labrat.IntSortsTest" time="0"/>
  <testcase name="QuickSortTest[530]" classname="labrat.IntSortsTest" time="0"/>
  <testcase name="QuickSortTest[531]" classname="labrat.IntSortsTest" time="0"/>
  <testcase name="QuickSortTest[532]" classname="labrat.IntSortsTest" time="0"/>
  <testcase name="QuickSortTest[533]" classname="labrat.IntSortsTest" time="0.001"/>
  <testcase name="QuickSortTest[534]" classname="labrat.IntSortsTest" time="0"/>
  <testcase name="QuickSortTest[535]" classname="labrat.IntSortsTest" time="0"/>
  <testcase name="QuickSortTest[536]" classname="labrat.IntSortsTest" time="0"/>
  <testcase name="QuickSortTest[537]" classname="labrat.IntSortsTest" time="0"/>
  <testcase name="QuickSortTest[538]" classname="labrat.IntSortsTest" time="0"/>
  <testcase name="QuickSortTest[539]" classname="labrat.IntSortsTest" time="0"/>
  <testcase name="QuickSortTest[540]" classname="labrat.IntSortsTest" time="0"/>
  <testcase name="QuickSortTest[541]" classname="labrat.IntSortsTest" time="0"/>
  <testcase name="QuickSortTest[542]" classname="labrat.IntSortsTest" time="0.001"/>
  <testcase name="QuickSortTest[543]" classname="labrat.IntSortsTest" time="0"/>
  <testcase name="QuickSortTest[544]" classname="labrat.IntSortsTest" time="0"/>
  <testcase name="QuickSortTest[545]" classname="labrat.IntSortsTest" time="0"/>
  <testcase name="QuickSortTest[546]" classname="labrat.IntSortsTest" time="0"/>
  <testcase name="QuickSortTest[547]" classname="labrat.IntSortsTest" time="0"/>
  <testcase name="QuickSortTest[548]" classname="labrat.IntSortsTest" time="0"/>
  <testcase name="QuickSortTest[549]" classname="labrat.IntSortsTest" time="0"/>
  <testcase name="QuickSortTest[550]" classname="labrat.IntSortsTest" time="0"/>
  <testcase name="QuickSortTest[551]" classname="labrat.IntSortsTest" time="0.001"/>
  <testcase name="QuickSortTest[552]" classname="labrat.IntSortsTest" time="0"/>
  <testcase name="QuickSortTest[553]" classname="labrat.IntSortsTest" time="0"/>
  <testcase name="QuickSortTest[554]" classname="labrat.IntSortsTest" time="0"/>
  <testcase name="QuickSortTest[555]" classname="labrat.IntSortsTest" time="0"/>
  <testcase name="QuickSortTest[556]" classname="labrat.IntSortsTest" time="0"/>
  <testcase name="QuickSortTest[557]" classname="labrat.IntSortsTest" time="0"/>
  <testcase name="QuickSortTest[558]" classname="labrat.IntSortsTest" time="0"/>
  <testcase name="QuickSortTest[559]" classname="labrat.IntSortsTest" time="0"/>
  <testcase name="QuickSortTest[560]" classname="labrat.IntSortsTest" time="0"/>
  <testcase name="QuickSortTest[561]" classname="labrat.IntSortsTest" time="0"/>
  <testcase name="QuickSortTest[562]" classname="labrat.IntSortsTest" time="0"/>
  <testcase name="QuickSortTest[563]" classname="labrat.IntSortsTest" time="0"/>
  <testcase name="QuickSortTest[564]" classname="labrat.IntSortsTest" time="0.001"/>
  <testcase name="QuickSortTest[565]" classname="labrat.IntSortsTest" time="0"/>
  <testcase name="QuickSortTest[566]" classname="labrat.IntSortsTest" time="0"/>
  <testcase name="QuickSortTest[567]" classname="labrat.IntSortsTest" time="0"/>
  <testcase name="QuickSortTest[568]" classname="labrat.IntSortsTest" time="0.001"/>
  <testcase name="QuickSortTest[569]" classname="labrat.IntSortsTest" time="0"/>
  <testcase name="QuickSortTest[570]" classname="labrat.IntSortsTest" time="0"/>
  <testcase name="QuickSortTest[571]" classname="labrat.IntSortsTest" time="0"/>
  <testcase name="QuickSortTest[572]" classname="labrat.IntSortsTest" time="0.001"/>
  <testcase name="QuickSortTest[573]" classname="labrat.IntSortsTest" time="0"/>
  <testcase name="QuickSortTest[574]" classname="labrat.IntSortsTest" time="0"/>
  <testcase name="QuickSortTest[575]" classname="labrat.IntSortsTest" time="0"/>
  <testcase name="QuickSortTest[576]" classname="labrat.IntSortsTest" time="0.001"/>
  <testcase name="QuickSortTest[577]" classname="labrat.IntSortsTest" time="0"/>
  <testcase name="QuickSortTest[578]" classname="labrat.IntSortsTest" time="0"/>
  <testcase name="QuickSortTest[579]" classname="labrat.IntSortsTest" time="0"/>
  <testcase name="QuickSortTest[580]" classname="labrat.IntSortsTest" time="0"/>
  <testcase name="QuickSortTest[581]" classname="labrat.IntSortsTest" time="0"/>
  <testcase name="QuickSortTest[582]" classname="labrat.IntSortsTest" time="0"/>
  <testcase name="QuickSortTest[583]" classname="labrat.IntSortsTest" time="0"/>
  <testcase name="QuickSortTest[584]" classname="labrat.IntSortsTest" time="0"/>
  <testcase name="QuickSortTest[585]" classname="labrat.IntSortsTest" time="0"/>
  <testcase name="QuickSortTest[586]" classname="labrat.IntSortsTest" time="0"/>
  <testcase name="QuickSortTest[587]" classname="labrat.IntSortsTest" time="0"/>
  <testcase name="QuickSortTest[588]" classname="labrat.IntSortsTest" time="0"/>
  <testcase name="QuickSortTest[589]" classname="labrat.IntSortsTest" time="0.001"/>
  <testcase name="QuickSortTest[590]" classname="labrat.IntSortsTest" time="0"/>
  <testcase name="QuickSortTest[591]" classname="labrat.IntSortsTest" time="0"/>
  <testcase name="QuickSortTest[592]" classname="labrat.IntSortsTest" time="0"/>
  <testcase name="QuickSortTest[593]" classname="labrat.IntSortsTest" time="0.001"/>
  <testcase name="QuickSortTest[594]" classname="labrat.IntSortsTest" time="0"/>
  <testcase name="QuickSortTest[595]" classname="labrat.IntSortsTest" time="0"/>
  <testcase name="QuickSortTest[596]" classname="labrat.IntSortsTest" time="0"/>
  <testcase name="QuickSortTest[597]" classname="labrat.IntSortsTest" time="0"/>
  <testcase name="QuickSortTest[598]" classname="labrat.IntSortsTest" time="0"/>
  <testcase name="QuickSortTest[599]" classname="labrat.IntSortsTest" time="0"/>
  <testcase name="QuickSortTest[600]" classname="labrat.IntSortsTest" time="0"/>
  <testcase name="QuickSortTest[601]" classname="labrat.IntSortsTest" time="0"/>
  <testcase name="QuickSortTest[602]" classname="labrat.IntSortsTest" time="0.001"/>
  <testcase name="QuickSortTest[603]" classname="labrat.IntSortsTest" time="0"/>
  <testcase name="QuickSortTest[604]" classname="labrat.IntSortsTest" time="0"/>
  <testcase name="QuickSortTest[605]" classname="labrat.IntSortsTest" time="0"/>
  <testcase name="QuickSortTest[606]" classname="labrat.IntSortsTest" time="0.001"/>
  <testcase name="QuickSortTest[607]" classname="labrat.IntSortsTest" time="0"/>
  <testcase name="QuickSortTest[608]" classname="labrat.IntSortsTest" time="0"/>
  <testcase name="QuickSortTest[609]" classname="labrat.IntSortsTest" time="0"/>
  <testcase name="QuickSortTest[610]" classname="labrat.IntSortsTest" time="0"/>
  <testcase name="QuickSortTest[611]" classname="labrat.IntSortsTest" time="0.001"/>
  <testcase name="QuickSortTest[612]" classname="labrat.IntSortsTest" time="0"/>
  <testcase name="QuickSortTest[613]" classname="labrat.IntSortsTest" time="0"/>
  <testcase name="QuickSortTest[614]" classname="labrat.IntSortsTest" time="0"/>
  <testcase name="QuickSortTest[615]" classname="labrat.IntSortsTest" time="0.001"/>
  <testcase name="QuickSortTest[616]" classname="labrat.IntSortsTest" time="0"/>
  <testcase name="QuickSortTest[617]" classname="labrat.IntSortsTest" time="0"/>
  <testcase name="QuickSortTest[618]" classname="labrat.IntSortsTest" time="0"/>
  <testcase name="QuickSortTest[619]" classname="labrat.IntSortsTest" time="0"/>
  <testcase name="QuickSortTest[620]" classname="labrat.IntSortsTest" time="0"/>
  <testcase name="QuickSortTest[621]" classname="labrat.IntSortsTest" time="0"/>
  <testcase name="QuickSortTest[622]" classname="labrat.IntSortsTest" time="0"/>
  <testcase name="QuickSortTest[623]" classname="labrat.IntSortsTest" time="0"/>
  <testcase name="QuickSortTest[624]" classname="labrat.IntSortsTest" time="0.001"/>
  <testcase name="QuickSortTest[625]" classname="labrat.IntSortsTest" time="0"/>
  <testcase name="QuickSortTest[626]" classname="labrat.IntSortsTest" time="0"/>
  <testcase name="QuickSortTest[627]" classname="labrat.IntSortsTest" time="0"/>
  <testcase name="QuickSortTest[628]" classname="labrat.IntSortsTest" time="0"/>
  <testcase name="QuickSortTest[629]" classname="labrat.IntSortsTest" time="0"/>
  <testcase name="QuickSortTest[630]" classname="labrat.IntSortsTest" time="0"/>
  <testcase name="QuickSortTest[631]" classname="labrat.IntSortsTest" time="0"/>
  <testcase name="QuickSortTest[632]" classname="labrat.IntSortsTest" time="0"/>
  <testcase name="QuickSortTest[633]" classname="labrat.IntSortsTest" time="0"/>
  <testcase name="QuickSortTest[634]" classname="labrat.IntSortsTest" time="0"/>
  <testcase name="QuickSortTest[635]" classname="labrat.IntSortsTest" time="0"/>
  <testcase name="QuickSortTest[636]" classname="labrat.IntSortsTest" time="0"/>
  <testcase name="QuickSortTest[637]" classname="labrat.IntSortsTest" time="0.001"/>
  <testcase name="QuickSortTest[638]" classname="labrat.IntSortsTest" time="0"/>
  <testcase name="QuickSortTest[639]" classname="labrat.IntSortsTest" time="0"/>
  <testcase name="QuickSortTest[640]" classname="labrat.IntSortsTest" time="0"/>
  <testcase name="QuickSortTest[641]" classname="labrat.IntSortsTest" time="0"/>
  <testcase name="QuickSortTest[642]" classname="labrat.IntSortsTest" time="0"/>
  <testcase name="QuickSortTest[643]" classname="labrat.IntSortsTest" time="0"/>
  <testcase name="QuickSortTest[644]" classname="labrat.IntSortsTest" time="0"/>
  <testcase name="QuickSortTest[645]" classname="labrat.IntSortsTest" time="0"/>
  <testcase name="QuickSortTest[646]" classname="labrat.IntSortsTest" time="0.001"/>
  <testcase name="QuickSortTest[647]" classname="labrat.IntSortsTest" time="0"/>
  <testcase name="QuickSortTest[648]" classname="labrat.IntSortsTest" time="0"/>
  <testcase name="QuickSortTest[649]" classname="labrat.IntSortsTest" time="0"/>
  <testcase name="QuickSortTest[650]" classname="labrat.IntSortsTest" time="0"/>
  <testcase name="QuickSortTest[651]" classname="labrat.IntSortsTest" time="0"/>
  <testcase name="QuickSortTest[652]" classname="labrat.IntSortsTest" time="0"/>
  <testcase name="QuickSortTest[653]" classname="labrat.IntSortsTest" time="0"/>
  <testcase name="QuickSortTest[654]" classname="labrat.IntSortsTest" time="0"/>
  <testcase name="QuickSortTest[655]" classname="labrat.IntSortsTest" time="0.001"/>
  <testcase name="QuickSortTest[656]" classname="labrat.IntSortsTest" time="0"/>
  <testcase name="QuickSortTest[657]" classname="labrat.IntSortsTest" time="0"/>
  <testcase name="QuickSortTest[658]" classname="labrat.IntSortsTest" time="0"/>
  <testcase name="QuickSortTest[659]" classname="labrat.IntSortsTest" time="0.001"/>
  <testcase name="QuickSortTest[660]" classname="labrat.IntSortsTest" time="0"/>
  <testcase name="QuickSortTest[661]" classname="labrat.IntSortsTest" time="0"/>
  <testcase name="QuickSortTest[662]" classname="labrat.IntSortsTest" time="0"/>
  <testcase name="QuickSortTest[663]" classname="labrat.IntSortsTest" time="0.001"/>
  <testcase name="QuickSortTest[664]" classname="labrat.IntSortsTest" time="0"/>
  <testcase name="QuickSortTest[665]" classname="labrat.IntSortsTest" time="0"/>
  <testcase name="QuickSortTest[666]" classname="labrat.IntSortsTest" time="0"/>
  <testcase name="QuickSortTest[667]" classname="labrat.IntSortsTest" time="0.001"/>
  <testcase name="QuickSortTest[668]" classname="labrat.IntSortsTest" time="0"/>
  <testcase name="QuickSortTest[669]" classname="labrat.IntSortsTest" time="0"/>
  <testcase name="QuickSortTest[670]" classname="labrat.IntSortsTest" time="0"/>
  <testcase name="QuickSortTest[671]" classname="labrat.IntSortsTest" time="0"/>
  <testcase name="QuickSortTest[672]" classname="labrat.IntSortsTest" time="0"/>
  <testcase name="QuickSortTest[673]" classname="labrat.IntSortsTest" time="0"/>
  <testcase name="QuickSortTest[674]" classname="labrat.IntSortsTest" time="0"/>
  <testcase name="QuickSortTest[675]" classname="labrat.IntSortsTest" time="0"/>
  <testcase name="QuickSortTest[676]" classname="labrat.IntSortsTest" time="0"/>
  <testcase name="QuickSortTest[677]" classname="labrat.IntSortsTest" time="0"/>
  <testcase name="QuickSortTest[678]" classname="labrat.IntSortsTest" time="0"/>
  <testcase name="QuickSortTest[679]" classname="labrat.IntSortsTest" time="0.001"/>
  <testcase name="QuickSortTest[680]" classname="labrat.IntSortsTest" time="0"/>
  <testcase name="QuickSortTest[681]" classname="labrat.IntSortsTest" time="0"/>
  <testcase name="QuickSortTest[682]" classname="labrat.IntSortsTest" time="0.001"/>
  <testcase name="QuickSortTest[683]" classname="labrat.IntSortsTest" time="0"/>
  <testcase name="QuickSortTest[684]" classname="labrat.IntSortsTest" time="0"/>
  <testcase name="QuickSortTest[685]" classname="labrat.IntSortsTest" time="0.001"/>
  <testcase name="QuickSortTest[686]" classname="labrat.IntSortsTest" time="0"/>
  <testcase name="QuickSortTest[687]" classname="labrat.IntSortsTest" time="0"/>
  <testcase name="QuickSortTest[688]" classname="labrat.IntSortsTest" time="0.001"/>
  <testcase name="QuickSortTest[689]" classname="labrat.IntSortsTest" time="0"/>
  <testcase name="QuickSortTest[690]" classname="labrat.IntSortsTest" time="0"/>
  <testcase name="QuickSortTest[691]" classname="labrat.IntSortsTest" time="0.001"/>
  <testcase name="QuickSortTest[692]" classname="labrat.IntSortsTest" time="0"/>
  <testcase name="QuickSortTest[693]" classname="labrat.IntSortsTest" time="0"/>
  <testcase name="QuickSortTest[694]" classname="labrat.IntSortsTest" time="0"/>
  <testcase name="QuickSortTest[695]" classname="labrat.IntSortsTest" time="0"/>
  <testcase name="QuickSortTest[696]" classname="labrat.IntSortsTest" time="0"/>
  <testcase name="QuickSortTest[697]" classname="labrat.IntSortsTest" time="0"/>
  <testcase name="QuickSortTest[698]" classname="labrat.IntSortsTest" time="0"/>
  <testcase name="QuickSortTest[699]" classname="labrat.IntSortsTest" time="0"/>
  <testcase name="QuickSortTest[700]" classname="labrat.IntSortsTest" time="0.001"/>
  <testcase name="QuickSortTest[701]" classname="labrat.IntSortsTest" time="0"/>
  <testcase name="QuickSortTest[702]" classname="labrat.IntSortsTest" time="0"/>
  <testcase name="QuickSortTest[703]" classname="labrat.IntSortsTest" time="0.001"/>
  <testcase name="QuickSortTest[704]" classname="labrat.IntSortsTest" time="0.005"/>
  <testcase name="QuickSortTest[705]" classname="labrat.IntSortsTest" time="0"/>
  <testcase name="QuickSortTest[706]" classname="labrat.IntSortsTest" time="0"/>
  <testcase name="QuickSortTest[707]" classname="labrat.IntSortsTest" time="0"/>
  <testcase name="QuickSortTest[708]" classname="labrat.IntSortsTest" time="0"/>
  <testcase name="QuickSortTest[709]" classname="labrat.IntSortsTest" time="0"/>
  <testcase name="QuickSortTest[710]" classname="labrat.IntSortsTest" time="0"/>
  <testcase name="QuickSortTest[711]" classname="labrat.IntSortsTest" time="0"/>
  <testcase name="QuickSortTest[712]" classname="labrat.IntSortsTest" time="0"/>
  <testcase name="QuickSortTest[713]" classname="labrat.IntSortsTest" time="0"/>
  <testcase name="QuickSortTest[714]" classname="labrat.IntSortsTest" time="0"/>
  <testcase name="QuickSortTest[715]" classname="labrat.IntSortsTest" time="0"/>
  <testcase name="QuickSortTest[716]" classname="labrat.IntSortsTest" time="0"/>
  <testcase name="QuickSortTest[717]" classname="labrat.IntSortsTest" time="0"/>
  <testcase name="QuickSortTest[718]" classname="labrat.IntSortsTest" time="0"/>
  <testcase name="QuickSortTest[719]" classname="labrat.IntSortsTest" time="0"/>
  <testcase name="QuickSortTest[720]" classname="labrat.IntSortsTest" time="0"/>
  <testcase name="QuickSortTest[721]" classname="labrat.IntSortsTest" time="0.001"/>
  <testcase name="QuickSortTest[722]" classname="labrat.IntSortsTest" time="0"/>
  <testcase name="QuickSortTest[723]" classname="labrat.IntSortsTest" time="0"/>
  <testcase name="QuickSortTest[724]" classname="labrat.IntSortsTest" time="0.001"/>
  <testcase name="QuickSortTest[725]" classname="labrat.IntSortsTest" time="0"/>
  <testcase name="QuickSortTest[726]" classname="labrat.IntSortsTest" time="0"/>
  <testcase name="QuickSortTest[727]" classname="labrat.IntSortsTest" time="0"/>
  <testcase name="QuickSortTest[728]" classname="labrat.IntSortsTest" time="0"/>
  <testcase name="QuickSortTest[729]" classname="labrat.IntSortsTest" time="0"/>
  <testcase name="QuickSortTest[730]" classname="labrat.IntSortsTest" time="0"/>
  <testcase name="QuickSortTest[731]" classname="labrat.IntSortsTest" time="0"/>
  <testcase name="QuickSortTest[732]" classname="labrat.IntSortsTest" time="0"/>
  <testcase name="QuickSortTest[733]" classname="labrat.IntSortsTest" time="0"/>
  <testcase name="QuickSortTest[734]" classname="labrat.IntSortsTest" time="0"/>
  <testcase name="QuickSortTest[735]" classname="labrat.IntSortsTest" time="0"/>
  <testcase name="QuickSortTest[736]" classname="labrat.IntSortsTest" time="0"/>
  <testcase name="QuickSortTest[737]" classname="labrat.IntSortsTest" time="0.001"/>
  <testcase name="QuickSortTest[738]" classname="labrat.IntSortsTest" time="0"/>
  <testcase name="QuickSortTest[739]" classname="labrat.IntSortsTest" time="0"/>
  <testcase name="QuickSortTest[740]" classname="labrat.IntSortsTest" time="0.001"/>
  <testcase name="QuickSortTest[741]" classname="labrat.IntSortsTest" time="0"/>
  <testcase name="QuickSortTest[742]" classname="labrat.IntSortsTest" time="0"/>
  <testcase name="QuickSortTest[743]" classname="labrat.IntSortsTest" time="0"/>
  <testcase name="QuickSortTest[744]" classname="labrat.IntSortsTest" time="0"/>
  <testcase name="QuickSortTest[745]" classname="labrat.IntSortsTest" time="0"/>
  <testcase name="QuickSortTest[746]" classname="labrat.IntSortsTest" time="0.001"/>
  <testcase name="QuickSortTest[747]" classname="labrat.IntSortsTest" time="0"/>
  <testcase name="QuickSortTest[748]" classname="labrat.IntSortsTest" time="0"/>
  <testcase name="QuickSortTest[749]" classname="labrat.IntSortsTest" time="0"/>
  <testcase name="QuickSortTest[750]" classname="labrat.IntSortsTest" time="0"/>
  <testcase name="QuickSortTest[751]" classname="labrat.IntSortsTest" time="0.001"/>
  <testcase name="QuickSortTest[752]" classname="labrat.IntSortsTest" time="0"/>
  <testcase name="QuickSortTest[753]" classname="labrat.IntSortsTest" time="0"/>
  <testcase name="QuickSortTest[754]" classname="labrat.IntSortsTest" time="0.001"/>
  <testcase name="QuickSortTest[755]" classname="labrat.IntSortsTest" time="0"/>
  <testcase name="QuickSortTest[756]" classname="labrat.IntSortsTest" time="0"/>
  <testcase name="QuickSortTest[757]" classname="labrat.IntSortsTest" time="0"/>
  <testcase name="QuickSortTest[758]" classname="labrat.IntSortsTest" time="0"/>
  <testcase name="QuickSortTest[759]" classname="labrat.IntSortsTest" time="0"/>
  <testcase name="QuickSortTest[760]" classname="labrat.IntSortsTest" time="0"/>
  <testcase name="QuickSortTest[761]" classname="labrat.IntSortsTest" time="0"/>
  <testcase name="QuickSortTest[762]" classname="labrat.IntSortsTest" time="0"/>
  <testcase name="QuickSortTest[763]" classname="labrat.IntSortsTest" time="0"/>
  <testcase name="QuickSortTest[764]" classname="labrat.IntSortsTest" time="0"/>
  <testcase name="QuickSortTest[765]" classname="labrat.IntSortsTest" time="0.001"/>
  <testcase name="QuickSortTest[766]" classname="labrat.IntSortsTest" time="0"/>
  <testcase name="QuickSortTest[767]" classname="labrat.IntSortsTest" time="0"/>
  <testcase name="QuickSortTest[768]" classname="labrat.IntSortsTest" time="0.001"/>
  <testcase name="QuickSortTest[769]" classname="labrat.IntSortsTest" time="0"/>
  <testcase name="QuickSortTest[770]" classname="labrat.IntSortsTest" time="0.001"/>
  <testcase name="QuickSortTest[771]" classname="labrat.IntSortsTest" time="0"/>
  <testcase name="QuickSortTest[772]" classname="labrat.IntSortsTest" time="0"/>
  <testcase name="QuickSortTest[773]" classname="labrat.IntSortsTest" time="0.001"/>
  <testcase name="QuickSortTest[774]" classname="labrat.IntSortsTest" time="0"/>
  <testcase name="QuickSortTest[775]" classname="labrat.IntSortsTest" time="0"/>
  <testcase name="QuickSortTest[776]" classname="labrat.IntSortsTest" time="0.001"/>
  <testcase name="QuickSortTest[777]" classname="labrat.IntSortsTest" time="0"/>
  <testcase name="QuickSortTest[778]" classname="labrat.IntSortsTest" time="0"/>
  <testcase name="QuickSortTest[779]" classname="labrat.IntSortsTest" time="0.001"/>
  <testcase name="QuickSortTest[780]" classname="labrat.IntSortsTest" time="0"/>
  <testcase name="QuickSortTest[781]" classname="labrat.IntSortsTest" time="0"/>
  <testcase name="QuickSortTest[782]" classname="labrat.IntSortsTest" time="0"/>
  <testcase name="QuickSortTest[783]" classname="labrat.IntSortsTest" time="0"/>
  <testcase name="QuickSortTest[784]" classname="labrat.IntSortsTest" time="0"/>
  <testcase name="QuickSortTest[785]" classname="labrat.IntSortsTest" time="0"/>
  <testcase name="QuickSortTest[786]" classname="labrat.IntSortsTest" time="0"/>
  <testcase name="QuickSortTest[787]" classname="labrat.IntSortsTest" time="0"/>
  <testcase name="QuickSortTest[788]" classname="labrat.IntSortsTest" time="0"/>
  <testcase name="QuickSortTest[789]" classname="labrat.IntSortsTest" time="0"/>
  <testcase name="QuickSortTest[790]" classname="labrat.IntSortsTest" time="0"/>
  <testcase name="QuickSortTest[791]" classname="labrat.IntSortsTest" time="0"/>
  <testcase name="QuickSortTest[792]" classname="labrat.IntSortsTest" time="0.001"/>
  <testcase name="QuickSortTest[793]" classname="labrat.IntSortsTest" time="0"/>
  <testcase name="QuickSortTest[794]" classname="labrat.IntSortsTest" time="0"/>
  <testcase name="QuickSortTest[795]" classname="labrat.IntSortsTest" time="0"/>
  <testcase name="QuickSortTest[796]" classname="labrat.IntSortsTest" time="0"/>
  <testcase name="QuickSortTest[797]" classname="labrat.IntSortsTest" time="0"/>
  <testcase name="QuickSortTest[798]" classname="labrat.IntSortsTest" time="0"/>
  <testcase name="QuickSortTest[799]" classname="labrat.IntSortsTest" time="0"/>
  <testcase name="QuickSortTest[800]" classname="labrat.IntSortsTest" time="0"/>
  <testcase name="QuickSortTest[801]" classname="labrat.IntSortsTest" time="0"/>
  <testcase name="QuickSortTest[802]" classname="labrat.IntSortsTest" time="0"/>
  <testcase name="QuickSortTest[803]" classname="labrat.IntSortsTest" time="0"/>
  <testcase name="QuickSortTest[804]" classname="labrat.IntSortsTest" time="0.001"/>
  <testcase name="QuickSortTest[805]" classname="labrat.IntSortsTest" time="0"/>
  <testcase name="QuickSortTest[806]" classname="labrat.IntSortsTest" time="0"/>
  <testcase name="QuickSortTest[807]" classname="labrat.IntSortsTest" time="0"/>
  <testcase name="QuickSortTest[808]" classname="labrat.IntSortsTest" time="0"/>
  <testcase name="QuickSortTest[809]" classname="labrat.IntSortsTest" time="0"/>
  <testcase name="QuickSortTest[810]" classname="labrat.IntSortsTest" time="0"/>
  <testcase name="QuickSortTest[811]" classname="labrat.IntSortsTest" time="0"/>
  <testcase name="QuickSortTest[812]" classname="labrat.IntSortsTest" time="0.001"/>
  <testcase name="QuickSortTest[813]" classname="labrat.IntSortsTest" time="0"/>
  <testcase name="QuickSortTest[814]" classname="labrat.IntSortsTest" time="0"/>
  <testcase name="QuickSortTest[815]" classname="labrat.IntSortsTest" time="0"/>
  <testcase name="QuickSortTest[816]" classname="labrat.IntSortsTest" time="0.001"/>
  <testcase name="QuickSortTest[817]" classname="labrat.IntSortsTest" time="0"/>
  <testcase name="QuickSortTest[818]" classname="labrat.IntSortsTest" time="0"/>
  <testcase name="QuickSortTest[819]" classname="labrat.IntSortsTest" time="0"/>
  <testcase name="QuickSortTest[820]" classname="labrat.IntSortsTest" time="0.001"/>
  <testcase name="QuickSortTest[821]" classname="labrat.IntSortsTest" time="0"/>
  <testcase name="QuickSortTest[822]" classname="labrat.IntSortsTest" time="0"/>
  <testcase name="QuickSortTest[823]" classname="labrat.IntSortsTest" time="0"/>
  <testcase name="QuickSortTest[824]" classname="labrat.IntSortsTest" time="0"/>
  <testcase name="QuickSortTest[825]" classname="labrat.IntSortsTest" time="0"/>
  <testcase name="QuickSortTest[826]" classname="labrat.IntSortsTest" time="0"/>
  <testcase name="QuickSortTest[827]" classname="labrat.IntSortsTest" time="0"/>
  <testcase name="QuickSortTest[828]" classname="labrat.IntSortsTest" time="0"/>
  <testcase name="QuickSortTest[829]" classname="labrat.IntSortsTest" time="0"/>
  <testcase name="QuickSortTest[830]" classname="labrat.IntSortsTest" time="0"/>
  <testcase name="QuickSortTest[831]" classname="labrat.IntSortsTest" time="0"/>
  <testcase name="QuickSortTest[832]" classname="labrat.IntSortsTest" time="0"/>
  <testcase name="QuickSortTest[833]" classname="labrat.IntSortsTest" time="0"/>
  <testcase name="QuickSortTest[834]" classname="labrat.IntSortsTest" time="0.001"/>
  <testcase name="QuickSortTest[835]" classname="labrat.IntSortsTest" time="0"/>
  <testcase name="QuickSortTest[836]" classname="labrat.IntSortsTest" time="0"/>
  <testcase name="QuickSortTest[837]" classname="labrat.IntSortsTest" time="0.001"/>
  <testcase name="QuickSortTest[838]" classname="labrat.IntSortsTest" time="0"/>
  <testcase name="QuickSortTest[839]" classname="labrat.IntSortsTest" time="0"/>
  <testcase name="QuickSortTest[840]" classname="labrat.IntSortsTest" time="0.001"/>
  <testcase name="QuickSortTest[841]" classname="labrat.IntSortsTest" time="0"/>
  <testcase name="QuickSortTest[842]" classname="labrat.IntSortsTest" time="0"/>
  <testcase name="QuickSortTest[843]" classname="labrat.IntSortsTest" time="0"/>
  <testcase name="QuickSortTest[844]" classname="labrat.IntSortsTest" time="0"/>
  <testcase name="QuickSortTest[845]" classname="labrat.IntSortsTest" time="0.001"/>
  <testcase name="QuickSortTest[846]" classname="labrat.IntSortsTest" time="0"/>
  <testcase name="QuickSortTest[847]" classname="labrat.IntSortsTest" time="0"/>
  <testcase name="QuickSortTest[848]" classname="labrat.IntSortsTest" time="0.001"/>
  <testcase name="QuickSortTest[849]" classname="labrat.IntSortsTest" time="0"/>
  <testcase name="QuickSortTest[850]" classname="labrat.IntSortsTest" time="0"/>
  <testcase name="QuickSortTest[851]" classname="labrat.IntSortsTest" time="0.001"/>
  <testcase name="QuickSortTest[852]" classname="labrat.IntSortsTest" time="0"/>
  <testcase name="QuickSortTest[853]" classname="labrat.IntSortsTest" time="0"/>
  <testcase name="QuickSortTest[854]" classname="labrat.IntSortsTest" time="0.001"/>
  <testcase name="QuickSortTest[855]" classname="labrat.IntSortsTest" time="0"/>
  <testcase name="QuickSortTest[856]" classname="labrat.IntSortsTest" time="0"/>
  <testcase name="QuickSortTest[857]" classname="labrat.IntSortsTest" time="0"/>
  <testcase name="QuickSortTest[858]" classname="labrat.IntSortsTest" time="0"/>
  <testcase name="QuickSortTest[859]" classname="labrat.IntSortsTest" time="0"/>
  <testcase name="QuickSortTest[860]" classname="labrat.IntSortsTest" time="0"/>
  <testcase name="QuickSortTest[861]" classname="labrat.IntSortsTest" time="0"/>
  <testcase name="QuickSortTest[862]" classname="labrat.IntSortsTest" time="0.001"/>
  <testcase name="QuickSortTest[863]" classname="labrat.IntSortsTest" time="0"/>
  <testcase name="QuickSortTest[864]" classname="labrat.IntSortsTest" time="0"/>
  <testcase name="QuickSortTest[865]" classname="labrat.IntSortsTest" time="0.001"/>
  <testcase name="QuickSortTest[866]" classname="labrat.IntSortsTest" time="0"/>
  <testcase name="QuickSortTest[867]" classname="labrat.IntSortsTest" time="0"/>
  <testcase name="QuickSortTest[868]" classname="labrat.IntSortsTest" time="0"/>
  <testcase name="QuickSortTest[869]" classname="labrat.IntSortsTest" time="0"/>
  <testcase name="QuickSortTest[870]" classname="labrat.IntSortsTest" time="0"/>
  <testcase name="QuickSortTest[871]" classname="labrat.IntSortsTest" time="0"/>
  <testcase name="QuickSortTest[872]" classname="labrat.IntSortsTest" time="0"/>
  <testcase name="QuickSortTest[873]" classname="labrat.IntSortsTest" time="0.001"/>
  <testcase name="QuickSortTest[874]" classname="labrat.IntSortsTest" time="0"/>
  <testcase name="QuickSortTest[875]" classname="labrat.IntSortsTest" time="0"/>
  <testcase name="QuickSortTest[876]" classname="labrat.IntSortsTest" time="0.001"/>
  <testcase name="QuickSortTest[877]" classname="labrat.IntSortsTest" time="0"/>
  <testcase name="QuickSortTest[878]" classname="labrat.IntSortsTest" time="0"/>
  <testcase name="QuickSortTest[879]" classname="labrat.IntSortsTest" time="0"/>
  <testcase name="QuickSortTest[880]" classname="labrat.IntSortsTest" time="0"/>
  <testcase name="QuickSortTest[881]" classname="labrat.IntSortsTest" time="0.001"/>
  <testcase name="QuickSortTest[882]" classname="labrat.IntSortsTest" time="0"/>
  <testcase name="QuickSortTest[883]" classname="labrat.IntSortsTest" time="0"/>
  <testcase name="QuickSortTest[884]" classname="labrat.IntSortsTest" time="0.001"/>
  <testcase name="QuickSortTest[885]" classname="labrat.IntSortsTest" time="0"/>
  <testcase name="QuickSortTest[886]" classname="labrat.IntSortsTest" time="0"/>
  <testcase name="QuickSortTest[887]" classname="labrat.IntSortsTest" time="0.001"/>
  <testcase name="QuickSortTest[888]" classname="labrat.IntSortsTest" time="0"/>
  <testcase name="QuickSortTest[889]" classname="labrat.IntSortsTest" time="0"/>
  <testcase name="QuickSortTest[890]" classname="labrat.IntSortsTest" time="0"/>
  <testcase name="QuickSortTest[891]" classname="labrat.IntSortsTest" time="0"/>
  <testcase name="QuickSortTest[892]" classname="labrat.IntSortsTest" time="0"/>
  <testcase name="QuickSortTest[893]" classname="labrat.IntSortsTest" time="0"/>
  <testcase name="QuickSortTest[894]" classname="labrat.IntSortsTest" time="0"/>
  <testcase name="QuickSortTest[895]" classname="labrat.IntSortsTest" time="0.001"/>
  <testcase name="QuickSortTest[896]" classname="labrat.IntSortsTest" time="0"/>
  <testcase name="QuickSortTest[897]" classname="labrat.IntSortsTest" time="0"/>
  <testcase name="QuickSortTest[898]" classname="labrat.IntSortsTest" time="0"/>
  <testcase name="QuickSortTest[899]" classname="labrat.IntSortsTest" time="0"/>
  <testcase name="QuickSortTest[900]" classname="labrat.IntSortsTest" time="0"/>
  <testcase name="QuickSortTest[901]" classname="labrat.IntSortsTest" time="0"/>
  <testcase name="QuickSortTest[902]" classname="labrat.IntSortsTest" time="0"/>
  <testcase name="QuickSortTest[903]" classname="labrat.IntSortsTest" time="0"/>
  <testcase name="QuickSortTest[904]" classname="labrat.IntSortsTest" time="0"/>
  <testcase name="QuickSortTest[905]" classname="labrat.IntSortsTest" time="0"/>
  <testcase name="QuickSortTest[906]" classname="labrat.IntSortsTest" time="0"/>
  <testcase name="QuickSortTest[907]" classname="labrat.IntSortsTest" time="0"/>
  <testcase name="QuickSortTest[908]" classname="labrat.IntSortsTest" time="0"/>
  <testcase name="QuickSortTest[909]" classname="labrat.IntSortsTest" time="0"/>
  <testcase name="QuickSortTest[910]" classname="labrat.IntSortsTest" time="0"/>
  <testcase name="QuickSortTest[911]" classname="labrat.IntSortsTest" time="0"/>
  <testcase name="QuickSortTest[912]" classname="labrat.IntSortsTest" time="0"/>
  <testcase name="QuickSortTest[913]" classname="labrat.IntSortsTest" time="0.001"/>
  <testcase name="QuickSortTest[914]" classname="labrat.IntSortsTest" time="0"/>
  <testcase name="QuickSortTest[915]" classname="labrat.IntSortsTest" time="0"/>
  <testcase name="QuickSortTest[916]" classname="labrat.IntSortsTest" time="0"/>
  <testcase name="QuickSortTest[917]" classname="labrat.IntSortsTest" time="0"/>
  <testcase name="QuickSortTest[918]" classname="labrat.IntSortsTest" time="0"/>
  <testcase name="QuickSortTest[919]" classname="labrat.IntSortsTest" time="0"/>
  <testcase name="QuickSortTest[920]" classname="labrat.IntSortsTest" time="0.001"/>
  <testcase name="QuickSortTest[921]" classname="labrat.IntSortsTest" time="0"/>
  <testcase name="QuickSortTest[922]" classname="labrat.IntSortsTest" time="0"/>
  <testcase name="QuickSortTest[923]" classname="labrat.IntSortsTest" time="0"/>
  <testcase name="QuickSortTest[924]" classname="labrat.IntSortsTest" time="0"/>
  <testcase name="QuickSortTest[925]" classname="labrat.IntSortsTest" time="0"/>
  <testcase name="QuickSortTest[926]" classname="labrat.IntSortsTest" time="0"/>
  <testcase name="QuickSortTest[927]" classname="labrat.IntSortsTest" time="0.001"/>
  <testcase name="QuickSortTest[928]" classname="labrat.IntSortsTest" time="0"/>
  <testcase name="QuickSortTest[929]" classname="labrat.IntSortsTest" time="0"/>
  <testcase name="QuickSortTest[930]" classname="labrat.IntSortsTest" time="0"/>
  <testcase name="QuickSortTest[931]" classname="labrat.IntSortsTest" time="0"/>
  <testcase name="QuickSortTest[932]" classname="labrat.IntSortsTest" time="0"/>
  <testcase name="QuickSortTest[933]" classname="labrat.IntSortsTest" time="0"/>
  <testcase name="QuickSortTest[934]" classname="labrat.IntSortsTest" time="0.001"/>
  <testcase name="QuickSortTest[935]" classname="labrat.IntSortsTest" time="0"/>
  <testcase name="QuickSortTest[936]" classname="labrat.IntSortsTest" time="0"/>
  <testcase name="QuickSortTest[937]" classname="labrat.IntSortsTest" time="0.001"/>
  <testcase name="QuickSortTest[938]" classname="labrat.IntSortsTest" time="0"/>
  <testcase name="QuickSortTest[939]" classname="labrat.IntSortsTest" time="0"/>
  <testcase name="QuickSortTest[940]" classname="labrat.IntSortsTest" time="0.001"/>
  <testcase name="QuickSortTest[941]" classname="labrat.IntSortsTest" time="0"/>
  <testcase name="QuickSortTest[942]" classname="labrat.IntSortsTest" time="0"/>
  <testcase name="QuickSortTest[943]" classname="labrat.IntSortsTest" time="0"/>
  <testcase name="QuickSortTest[944]" classname="labrat.IntSortsTest" time="0"/>
  <testcase name="QuickSortTest[945]" classname="labrat.IntSortsTest" time="0"/>
  <testcase name="QuickSortTest[946]" classname="labrat.IntSortsTest" time="0"/>
  <testcase name="QuickSortTest[947]" classname="labrat.IntSortsTest" time="0.001"/>
  <testcase name="QuickSortTest[948]" classname="labrat.IntSortsTest" time="0"/>
  <testcase name="QuickSortTest[949]" classname="labrat.IntSortsTest" time="0"/>
  <testcase name="QuickSortTest[950]" classname="labrat.IntSortsTest" time="0"/>
  <testcase name="QuickSortTest[951]" classname="labrat.IntSortsTest" time="0"/>
  <testcase name="QuickSortTest[952]" classname="labrat.IntSortsTest" time="0"/>
  <testcase name="QuickSortTest[953]" classname="labrat.IntSortsTest" time="0"/>
  <testcase name="QuickSortTest[954]" classname="labrat.IntSortsTest" time="0.001"/>
  <testcase name="QuickSortTest[955]" classname="labrat.IntSortsTest" time="0"/>
  <testcase name="QuickSortTest[956]" classname="labrat.IntSortsTest" time="0"/>
  <testcase name="QuickSortTest[957]" classname="labrat.IntSortsTest" time="0"/>
  <testcase name="QuickSortTest[958]" classname="labrat.IntSortsTest" time="0"/>
  <testcase name="QuickSortTest[959]" classname="labrat.IntSortsTest" time="0"/>
  <testcase name="QuickSortTest[960]" classname="labrat.IntSortsTest" time="0"/>
  <testcase name="QuickSortTest[961]" classname="labrat.IntSortsTest" time="0"/>
  <testcase name="QuickSortTest[962]" classname="labrat.IntSortsTest" time="0"/>
  <testcase name="QuickSortTest[963]" classname="labrat.IntSortsTest" time="0"/>
  <testcase name="QuickSortTest[964]" classname="labrat.IntSortsTest" time="0"/>
  <testcase name="QuickSortTest[965]" classname="labrat.IntSortsTest" time="0"/>
  <testcase name="QuickSortTest[966]" classname="labrat.IntSortsTest" time="0"/>
  <testcase name="QuickSortTest[967]" classname="labrat.IntSortsTest" time="0"/>
  <testcase name="QuickSortTest[968]" classname="labrat.IntSortsTest" time="0"/>
  <testcase name="QuickSortTest[969]" classname="labrat.IntSortsTest" time="0"/>
  <testcase name="QuickSortTest[970]" classname="labrat.IntSortsTest" time="0"/>
  <testcase name="QuickSortTest[971]" classname="labrat.IntSortsTest" time="0"/>
  <testcase name="QuickSortTest[972]" classname="labrat.IntSortsTest" time="0"/>
  <testcase name="QuickSortTest[973]" classname="labrat.IntSortsTest" time="0"/>
  <testcase name="QuickSortTest[974]" classname="labrat.IntSortsTest" time="0"/>
  <testcase name="QuickSortTest[975]" classname="labrat.IntSortsTest" time="0"/>
  <testcase name="QuickSortTest[976]" classname="labrat.IntSortsTest" time="0"/>
  <testcase name="QuickSortTest[977]" classname="labrat.IntSortsTest" time="0"/>
  <testcase name="QuickSortTest[978]" classname="labrat.IntSortsTest" time="0"/>
  <testcase name="QuickSortTest[979]" classname="labrat.IntSortsTest" time="0"/>
  <testcase name="QuickSortTest[980]" classname="labrat.IntSortsTest" time="0"/>
  <testcase name="QuickSortTest[981]" classname="labrat.IntSortsTest" time="0"/>
  <testcase name="QuickSortTest[982]" classname="labrat.IntSortsTest" time="0"/>
  <testcase name="QuickSortTest[983]" classname="labrat.IntSortsTest" time="0"/>
  <testcase name="QuickSortTest[984]" classname="labrat.IntSortsTest" time="0"/>
  <testcase name="QuickSortTest[985]" classname="labrat.IntSortsTest" time="0"/>
  <testcase name="QuickSortTest[986]" classname="labrat.IntSortsTest" time="0"/>
  <testcase name="QuickSortTest[987]" classname="labrat.IntSortsTest" time="0"/>
  <testcase name="QuickSortTest[988]" classname="labrat.IntSortsTest" time="0"/>
  <testcase name="QuickSortTest[989]" classname="labrat.IntSortsTest" time="0"/>
  <testcase name="QuickSortTest[990]" classname="labrat.IntSortsTest" time="0"/>
  <testcase name="QuickSortTest[991]" classname="labrat.IntSortsTest" time="0"/>
  <testcase name="QuickSortTest[992]" classname="labrat.IntSortsTest" time="0"/>
  <testcase name="QuickSortTest[993]" classname="labrat.IntSortsTest" time="0"/>
  <testcase name="QuickSortTest[994]" classname="labrat.IntSortsTest" time="0"/>
  <testcase name="QuickSortTest[995]" classname="labrat.IntSortsTest" time="0"/>
  <testcase name="QuickSortTest[996]" classname="labrat.IntSortsTest" time="0"/>
  <testcase name="QuickSortTest[997]" classname="labrat.IntSortsTest" time="0"/>
  <testcase name="QuickSortTest[998]" classname="labrat.IntSortsTest" time="0"/>
  <testcase name="QuickSortTest[999]" classname="labrat.IntSortsTest" time="0.001"/>
  <testcase name="QuickSortTest[1000]" classname="labrat.IntSortsTest" time="0"/>
  <testcase name="MergeSortTest[1]" classname="labrat.IntSortsTest" time="0.001"/>
  <testcase name="MergeSortTest[2]" classname="labrat.IntSortsTest" time="0.001"/>
  <testcase name="MergeSortTest[3]" classname="labrat.IntSortsTest" time="0"/>
  <testcase name="MergeSortTest[4]" classname="labrat.IntSortsTest" time="0"/>
  <testcase name="MergeSortTest[5]" classname="labrat.IntSortsTest" time="0"/>
  <testcase name="MergeSortTest[6]" classname="labrat.IntSortsTest" time="0"/>
  <testcase name="MergeSortTest[7]" classname="labrat.IntSortsTest" time="0"/>
  <testcase name="MergeSortTest[8]" classname="labrat.IntSortsTest" time="0.001"/>
  <testcase name="MergeSortTest[9]" classname="labrat.IntSortsTest" time="0"/>
  <testcase name="MergeSortTest[10]" classname="labrat.IntSortsTest" time="0"/>
  <testcase name="MergeSortTest[11]" classname="labrat.IntSortsTest" time="0"/>
  <testcase name="MergeSortTest[12]" classname="labrat.IntSortsTest" time="0.001"/>
  <testcase name="MergeSortTest[13]" classname="labrat.IntSortsTest" time="0"/>
  <testcase name="MergeSortTest[14]" classname="labrat.IntSortsTest" time="0"/>
  <testcase name="MergeSortTest[15]" classname="labrat.IntSortsTest" time="0"/>
  <testcase name="MergeSortTest[16]" classname="labrat.IntSortsTest" time="0.001"/>
  <testcase name="MergeSortTest[17]" classname="labrat.IntSortsTest" time="0"/>
  <testcase name="MergeSortTest[18]" classname="labrat.IntSortsTest" time="0"/>
  <testcase name="MergeSortTest[19]" classname="labrat.IntSortsTest" time="0.001"/>
  <testcase name="MergeSortTest[20]" classname="labrat.IntSortsTest" time="0"/>
  <testcase name="MergeSortTest[21]" classname="labrat.IntSortsTest" time="0"/>
  <testcase name="MergeSortTest[22]" classname="labrat.IntSortsTest" time="0"/>
  <testcase name="MergeSortTest[23]" classname="labrat.IntSortsTest" time="0.001"/>
  <testcase name="MergeSortTest[24]" classname="labrat.IntSortsTest" time="0"/>
  <testcase name="MergeSortTest[25]" classname="labrat.IntSortsTest" time="0"/>
  <testcase name="MergeSortTest[26]" classname="labrat.IntSortsTest" time="0"/>
  <testcase name="MergeSortTest[27]" classname="labrat.IntSortsTest" time="0"/>
  <testcase name="MergeSortTest[28]" classname="labrat.IntSortsTest" time="0"/>
  <testcase name="MergeSortTest[29]" classname="labrat.IntSortsTest" time="0"/>
  <testcase name="MergeSortTest[30]" classname="labrat.IntSortsTest" time="0"/>
  <testcase name="MergeSortTest[31]" classname="labrat.IntSortsTest" time="0"/>
  <testcase name="MergeSortTest[32]" classname="labrat.IntSortsTest" time="0"/>
  <testcase name="MergeSortTest[33]" classname="labrat.IntSortsTest" time="0"/>
  <testcase name="MergeSortTest[34]" classname="labrat.IntSortsTest" time="0"/>
  <testcase name="MergeSortTest[35]" classname="labrat.IntSortsTest" time="0"/>
  <testcase name="MergeSortTest[36]" classname="labrat.IntSortsTest" time="0"/>
  <testcase name="MergeSortTest[37]" classname="labrat.IntSortsTest" time="0"/>
  <testcase name="MergeSortTest[38]" classname="labrat.IntSortsTest" time="0"/>
  <testcase name="MergeSortTest[39]" classname="labrat.IntSortsTest" time="0"/>
  <testcase name="MergeSortTest[40]" classname="labrat.IntSortsTest" time="0"/>
  <testcase name="MergeSortTest[41]" classname="labrat.IntSortsTest" time="0"/>
  <testcase name="MergeSortTest[42]" classname="labrat.IntSortsTest" time="0"/>
  <testcase name="MergeSortTest[43]" classname="labrat.IntSortsTest" time="0"/>
  <testcase name="MergeSortTest[44]" classname="labrat.IntSortsTest" time="0"/>
  <testcase name="MergeSortTest[45]" classname="labrat.IntSortsTest" time="0"/>
  <testcase name="MergeSortTest[46]" classname="labrat.IntSortsTest" time="0"/>
  <testcase name="MergeSortTest[47]" classname="labrat.IntSortsTest" time="0"/>
  <testcase name="MergeSortTest[48]" classname="labrat.IntSortsTest" time="0.001"/>
  <testcase name="MergeSortTest[49]" classname="labrat.IntSortsTest" time="0"/>
  <testcase name="MergeSortTest[50]" classname="labrat.IntSortsTest" time="0"/>
  <testcase name="MergeSortTest[51]" classname="labrat.IntSortsTest" time="0"/>
  <testcase name="MergeSortTest[52]" classname="labrat.IntSortsTest" time="0.001"/>
  <testcase name="MergeSortTest[53]" classname="labrat.IntSortsTest" time="0"/>
  <testcase name="MergeSortTest[54]" classname="labrat.IntSortsTest" time="0"/>
  <testcase name="MergeSortTest[55]" classname="labrat.IntSortsTest" time="0"/>
  <testcase name="MergeSortTest[56]" classname="labrat.IntSortsTest" time="0.001"/>
  <testcase name="MergeSortTest[57]" classname="labrat.IntSortsTest" time="0"/>
  <testcase name="MergeSortTest[58]" classname="labrat.IntSortsTest" time="0"/>
  <testcase name="MergeSortTest[59]" classname="labrat.IntSortsTest" time="0"/>
  <testcase name="MergeSortTest[60]" classname="labrat.IntSortsTest" time="0.001"/>
  <testcase name="MergeSortTest[61]" classname="labrat.IntSortsTest" time="0"/>
  <testcase name="MergeSortTest[62]" classname="labrat.IntSortsTest" time="0"/>
  <testcase name="MergeSortTest[63]" classname="labrat.IntSortsTest" time="0"/>
  <testcase name="MergeSortTest[64]" classname="labrat.IntSortsTest" time="0.001"/>
  <testcase name="MergeSortTest[65]" classname="labrat.IntSortsTest" time="0"/>
  <testcase name="MergeSortTest[66]" classname="labrat.IntSortsTest" time="0"/>
  <testcase name="MergeSortTest[67]" classname="labrat.IntSortsTest" time="0.001"/>
  <testcase name="MergeSortTest[68]" classname="labrat.IntSortsTest" time="0"/>
  <testcase name="MergeSortTest[69]" classname="labrat.IntSortsTest" time="0"/>
  <testcase name="MergeSortTest[70]" classname="labrat.IntSortsTest" time="0.001"/>
  <testcase name="MergeSortTest[71]" classname="labrat.IntSortsTest" time="0"/>
  <testcase name="MergeSortTest[72]" classname="labrat.IntSortsTest" time="0"/>
  <testcase name="MergeSortTest[73]" classname="labrat.IntSortsTest" time="0.001"/>
  <testcase name="MergeSortTest[74]" classname="labrat.IntSortsTest" time="0"/>
  <testcase name="MergeSortTest[75]" classname="labrat.IntSortsTest" time="0"/>
  <testcase name="MergeSortTest[76]" classname="labrat.IntSortsTest" time="0"/>
  <testcase name="MergeSortTest[77]" classname="labrat.IntSortsTest" time="0"/>
  <testcase name="MergeSortTest[78]" classname="labrat.IntSortsTest" time="0"/>
  <testcase name="MergeSortTest[79]" classname="labrat.IntSortsTest" time="0"/>
  <testcase name="MergeSortTest[80]" classname="labrat.IntSortsTest" time="0"/>
  <testcase name="MergeSortTest[81]" classname="labrat.IntSortsTest" time="0"/>
  <testcase name="MergeSortTest[82]" classname="labrat.IntSortsTest" time="0"/>
  <testcase name="MergeSortTest[83]" classname="labrat.IntSortsTest" time="0"/>
  <testcase name="MergeSortTest[84]" classname="labrat.IntSortsTest" time="0"/>
  <testcase name="MergeSortTest[85]" classname="labrat.IntSortsTest" time="0"/>
  <testcase name="MergeSortTest[86]" classname="labrat.IntSortsTest" time="0"/>
  <testcase name="MergeSortTest[87]" classname="labrat.IntSortsTest" time="0"/>
  <testcase name="MergeSortTest[88]" classname="labrat.IntSortsTest" time="0"/>
  <testcase name="MergeSortTest[89]" classname="labrat.IntSortsTest" time="0"/>
  <testcase name="MergeSortTest[90]" classname="labrat.IntSortsTest" time="0"/>
  <testcase name="MergeSortTest[91]" classname="labrat.IntSortsTest" time="0"/>
  <testcase name="MergeSortTest[92]" classname="labrat.IntSortsTest" time="0"/>
  <testcase name="MergeSortTest[93]" classname="labrat.IntSortsTest" time="0"/>
  <testcase name="MergeSortTest[94]" classname="labrat.IntSortsTest" time="0"/>
  <testcase name="MergeSortTest[95]" classname="labrat.IntSortsTest" time="0"/>
  <testcase name="MergeSortTest[96]" classname="labrat.IntSortsTest" time="0"/>
  <testcase name="MergeSortTest[97]" classname="labrat.IntSortsTest" time="0"/>
  <testcase name="MergeSortTest[98]" classname="labrat.IntSortsTest" time="0"/>
  <testcase name="MergeSortTest[99]" classname="labrat.IntSortsTest" time="0"/>
  <testcase name="MergeSortTest[100]" classname="labrat.IntSortsTest" time="0"/>
  <testcase name="MergeSortTest[101]" classname="labrat.IntSortsTest" time="0"/>
  <testcase name="MergeSortTest[102]" classname="labrat.IntSortsTest" time="0"/>
  <testcase name="MergeSortTest[103]" classname="labrat.IntSortsTest" time="0"/>
  <testcase name="MergeSortTest[104]" classname="labrat.IntSortsTest" time="0"/>
  <testcase name="MergeSortTest[105]" classname="labrat.IntSortsTest" time="0"/>
  <testcase name="MergeSortTest[106]" classname="labrat.IntSortsTest" time="0"/>
  <testcase name="MergeSortTest[107]" classname="labrat.IntSortsTest" time="0"/>
  <testcase name="MergeSortTest[108]" classname="labrat.IntSortsTest" time="0"/>
  <testcase name="MergeSortTest[109]" classname="labrat.IntSortsTest" time="0"/>
  <testcase name="MergeSortTest[110]" classname="labrat.IntSortsTest" time="0"/>
  <testcase name="MergeSortTest[111]" classname="labrat.IntSortsTest" time="0"/>
  <testcase name="MergeSortTest[112]" classname="labrat.IntSortsTest" time="0"/>
  <testcase name="MergeSortTest[113]" classname="labrat.IntSortsTest" time="0"/>
  <testcase name="MergeSortTest[114]" classname="labrat.IntSortsTest" time="0"/>
  <testcase name="MergeSortTest[115]" classname="labrat.IntSortsTest" time="0"/>
  <testcase name="MergeSortTest[116]" classname="labrat.IntSortsTest" time="0"/>
  <testcase name="MergeSortTest[117]" classname="labrat.IntSortsTest" time="0"/>
  <testcase name="MergeSortTest[118]" classname="labrat.IntSortsTest" time="0"/>
  <testcase name="MergeSortTest[119]" classname="labrat.IntSortsTest" time="0"/>
  <testcase name="MergeSortTest[120]" classname="labrat.IntSortsTest" time="0"/>
  <testcase name="MergeSortTest[121]" classname="labrat.IntSortsTest" time="0"/>
  <testcase name="MergeSortTest[122]" classname="labrat.IntSortsTest" time="0"/>
  <testcase name="MergeSortTest[123]" classname="labrat.IntSortsTest" time="0"/>
  <testcase name="MergeSortTest[124]" classname="labrat.IntSortsTest" time="0.001"/>
  <testcase name="MergeSortTest[125]" classname="labrat.IntSortsTest" time="0"/>
  <testcase name="MergeSortTest[126]" classname="labrat.IntSortsTest" time="0"/>
  <testcase name="MergeSortTest[127]" classname="labrat.IntSortsTest" time="0.001"/>
  <testcase name="MergeSortTest[128]" classname="labrat.IntSortsTest" time="0"/>
  <testcase name="MergeSortTest[129]" classname="labrat.IntSortsTest" time="0"/>
  <testcase name="MergeSortTest[130]" classname="labrat.IntSortsTest" time="0.001"/>
  <testcase name="MergeSortTest[131]" classname="labrat.IntSortsTest" time="0"/>
  <testcase name="MergeSortTest[132]" classname="labrat.IntSortsTest" time="0"/>
  <testcase name="MergeSortTest[133]" classname="labrat.IntSortsTest" time="0.001"/>
  <testcase name="MergeSortTest[134]" classname="labrat.IntSortsTest" time="0"/>
  <testcase name="MergeSortTest[135]" classname="labrat.IntSortsTest" time="0"/>
  <testcase name="MergeSortTest[136]" classname="labrat.IntSortsTest" time="0.001"/>
  <testcase name="MergeSortTest[137]" classname="labrat.IntSortsTest" time="0"/>
  <testcase name="MergeSortTest[138]" classname="labrat.IntSortsTest" time="0"/>
  <testcase name="MergeSortTest[139]" classname="labrat.IntSortsTest" time="0.001"/>
  <testcase name="MergeSortTest[140]" classname="labrat.IntSortsTest" time="0"/>
  <testcase name="MergeSortTest[141]" classname="labrat.IntSortsTest" time="0"/>
  <testcase name="MergeSortTest[142]" classname="labrat.IntSortsTest" time="0.001"/>
  <testcase name="MergeSortTest[143]" classname="labrat.IntSortsTest" time="0"/>
  <testcase name="MergeSortTest[144]" classname="labrat.IntSortsTest" time="0"/>
  <testcase name="MergeSortTest[145]" classname="labrat.IntSortsTest" time="0"/>
  <testcase name="MergeSortTest[146]" classname="labrat.IntSortsTest" time="0"/>
  <testcase name="MergeSortTest[147]" classname="labrat.IntSortsTest" time="0"/>
  <testcase name="MergeSortTest[148]" classname="labrat.IntSortsTest" time="0"/>
  <testcase name="MergeSortTest[149]" classname="labrat.IntSortsTest" time="0"/>
  <testcase name="MergeSortTest[150]" classname="labrat.IntSortsTest" time="0"/>
  <testcase name="MergeSortTest[151]" classname="labrat.IntSortsTest" time="0"/>
  <testcase name="MergeSortTest[152]" classname="labrat.IntSortsTest" time="0.001"/>
  <testcase name="MergeSortTest[153]" classname="labrat.IntSortsTest" time="0"/>
  <testcase name="MergeSortTest[154]" classname="labrat.IntSortsTest" time="0"/>
  <testcase name="MergeSortTest[155]" classname="labrat.IntSortsTest" time="0.001"/>
  <testcase name="MergeSortTest[156]" classname="labrat.IntSortsTest" time="0"/>
  <testcase name="MergeSortTest[157]" classname="labrat.IntSortsTest" time="0"/>
  <testcase name="MergeSortTest[158]" classname="labrat.IntSortsTest" time="0.001"/>
  <testcase name="MergeSortTest[159]" classname="labrat.IntSortsTest" time="0"/>
  <testcase name="MergeSortTest[160]" classname="labrat.IntSortsTest" time="0"/>
  <testcase name="MergeSortTest[161]" classname="labrat.IntSortsTest" time="0"/>
  <testcase name="MergeSortTest[162]" classname="labrat.IntSortsTest" time="0"/>
  <testcase name="MergeSortTest[163]" classname="labrat.IntSortsTest" time="0"/>
  <testcase name="MergeSortTest[164]" classname="labrat.IntSortsTest" time="0"/>
  <testcase name="MergeSortTest[165]" classname="labrat.IntSortsTest" time="0"/>
  <testcase name="MergeSortTest[166]" classname="labrat.IntSortsTest" time="0"/>
  <testcase name="MergeSortTest[167]" classname="labrat.IntSortsTest" time="0"/>
  <testcase name="MergeSortTest[168]" classname="labrat.IntSortsTest" time="0.001"/>
  <testcase name="MergeSortTest[169]" classname="labrat.IntSortsTest" time="0"/>
  <testcase name="MergeSortTest[170]" classname="labrat.IntSortsTest" time="0"/>
  <testcase name="MergeSortTest[171]" classname="labrat.IntSortsTest" time="0.001"/>
  <testcase name="MergeSortTest[172]" classname="labrat.IntSortsTest" time="0"/>
  <testcase name="MergeSortTest[173]" classname="labrat.IntSortsTest" time="0"/>
  <testcase name="MergeSortTest[174]" classname="labrat.IntSortsTest" time="0"/>
  <testcase name="MergeSortTest[175]" classname="labrat.IntSortsTest" time="0"/>
  <testcase name="MergeSortTest[176]" classname="labrat.IntSortsTest" time="0"/>
  <testcase name="MergeSortTest[177]" classname="labrat.IntSortsTest" time="0"/>
  <testcase name="MergeSortTest[178]" classname="labrat.IntSortsTest" time="0"/>
  <testcase name="MergeSortTest[179]" classname="labrat.IntSortsTest" time="0"/>
  <testcase name="MergeSortTest[180]" classname="labrat.IntSortsTest" time="0"/>
  <testcase name="MergeSortTest[181]" classname="labrat.IntSortsTest" time="0"/>
  <testcase name="MergeSortTest[182]" classname="labrat.IntSortsTest" time="0"/>
  <testcase name="MergeSortTest[183]" classname="labrat.IntSortsTest" time="0"/>
  <testcase name="MergeSortTest[184]" classname="labrat.IntSortsTest" time="0"/>
  <testcase name="MergeSortTest[185]" classname="labrat.IntSortsTest" time="0"/>
  <testcase name="MergeSortTest[186]" classname="labrat.IntSortsTest" time="0"/>
  <testcase name="MergeSortTest[187]" classname="labrat.IntSortsTest" time="0"/>
  <testcase name="MergeSortTest[188]" classname="labrat.IntSortsTest" time="0"/>
  <testcase name="MergeSortTest[189]" classname="labrat.IntSortsTest" time="0"/>
  <testcase name="MergeSortTest[190]" classname="labrat.IntSortsTest" time="0"/>
  <testcase name="MergeSortTest[191]" classname="labrat.IntSortsTest" time="0"/>
  <testcase name="MergeSortTest[192]" classname="labrat.IntSortsTest" time="0"/>
  <testcase name="MergeSortTest[193]" classname="labrat.IntSortsTest" time="0"/>
  <testcase name="MergeSortTest[194]" classname="labrat.IntSortsTest" time="0"/>
  <testcase name="MergeSortTest[195]" classname="labrat.IntSortsTest" time="0"/>
  <testcase name="MergeSortTest[196]" classname="labrat.IntSortsTest" time="0"/>
  <testcase name="MergeSortTest[197]" classname="labrat.IntSortsTest" time="0"/>
  <testcase name="MergeSortTest[198]" classname="labrat.IntSortsTest" time="0"/>
  <testcase name="MergeSortTest[199]" classname="labrat.IntSortsTest" time="0"/>
  <testcase name="MergeSortTest[200]" classname="labrat.IntSortsTest" time="0"/>
  <testcase name="MergeSortTest[201]" classname="labrat.IntSortsTest" time="0"/>
  <testcase name="MergeSortTest[202]" classname="labrat.IntSortsTest" time="0"/>
  <testcase name="MergeSortTest[203]" classname="labrat.IntSortsTest" time="0"/>
  <testcase name="MergeSortTest[204]" classname="labrat.IntSortsTest" time="0"/>
  <testcase name="MergeSortTest[205]" classname="labrat.IntSortsTest" time="0"/>
  <testcase name="MergeSortTest[206]" classname="labrat.IntSortsTest" time="0"/>
  <testcase name="MergeSortTest[207]" classname="labrat.IntSortsTest" time="0"/>
  <testcase name="MergeSortTest[208]" classname="labrat.IntSortsTest" time="0"/>
  <testcase name="MergeSortTest[209]" classname="labrat.IntSortsTest" time="0"/>
  <testcase name="MergeSortTest[210]" classname="labrat.IntSortsTest" time="0"/>
  <testcase name="MergeSortTest[211]" classname="labrat.IntSortsTest" time="0"/>
  <testcase name="MergeSortTest[212]" classname="labrat.IntSortsTest" time="0.001"/>
  <testcase name="MergeSortTest[213]" classname="labrat.IntSortsTest" time="0"/>
  <testcase name="MergeSortTest[214]" classname="labrat.IntSortsTest" time="0"/>
  <testcase name="MergeSortTest[215]" classname="labrat.IntSortsTest" time="0"/>
  <testcase name="MergeSortTest[216]" classname="labrat.IntSortsTest" time="0"/>
  <testcase name="MergeSortTest[217]" classname="labrat.IntSortsTest" time="0"/>
  <testcase name="MergeSortTest[218]" classname="labrat.IntSortsTest" time="0"/>
  <testcase name="MergeSortTest[219]" classname="labrat.IntSortsTest" time="0.001"/>
  <testcase name="MergeSortTest[220]" classname="labrat.IntSortsTest" time="0"/>
  <testcase name="MergeSortTest[221]" classname="labrat.IntSortsTest" time="0"/>
  <testcase name="MergeSortTest[222]" classname="labrat.IntSortsTest" time="0"/>
  <testcase name="MergeSortTest[223]" classname="labrat.IntSortsTest" time="0.001"/>
  <testcase name="MergeSortTest[224]" classname="labrat.IntSortsTest" time="0"/>
  <testcase name="MergeSortTest[225]" classname="labrat.IntSortsTest" time="0"/>
  <testcase name="MergeSortTest[226]" classname="labrat.IntSortsTest" time="0"/>
  <testcase name="MergeSortTest[227]" classname="labrat.IntSortsTest" time="0.001"/>
  <testcase name="MergeSortTest[228]" classname="labrat.IntSortsTest" time="0"/>
  <testcase name="MergeSortTest[229]" classname="labrat.IntSortsTest" time="0"/>
  <testcase name="MergeSortTest[230]" classname="labrat.IntSortsTest" time="0"/>
  <testcase name="MergeSortTest[231]" classname="labrat.IntSortsTest" time="0"/>
  <testcase name="MergeSortTest[232]" classname="labrat.IntSortsTest" time="0"/>
  <testcase name="MergeSortTest[233]" classname="labrat.IntSortsTest" time="0"/>
  <testcase name="MergeSortTest[234]" classname="labrat.IntSortsTest" time="0"/>
  <testcase name="MergeSortTest[235]" classname="labrat.IntSortsTest" time="0"/>
  <testcase name="MergeSortTest[236]" classname="labrat.IntSortsTest" time="0"/>
  <testcase name="MergeSortTest[237]" classname="labrat.IntSortsTest" time="0"/>
  <testcase name="MergeSortTest[238]" classname="labrat.IntSortsTest" time="0"/>
  <testcase name="MergeSortTest[239]" classname="labrat.IntSortsTest" time="0"/>
  <testcase name="MergeSortTest[240]" classname="labrat.IntSortsTest" time="0"/>
  <testcase name="MergeSortTest[241]" classname="labrat.IntSortsTest" time="0"/>
  <testcase name="MergeSortTest[242]" classname="labrat.IntSortsTest" time="0"/>
  <testcase name="MergeSortTest[243]" classname="labrat.IntSortsTest" time="0"/>
  <testcase name="MergeSortTest[244]" classname="labrat.IntSortsTest" time="0"/>
  <testcase name="MergeSortTest[245]" classname="labrat.IntSortsTest" time="0"/>
  <testcase name="MergeSortTest[246]" classname="labrat.IntSortsTest" time="0"/>
  <testcase name="MergeSortTest[247]" classname="labrat.IntSortsTest" time="0"/>
  <testcase name="MergeSortTest[248]" classname="labrat.IntSortsTest" time="0"/>
  <testcase name="MergeSortTest[249]" classname="labrat.IntSortsTest" time="0"/>
  <testcase name="MergeSortTest[250]" classname="labrat.IntSortsTest" time="0"/>
  <testcase name="MergeSortTest[251]" classname="labrat.IntSortsTest" time="0"/>
  <testcase name="MergeSortTest[252]" classname="labrat.IntSortsTest" time="0"/>
  <testcase name="MergeSortTest[253]" classname="labrat.IntSortsTest" time="0"/>
  <testcase name="MergeSortTest[254]" classname="labrat.IntSortsTest" time="0"/>
  <testcase name="MergeSortTest[255]" classname="labrat.IntSortsTest" time="0"/>
  <testcase name="MergeSortTest[256]" classname="labrat.IntSortsTest" time="0"/>
  <testcase name="MergeSortTest[257]" classname="labrat.IntSortsTest" time="0"/>
  <testcase name="MergeSortTest[258]" classname="labrat.IntSortsTest" time="0"/>
  <testcase name="MergeSortTest[259]" classname="labrat.IntSortsTest" time="0"/>
  <testcase name="MergeSortTest[260]" classname="labrat.IntSortsTest" time="0"/>
  <testcase name="MergeSortTest[261]" classname="labrat.IntSortsTest" time="0"/>
  <testcase name="MergeSortTest[262]" classname="labrat.IntSortsTest" time="0"/>
  <testcase name="MergeSortTest[263]" classname="labrat.IntSortsTest" time="0.001"/>
  <testcase name="MergeSortTest[264]" classname="labrat.IntSortsTest" time="0"/>
  <testcase name="MergeSortTest[265]" classname="labrat.IntSortsTest" time="0"/>
  <testcase name="MergeSortTest[266]" classname="labrat.IntSortsTest" time="0.001"/>
  <testcase name="MergeSortTest[267]" classname="labrat.IntSortsTest" time="0"/>
  <testcase name="MergeSortTest[268]" classname="labrat.IntSortsTest" time="0"/>
  <testcase name="MergeSortTest[269]" classname="labrat.IntSortsTest" time="0.001"/>
  <testcase name="MergeSortTest[270]" classname="labrat.IntSortsTest" time="0"/>
  <testcase name="MergeSortTest[271]" classname="labrat.IntSortsTest" time="0"/>
  <testcase name="MergeSortTest[272]" classname="labrat.IntSortsTest" time="0.001"/>
  <testcase name="MergeSortTest[273]" classname="labrat.IntSortsTest" time="0"/>
  <testcase name="MergeSortTest[274]" classname="labrat.IntSortsTest" time="0"/>
  <testcase name="MergeSortTest[275]" classname="labrat.IntSortsTest" time="0.001"/>
  <testcase name="MergeSortTest[276]" classname="labrat.IntSortsTest" time="0"/>
  <testcase name="MergeSortTest[277]" classname="labrat.IntSortsTest" time="0"/>
  <testcase name="MergeSortTest[278]" classname="labrat.IntSortsTest" time="0.001"/>
  <testcase name="MergeSortTest[279]" classname="labrat.IntSortsTest" time="0"/>
  <testcase name="MergeSortTest[280]" classname="labrat.IntSortsTest" time="0"/>
  <testcase name="MergeSortTest[281]" classname="labrat.IntSortsTest" time="0.001"/>
  <testcase name="MergeSortTest[282]" classname="labrat.IntSortsTest" time="0"/>
  <testcase name="MergeSortTest[283]" classname="labrat.IntSortsTest" time="0"/>
  <testcase name="MergeSortTest[284]" classname="labrat.IntSortsTest" time="0"/>
  <testcase name="MergeSortTest[285]" classname="labrat.IntSortsTest" time="0"/>
  <testcase name="MergeSortTest[286]" classname="labrat.IntSortsTest" time="0"/>
  <testcase name="MergeSortTest[287]" classname="labrat.IntSortsTest" time="0"/>
  <testcase name="MergeSortTest[288]" classname="labrat.IntSortsTest" time="0"/>
  <testcase name="MergeSortTest[289]" classname="labrat.IntSortsTest" time="0.001"/>
  <testcase name="MergeSortTest[290]" classname="labrat.IntSortsTest" time="0"/>
  <testcase name="MergeSortTest[291]" classname="labrat.IntSortsTest" time="0"/>
  <testcase name="MergeSortTest[292]" classname="labrat.IntSortsTest" time="0"/>
  <testcase name="MergeSortTest[293]" classname="labrat.IntSortsTest" time="0"/>
  <testcase name="MergeSortTest[294]" classname="labrat.IntSortsTest" time="0"/>
  <testcase name="MergeSortTest[295]" classname="labrat.IntSortsTest" time="0"/>
  <testcase name="MergeSortTest[296]" classname="labrat.IntSortsTest" time="0"/>
  <testcase name="MergeSortTest[297]" classname="labrat.IntSortsTest" time="0"/>
  <testcase name="MergeSortTest[298]" classname="labrat.IntSortsTest" time="0.001"/>
  <testcase name="MergeSortTest[299]" classname="labrat.IntSortsTest" time="0"/>
  <testcase name="MergeSortTest[300]" classname="labrat.IntSortsTest" time="0"/>
  <testcase name="MergeSortTest[301]" classname="labrat.IntSortsTest" time="0"/>
  <testcase name="MergeSortTest[302]" classname="labrat.IntSortsTest" time="0"/>
  <testcase name="MergeSortTest[303]" classname="labrat.IntSortsTest" time="0.001"/>
  <testcase name="MergeSortTest[304]" classname="labrat.IntSortsTest" time="0"/>
  <testcase name="MergeSortTest[305]" classname="labrat.IntSortsTest" time="0"/>
  <testcase name="MergeSortTest[306]" classname="labrat.IntSortsTest" time="0"/>
  <testcase name="MergeSortTest[307]" classname="labrat.IntSortsTest" time="0"/>
  <testcase name="MergeSortTest[308]" classname="labrat.IntSortsTest" time="0"/>
  <testcase name="MergeSortTest[309]" classname="labrat.IntSortsTest" time="0"/>
  <testcase name="MergeSortTest[310]" classname="labrat.IntSortsTest" time="0"/>
  <testcase name="MergeSortTest[311]" classname="labrat.IntSortsTest" time="0"/>
  <testcase name="MergeSortTest[312]" classname="labrat.IntSortsTest" time="0.001"/>
  <testcase name="MergeSortTest[313]" classname="labrat.IntSortsTest" time="0"/>
  <testcase name="MergeSortTest[314]" classname="labrat.IntSortsTest" time="0"/>
  <testcase name="MergeSortTest[315]" classname="labrat.IntSortsTest" time="0"/>
  <testcase name="MergeSortTest[316]" classname="labrat.IntSortsTest" time="0"/>
  <testcase name="MergeSortTest[317]" classname="labrat.IntSortsTest" time="0"/>
  <testcase name="MergeSortTest[318]" classname="labrat.IntSortsTest" time="0"/>
  <testcase name="MergeSortTest[319]" classname="labrat.IntSortsTest" time="0"/>
  <testcase name="MergeSortTest[320]" classname="labrat.IntSortsTest" time="0"/>
  <testcase name="MergeSortTest[321]" classname="labrat.IntSortsTest" time="0"/>
  <testcase name="MergeSortTest[322]" classname="labrat.IntSortsTest" time="0"/>
  <testcase name="MergeSortTest[323]" classname="labrat.IntSortsTest" time="0"/>
  <testcase name="MergeSortTest[324]" classname="labrat.IntSortsTest" time="0"/>
  <testcase name="MergeSortTest[325]" classname="labrat.IntSortsTest" time="0"/>
  <testcase name="MergeSortTest[326]" classname="labrat.IntSortsTest" time="0.001"/>
  <testcase name="MergeSortTest[327]" classname="labrat.IntSortsTest" time="0"/>
  <testcase name="MergeSortTest[328]" classname="labrat.IntSortsTest" time="0"/>
  <testcase name="MergeSortTest[329]" classname="labrat.IntSortsTest" time="0"/>
  <testcase name="MergeSortTest[330]" classname="labrat.IntSortsTest" time="0"/>
  <testcase name="MergeSortTest[331]" classname="labrat.IntSortsTest" time="0"/>
  <testcase name="MergeSortTest[332]" classname="labrat.IntSortsTest" time="0"/>
  <testcase name="MergeSortTest[333]" classname="labrat.IntSortsTest" time="0"/>
  <testcase name="MergeSortTest[334]" classname="labrat.IntSortsTest" time="0"/>
  <testcase name="MergeSortTest[335]" classname="labrat.IntSortsTest" time="0"/>
  <testcase name="MergeSortTest[336]" classname="labrat.IntSortsTest" time="0"/>
  <testcase name="MergeSortTest[337]" classname="labrat.IntSortsTest" time="0"/>
  <testcase name="MergeSortTest[338]" classname="labrat.IntSortsTest" time="0"/>
  <testcase name="MergeSortTest[339]" classname="labrat.IntSortsTest" time="0"/>
  <testcase name="MergeSortTest[340]" classname="labrat.IntSortsTest" time="0"/>
  <testcase name="MergeSortTest[341]" classname="labrat.IntSortsTest" time="0"/>
  <testcase name="MergeSortTest[342]" classname="labrat.IntSortsTest" time="0"/>
  <testcase name="MergeSortTest[343]" classname="labrat.IntSortsTest" time="0"/>
  <testcase name="MergeSortTest[344]" classname="labrat.IntSortsTest" time="0"/>
  <testcase name="MergeSortTest[345]" classname="labrat.IntSortsTest" time="0"/>
  <testcase name="MergeSortTest[346]" classname="labrat.IntSortsTest" time="0"/>
  <testcase name="MergeSortTest[347]" classname="labrat.IntSortsTest" time="0"/>
  <testcase name="MergeSortTest[348]" classname="labrat.IntSortsTest" time="0"/>
  <testcase name="MergeSortTest[349]" classname="labrat.IntSortsTest" time="0"/>
  <testcase name="MergeSortTest[350]" classname="labrat.IntSortsTest" time="0"/>
  <testcase name="MergeSortTest[351]" classname="labrat.IntSortsTest" time="0"/>
  <testcase name="MergeSortTest[352]" classname="labrat.IntSortsTest" time="0"/>
  <testcase name="MergeSortTest[353]" classname="labrat.IntSortsTest" time="0"/>
  <testcase name="MergeSortTest[354]" classname="labrat.IntSortsTest" time="0"/>
  <testcase name="MergeSortTest[355]" classname="labrat.IntSortsTest" time="0"/>
  <testcase name="MergeSortTest[356]" classname="labrat.IntSortsTest" time="0"/>
  <testcase name="MergeSortTest[357]" classname="labrat.IntSortsTest" time="0"/>
  <testcase name="MergeSortTest[358]" classname="labrat.IntSortsTest" time="0"/>
  <testcase name="MergeSortTest[359]" classname="labrat.IntSortsTest" time="0"/>
  <testcase name="MergeSortTest[360]" classname="labrat.IntSortsTest" time="0"/>
  <testcase name="MergeSortTest[361]" classname="labrat.IntSortsTest" time="0"/>
  <testcase name="MergeSortTest[362]" classname="labrat.IntSortsTest" time="0"/>
  <testcase name="MergeSortTest[363]" classname="labrat.IntSortsTest" time="0"/>
  <testcase name="MergeSortTest[364]" classname="labrat.IntSortsTest" time="0"/>
  <testcase name="MergeSortTest[365]" classname="labrat.IntSortsTest" time="0"/>
  <testcase name="MergeSortTest[366]" classname="labrat.IntSortsTest" time="0"/>
  <testcase name="MergeSortTest[367]" classname="labrat.IntSortsTest" time="0"/>
  <testcase name="MergeSortTest[368]" classname="labrat.IntSortsTest" time="0"/>
  <testcase name="MergeSortTest[369]" classname="labrat.IntSortsTest" time="0"/>
  <testcase name="MergeSortTest[370]" classname="labrat.IntSortsTest" time="0"/>
  <testcase name="MergeSortTest[371]" classname="labrat.IntSortsTest" time="0"/>
  <testcase name="MergeSortTest[372]" classname="labrat.IntSortsTest" time="0"/>
  <testcase name="MergeSortTest[373]" classname="labrat.IntSortsTest" time="0"/>
  <testcase name="MergeSortTest[374]" classname="labrat.IntSortsTest" time="0"/>
  <testcase name="MergeSortTest[375]" classname="labrat.IntSortsTest" time="0"/>
  <testcase name="MergeSortTest[376]" classname="labrat.IntSortsTest" time="0"/>
  <testcase name="MergeSortTest[377]" classname="labrat.IntSortsTest" time="0"/>
  <testcase name="MergeSortTest[378]" classname="labrat.IntSortsTest" time="0"/>
  <testcase name="MergeSortTest[379]" classname="labrat.IntSortsTest" time="0"/>
  <testcase name="MergeSortTest[380]" classname="labrat.IntSortsTest" time="0"/>
  <testcase name="MergeSortTest[381]" classname="labrat.IntSortsTest" time="0.001"/>
  <testcase name="MergeSortTest[382]" classname="labrat.IntSortsTest" time="0"/>
  <testcase name="MergeSortTest[383]" classname="labrat.IntSortsTest" time="0"/>
  <testcase name="MergeSortTest[384]" classname="labrat.IntSortsTest" time="0"/>
  <testcase name="MergeSortTest[385]" classname="labrat.IntSortsTest" time="0"/>
  <testcase name="MergeSortTest[386]" classname="labrat.IntSortsTest" time="0"/>
  <testcase name="MergeSortTest[387]" classname="labrat.IntSortsTest" time="0"/>
  <testcase name="MergeSortTest[388]" classname="labrat.IntSortsTest" time="0"/>
  <testcase name="MergeSortTest[389]" classname="labrat.IntSortsTest" time="0"/>
  <testcase name="MergeSortTest[390]" classname="labrat.IntSortsTest" time="0.001"/>
  <testcase name="MergeSortTest[391]" classname="labrat.IntSortsTest" time="0"/>
  <testcase name="MergeSortTest[392]" classname="labrat.IntSortsTest" time="0"/>
  <testcase name="MergeSortTest[393]" classname="labrat.IntSortsTest" time="0"/>
  <testcase name="MergeSortTest[394]" classname="labrat.IntSortsTest" time="0"/>
  <testcase name="MergeSortTest[395]" classname="labrat.IntSortsTest" time="0.001"/>
  <testcase name="MergeSortTest[396]" classname="labrat.IntSortsTest" time="0"/>
  <testcase name="MergeSortTest[397]" classname="labrat.IntSortsTest" time="0"/>
  <testcase name="MergeSortTest[398]" classname="labrat.IntSortsTest" time="0"/>
  <testcase name="MergeSortTest[399]" classname="labrat.IntSortsTest" time="0"/>
  <testcase name="MergeSortTest[400]" classname="labrat.IntSortsTest" time="0"/>
  <testcase name="MergeSortTest[401]" classname="labrat.IntSortsTest" time="0"/>
  <testcase name="MergeSortTest[402]" classname="labrat.IntSortsTest" time="0"/>
  <testcase name="MergeSortTest[403]" classname="labrat.IntSortsTest" time="0"/>
  <testcase name="MergeSortTest[404]" classname="labrat.IntSortsTest" time="0"/>
  <testcase name="MergeSortTest[405]" classname="labrat.IntSortsTest" time="0"/>
  <testcase name="MergeSortTest[406]" classname="labrat.IntSortsTest" time="0"/>
  <testcase name="MergeSortTest[407]" classname="labrat.IntSortsTest" time="0"/>
  <testcase name="MergeSortTest[408]" classname="labrat.IntSortsTest" time="0"/>
  <testcase name="MergeSortTest[409]" classname="labrat.IntSortsTest" time="0.001"/>
  <testcase name="MergeSortTest[410]" classname="labrat.IntSortsTest" time="0"/>
  <testcase name="MergeSortTest[411]" classname="labrat.IntSortsTest" time="0"/>
  <testcase name="MergeSortTest[412]" classname="labrat.IntSortsTest" time="0"/>
  <testcase name="MergeSortTest[413]" classname="labrat.IntSortsTest" time="0"/>
  <testcase name="MergeSortTest[414]" classname="labrat.IntSortsTest" time="0"/>
  <testcase name="MergeSortTest[415]" classname="labrat.IntSortsTest" time="0"/>
  <testcase name="MergeSortTest[416]" classname="labrat.IntSortsTest" time="0"/>
  <testcase name="MergeSortTest[417]" classname="labrat.IntSortsTest" time="0"/>
  <testcase name="MergeSortTest[418]" classname="labrat.IntSortsTest" time="0.001"/>
  <testcase name="MergeSortTest[419]" classname="labrat.IntSortsTest" time="0"/>
  <testcase name="MergeSortTest[420]" classname="labrat.IntSortsTest" time="0"/>
  <testcase name="MergeSortTest[421]" classname="labrat.IntSortsTest" time="0"/>
  <testcase name="MergeSortTest[422]" classname="labrat.IntSortsTest" time="0"/>
  <testcase name="MergeSortTest[423]" classname="labrat.IntSortsTest" time="0.001"/>
  <testcase name="MergeSortTest[424]" classname="labrat.IntSortsTest" time="0"/>
  <testcase name="MergeSortTest[425]" classname="labrat.IntSortsTest" time="0"/>
  <testcase name="MergeSortTest[426]" classname="labrat.IntSortsTest" time="0"/>
  <testcase name="MergeSortTest[427]" classname="labrat.IntSortsTest" time="0"/>
  <testcase name="MergeSortTest[428]" classname="labrat.IntSortsTest" time="0"/>
  <testcase name="MergeSortTest[429]" classname="labrat.IntSortsTest" time="0"/>
  <testcase name="MergeSortTest[430]" classname="labrat.IntSortsTest" time="0"/>
  <testcase name="MergeSortTest[431]" classname="labrat.IntSortsTest" time="0"/>
  <testcase name="MergeSortTest[432]" classname="labrat.IntSortsTest" time="0"/>
  <testcase name="MergeSortTest[433]" classname="labrat.IntSortsTest" time="0"/>
  <testcase name="MergeSortTest[434]" classname="labrat.IntSortsTest" time="0"/>
  <testcase name="MergeSortTest[435]" classname="labrat.IntSortsTest" time="0"/>
  <testcase name="MergeSortTest[436]" classname="labrat.IntSortsTest" time="0"/>
  <testcase name="MergeSortTest[437]" classname="labrat.IntSortsTest" time="0.001"/>
  <testcase name="MergeSortTest[438]" classname="labrat.IntSortsTest" time="0"/>
  <testcase name="MergeSortTest[439]" classname="labrat.IntSortsTest" time="0"/>
  <testcase name="MergeSortTest[440]" classname="labrat.IntSortsTest" time="0"/>
  <testcase name="MergeSortTest[441]" classname="labrat.IntSortsTest" time="0"/>
  <testcase name="MergeSortTest[442]" classname="labrat.IntSortsTest" time="0"/>
  <testcase name="MergeSortTest[443]" classname="labrat.IntSortsTest" time="0"/>
  <testcase name="MergeSortTest[444]" classname="labrat.IntSortsTest" time="0"/>
  <testcase name="MergeSortTest[445]" classname="labrat.IntSortsTest" time="0"/>
  <testcase name="MergeSortTest[446]" classname="labrat.IntSortsTest" time="0.001"/>
  <testcase name="MergeSortTest[447]" classname="labrat.IntSortsTest" time="0"/>
  <testcase name="MergeSortTest[448]" classname="labrat.IntSortsTest" time="0"/>
  <testcase name="MergeSortTest[449]" classname="labrat.IntSortsTest" time="0"/>
  <testcase name="MergeSortTest[450]" classname="labrat.IntSortsTest" time="0"/>
  <testcase name="MergeSortTest[451]" classname="labrat.IntSortsTest" time="0.001"/>
  <testcase name="MergeSortTest[452]" classname="labrat.IntSortsTest" time="0"/>
  <testcase name="MergeSortTest[453]" classname="labrat.IntSortsTest" time="0"/>
  <testcase name="MergeSortTest[454]" classname="labrat.IntSortsTest" time="0"/>
  <testcase name="MergeSortTest[455]" classname="labrat.IntSortsTest" time="0"/>
  <testcase name="MergeSortTest[456]" classname="labrat.IntSortsTest" time="0.001"/>
  <testcase name="MergeSortTest[457]" classname="labrat.IntSortsTest" time="0"/>
  <testcase name="MergeSortTest[458]" classname="labrat.IntSortsTest" time="0"/>
  <testcase name="MergeSortTest[459]" classname="labrat.IntSortsTest" time="0"/>
  <testcase name="MergeSortTest[460]" classname="labrat.IntSortsTest" time="0"/>
  <testcase name="MergeSortTest[461]" classname="labrat.IntSortsTest" time="0"/>
  <testcase name="MergeSortTest[462]" classname="labrat.IntSortsTest" time="0"/>
  <testcase name="MergeSortTest[463]" classname="labrat.IntSortsTest" time="0"/>
  <testcase name="MergeSortTest[464]" classname="labrat.IntSortsTest" time="0"/>
  <testcase name="MergeSortTest[465]" classname="labrat.IntSortsTest" time="0"/>
  <testcase name="MergeSortTest[466]" classname="labrat.IntSortsTest" time="0"/>
  <testcase name="MergeSortTest[467]" classname="labrat.IntSortsTest" time="0"/>
  <testcase name="MergeSortTest[468]" classname="labrat.IntSortsTest" time="0"/>
  <testcase name="MergeSortTest[469]" classname="labrat.IntSortsTest" time="0"/>
  <testcase name="MergeSortTest[470]" classname="labrat.IntSortsTest" time="0.001"/>
  <testcase name="MergeSortTest[471]" classname="labrat.IntSortsTest" time="0"/>
  <testcase name="MergeSortTest[472]" classname="labrat.IntSortsTest" time="0"/>
  <testcase name="MergeSortTest[473]" classname="labrat.IntSortsTest" time="0"/>
  <testcase name="MergeSortTest[474]" classname="labrat.IntSortsTest" time="0"/>
  <testcase name="MergeSortTest[475]" classname="labrat.IntSortsTest" time="0.001"/>
  <testcase name="MergeSortTest[476]" classname="labrat.IntSortsTest" time="0"/>
  <testcase name="MergeSortTest[477]" classname="labrat.IntSortsTest" time="0"/>
  <testcase name="MergeSortTest[478]" classname="labrat.IntSortsTest" time="0"/>
  <testcase name="MergeSortTest[479]" classname="labrat.IntSortsTest" time="0"/>
  <testcase name="MergeSortTest[480]" classname="labrat.IntSortsTest" time="0.001"/>
  <testcase name="MergeSortTest[481]" classname="labrat.IntSortsTest" time="0"/>
  <testcase name="MergeSortTest[482]" classname="labrat.IntSortsTest" time="0"/>
  <testcase name="MergeSortTest[483]" classname="labrat.IntSortsTest" time="0"/>
  <testcase name="MergeSortTest[484]" classname="labrat.IntSortsTest" time="0.001"/>
  <testcase name="MergeSortTest[485]" classname="labrat.IntSortsTest" time="0"/>
  <testcase name="MergeSortTest[486]" classname="labrat.IntSortsTest" time="0"/>
  <testcase name="MergeSortTest[487]" classname="labrat.IntSortsTest" time="0"/>
  <testcase name="MergeSortTest[488]" classname="labrat.IntSortsTest" time="0"/>
  <testcase name="MergeSortTest[489]" classname="labrat.IntSortsTest" time="0.001"/>
  <testcase name="MergeSortTest[490]" classname="labrat.IntSortsTest" time="0"/>
  <testcase name="MergeSortTest[491]" classname="labrat.IntSortsTest" time="0"/>
  <testcase name="MergeSortTest[492]" classname="labrat.IntSortsTest" time="0"/>
  <testcase name="MergeSortTest[493]" classname="labrat.IntSortsTest" time="0"/>
  <testcase name="MergeSortTest[494]" classname="labrat.IntSortsTest" time="0"/>
  <testcase name="MergeSortTest[495]" classname="labrat.IntSortsTest" time="0"/>
  <testcase name="MergeSortTest[496]" classname="labrat.IntSortsTest" time="0"/>
  <testcase name="MergeSortTest[497]" classname="labrat.IntSortsTest" time="0"/>
  <testcase name="MergeSortTest[498]" classname="labrat.IntSortsTest" time="0.001"/>
  <testcase name="MergeSortTest[499]" classname="labrat.IntSortsTest" time="0"/>
  <testcase name="MergeSortTest[500]" classname="labrat.IntSortsTest" time="0"/>
  <testcase name="MergeSortTest[501]" classname="labrat.IntSortsTest" time="0"/>
  <testcase name="MergeSortTest[502]" classname="labrat.IntSortsTest" time="0"/>
  <testcase name="MergeSortTest[503]" classname="labrat.IntSortsTest" time="0.001"/>
  <testcase name="MergeSortTest[504]" classname="labrat.IntSortsTest" time="0"/>
  <testcase name="MergeSortTest[505]" classname="labrat.IntSortsTest" time="0"/>
  <testcase name="MergeSortTest[506]" classname="labrat.IntSortsTest" time="0"/>
  <testcase name="MergeSortTest[507]" classname="labrat.IntSortsTest" time="0"/>
  <testcase name="MergeSortTest[508]" classname="labrat.IntSortsTest" time="0.001"/>
  <testcase name="MergeSortTest[509]" classname="labrat.IntSortsTest" time="0"/>
  <testcase name="MergeSortTest[510]" classname="labrat.IntSortsTest" time="0"/>
  <testcase name="MergeSortTest[511]" classname="labrat.IntSortsTest" time="0"/>
  <testcase name="MergeSortTest[512]" classname="labrat.IntSortsTest" time="0"/>
  <testcase name="MergeSortTest[513]" classname="labrat.IntSortsTest" time="0.001"/>
  <testcase name="MergeSortTest[514]" classname="labrat.IntSortsTest" time="0"/>
  <testcase name="MergeSortTest[515]" classname="labrat.IntSortsTest" time="0"/>
  <testcase name="MergeSortTest[516]" classname="labrat.IntSortsTest" time="0"/>
  <testcase name="MergeSortTest[517]" classname="labrat.IntSortsTest" time="0"/>
  <testcase name="MergeSortTest[518]" classname="labrat.IntSortsTest" time="0"/>
  <testcase name="MergeSortTest[519]" classname="labrat.IntSortsTest" time="0"/>
  <testcase name="MergeSortTest[520]" classname="labrat.IntSortsTest" time="0"/>
  <testcase name="MergeSortTest[521]" classname="labrat.IntSortsTest" time="0"/>
  <testcase name="MergeSortTest[522]" classname="labrat.IntSortsTest" time="0"/>
  <testcase name="MergeSortTest[523]" classname="labrat.IntSortsTest" time="0"/>
  <testcase name="MergeSortTest[524]" classname="labrat.IntSortsTest" time="0"/>
  <testcase name="MergeSortTest[525]" classname="labrat.IntSortsTest" time="0"/>
  <testcase name="MergeSortTest[526]" classname="labrat.IntSortsTest" time="0"/>
  <testcase name="MergeSortTest[527]" classname="labrat.IntSortsTest" time="0"/>
  <testcase name="MergeSortTest[528]" classname="labrat.IntSortsTest" time="0"/>
  <testcase name="MergeSortTest[529]" classname="labrat.IntSortsTest" time="0"/>
  <testcase name="MergeSortTest[530]" classname="labrat.IntSortsTest" time="0"/>
  <testcase name="MergeSortTest[531]" classname="labrat.IntSortsTest" time="0"/>
  <testcase name="MergeSortTest[532]" classname="labrat.IntSortsTest" time="0.001"/>
  <testcase name="MergeSortTest[533]" classname="labrat.IntSortsTest" time="0"/>
  <testcase name="MergeSortTest[534]" classname="labrat.IntSortsTest" time="0"/>
  <testcase name="MergeSortTest[535]" classname="labrat.IntSortsTest" time="0"/>
  <testcase name="MergeSortTest[536]" classname="labrat.IntSortsTest" time="0"/>
  <testcase name="MergeSortTest[537]" classname="labrat.IntSortsTest" time="0.001"/>
  <testcase name="MergeSortTest[538]" classname="labrat.IntSortsTest" time="0"/>
  <testcase name="MergeSortTest[539]" classname="labrat.IntSortsTest" time="0"/>
  <testcase name="MergeSortTest[540]" classname="labrat.IntSortsTest" time="0"/>
  <testcase name="MergeSortTest[541]" classname="labrat.IntSortsTest" time="0"/>
  <testcase name="MergeSortTest[542]" classname="labrat.IntSortsTest" time="0.001"/>
  <testcase name="MergeSortTest[543]" classname="labrat.IntSortsTest" time="0"/>
  <testcase name="MergeSortTest[544]" classname="labrat.IntSortsTest" time="0"/>
  <testcase name="MergeSortTest[545]" classname="labrat.IntSortsTest" time="0"/>
  <testcase name="MergeSortTest[546]" classname="labrat.IntSortsTest" time="0"/>
  <testcase name="MergeSortTest[547]" classname="labrat.IntSortsTest" time="0"/>
  <testcase name="MergeSortTest[548]" classname="labrat.IntSortsTest" time="0"/>
  <testcase name="MergeSortTest[549]" classname="labrat.IntSortsTest" time="0"/>
  <testcase name="MergeSortTest[550]" classname="labrat.IntSortsTest" time="0"/>
  <testcase name="MergeSortTest[551]" classname="labrat.IntSortsTest" time="0"/>
  <testcase name="MergeSortTest[552]" classname="labrat.IntSortsTest" time="0"/>
  <testcase name="MergeSortTest[553]" classname="labrat.IntSortsTest" time="0"/>
  <testcase name="MergeSortTest[554]" classname="labrat.IntSortsTest" time="0"/>
  <testcase name="MergeSortTest[555]" classname="labrat.IntSortsTest" time="0"/>
  <testcase name="MergeSortTest[556]" classname="labrat.IntSortsTest" time="0.001"/>
  <testcase name="MergeSortTest[557]" classname="labrat.IntSortsTest" time="0"/>
  <testcase name="MergeSortTest[558]" classname="labrat.IntSortsTest" time="0"/>
  <testcase name="MergeSortTest[559]" classname="labrat.IntSortsTest" time="0"/>
  <testcase name="MergeSortTest[560]" classname="labrat.IntSortsTest" time="0"/>
  <testcase name="MergeSortTest[561]" classname="labrat.IntSortsTest" time="0.001"/>
  <testcase name="MergeSortTest[562]" classname="labrat.IntSortsTest" time="0"/>
  <testcase name="MergeSortTest[563]" classname="labrat.IntSortsTest" time="0"/>
  <testcase name="MergeSortTest[564]" classname="labrat.IntSortsTest" time="0"/>
  <testcase name="MergeSortTest[565]" classname="labrat.IntSortsTest" time="0"/>
  <testcase name="MergeSortTest[566]" classname="labrat.IntSortsTest" time="0.001"/>
  <testcase name="MergeSortTest[567]" classname="labrat.IntSortsTest" time="0"/>
  <testcase name="MergeSortTest[568]" classname="labrat.IntSortsTest" time="0"/>
  <testcase name="MergeSortTest[569]" classname="labrat.IntSortsTest" time="0"/>
  <testcase name="MergeSortTest[570]" classname="labrat.IntSortsTest" time="0"/>
  <testcase name="MergeSortTest[571]" classname="labrat.IntSortsTest" time="0.001"/>
  <testcase name="MergeSortTest[572]" classname="labrat.IntSortsTest" time="0"/>
  <testcase name="MergeSortTest[573]" classname="labrat.IntSortsTest" time="0"/>
  <testcase name="MergeSortTest[574]" classname="labrat.IntSortsTest" time="0"/>
  <testcase name="MergeSortTest[575]" classname="labrat.IntSortsTest" time="0"/>
  <testcase name="MergeSortTest[576]" classname="labrat.IntSortsTest" time="0"/>
  <testcase name="MergeSortTest[577]" classname="labrat.IntSortsTest" time="0"/>
  <testcase name="MergeSortTest[578]" classname="labrat.IntSortsTest" time="0"/>
  <testcase name="MergeSortTest[579]" classname="labrat.IntSortsTest" time="0"/>
  <testcase name="MergeSortTest[580]" classname="labrat.IntSortsTest" time="0.001"/>
  <testcase name="MergeSortTest[581]" classname="labrat.IntSortsTest" time="0"/>
  <testcase name="MergeSortTest[582]" classname="labrat.IntSortsTest" time="0"/>
  <testcase name="MergeSortTest[583]" classname="labrat.IntSortsTest" time="0"/>
  <testcase name="MergeSortTest[584]" classname="labrat.IntSortsTest" time="0"/>
  <testcase name="MergeSortTest[585]" classname="labrat.IntSortsTest" time="0.001"/>
  <testcase name="MergeSortTest[586]" classname="labrat.IntSortsTest" time="0"/>
  <testcase name="MergeSortTest[587]" classname="labrat.IntSortsTest" time="0"/>
  <testcase name="MergeSortTest[588]" classname="labrat.IntSortsTest" time="0"/>
  <testcase name="MergeSortTest[589]" classname="labrat.IntSortsTest" time="0.001"/>
  <testcase name="MergeSortTest[590]" classname="labrat.IntSortsTest" time="0"/>
  <testcase name="MergeSortTest[591]" classname="labrat.IntSortsTest" time="0"/>
  <testcase name="MergeSortTest[592]" classname="labrat.IntSortsTest" time="0"/>
  <testcase name="MergeSortTest[593]" classname="labrat.IntSortsTest" time="0.001"/>
  <testcase name="MergeSortTest[594]" classname="labrat.IntSortsTest" time="0"/>
  <testcase name="MergeSortTest[595]" classname="labrat.IntSortsTest" time="0"/>
  <testcase name="MergeSortTest[596]" classname="labrat.IntSortsTest" time="0"/>
  <testcase name="MergeSortTest[597]" classname="labrat.IntSortsTest" time="0"/>
  <testcase name="MergeSortTest[598]" classname="labrat.IntSortsTest" time="0"/>
  <testcase name="MergeSortTest[599]" classname="labrat.IntSortsTest" time="0"/>
  <testcase name="MergeSortTest[600]" classname="labrat.IntSortsTest" time="0"/>
  <testcase name="MergeSortTest[601]" classname="labrat.IntSortsTest" time="0"/>
  <testcase name="MergeSortTest[602]" classname="labrat.IntSortsTest" time="0.001"/>
  <testcase name="MergeSortTest[603]" classname="labrat.IntSortsTest" time="0"/>
  <testcase name="MergeSortTest[604]" classname="labrat.IntSortsTest" time="0"/>
  <testcase name="MergeSortTest[605]" classname="labrat.IntSortsTest" time="0"/>
  <testcase name="MergeSortTest[606]" classname="labrat.IntSortsTest" time="0"/>
  <testcase name="MergeSortTest[607]" classname="labrat.IntSortsTest" time="0"/>
  <testcase name="MergeSortTest[608]" classname="labrat.IntSortsTest" time="0"/>
  <testcase name="MergeSortTest[609]" classname="labrat.IntSortsTest" time="0"/>
  <testcase name="MergeSortTest[610]" classname="labrat.IntSortsTest" time="0"/>
  <testcase name="MergeSortTest[611]" classname="labrat.IntSortsTest" time="0.001"/>
  <testcase name="MergeSortTest[612]" classname="labrat.IntSortsTest" time="0"/>
  <testcase name="MergeSortTest[613]" classname="labrat.IntSortsTest" time="0"/>
  <testcase name="MergeSortTest[614]" classname="labrat.IntSortsTest" time="0"/>
  <testcase name="MergeSortTest[615]" classname="labrat.IntSortsTest" time="0"/>
  <testcase name="MergeSortTest[616]" classname="labrat.IntSortsTest" time="0"/>
  <testcase name="MergeSortTest[617]" classname="labrat.IntSortsTest" time="0"/>
  <testcase name="MergeSortTest[618]" classname="labrat.IntSortsTest" time="0"/>
  <testcase name="MergeSortTest[619]" classname="labrat.IntSortsTest" time="0"/>
  <testcase name="MergeSortTest[620]" classname="labrat.IntSortsTest" time="0.001"/>
  <testcase name="MergeSortTest[621]" classname="labrat.IntSortsTest" time="0"/>
  <testcase name="MergeSortTest[622]" classname="labrat.IntSortsTest" time="0"/>
  <testcase name="MergeSortTest[623]" classname="labrat.IntSortsTest" time="0"/>
  <testcase name="MergeSortTest[624]" classname="labrat.IntSortsTest" time="0"/>
  <testcase name="MergeSortTest[625]" classname="labrat.IntSortsTest" time="0"/>
  <testcase name="MergeSortTest[626]" classname="labrat.IntSortsTest" time="0"/>
  <testcase name="MergeSortTest[627]" classname="labrat.IntSortsTest" time="0"/>
  <testcase name="MergeSortTest[628]" classname="labrat.IntSortsTest" time="0"/>
  <testcase name="MergeSortTest[629]" classname="labrat.IntSortsTest" time="0.001"/>
  <testcase name="MergeSortTest[630]" classname="labrat.IntSortsTest" time="0"/>
  <testcase name="MergeSortTest[631]" classname="labrat.IntSortsTest" time="0"/>
  <testcase name="MergeSortTest[632]" classname="labrat.IntSortsTest" time="0"/>
  <testcase name="MergeSortTest[633]" classname="labrat.IntSortsTest" time="0.001"/>
  <testcase name="MergeSortTest[634]" classname="labrat.IntSortsTest" time="0"/>
  <testcase name="MergeSortTest[635]" classname="labrat.IntSortsTest" time="0"/>
  <testcase name="MergeSortTest[636]" classname="labrat.IntSortsTest" time="0"/>
  <testcase name="MergeSortTest[637]" classname="labrat.IntSortsTest" time="0"/>
  <testcase name="MergeSortTest[638]" classname="labrat.IntSortsTest" time="0.001"/>
  <testcase name="MergeSortTest[639]" classname="labrat.IntSortsTest" time="0"/>
  <testcase name="MergeSortTest[640]" classname="labrat.IntSortsTest" time="0"/>
  <testcase name="MergeSortTest[641]" classname="labrat.IntSortsTest" time="0"/>
  <testcase name="MergeSortTest[642]" classname="labrat.IntSortsTest" time="0.001"/>
  <testcase name="MergeSortTest[643]" classname="labrat.IntSortsTest" time="0"/>
  <testcase name="MergeSortTest[644]" classname="labrat.IntSortsTest" time="0"/>
  <testcase name="MergeSortTest[645]" classname="labrat.IntSortsTest" time="0"/>
  <testcase name="MergeSortTest[646]" classname="labrat.IntSortsTest" time="0"/>
  <testcase name="MergeSortTest[647]" classname="labrat.IntSortsTest" time="0"/>
  <testcase name="MergeSortTest[648]" classname="labrat.IntSortsTest" time="0"/>
  <testcase name="MergeSortTest[649]" classname="labrat.IntSortsTest" time="0"/>
  <testcase name="MergeSortTest[650]" classname="labrat.IntSortsTest" time="0"/>
  <testcase name="MergeSortTest[651]" classname="labrat.IntSortsTest" time="0.001"/>
  <testcase name="MergeSortTest[652]" classname="labrat.IntSortsTest" time="0"/>
  <testcase name="MergeSortTest[653]" classname="labrat.IntSortsTest" time="0"/>
  <testcase name="MergeSortTest[654]" classname="labrat.IntSortsTest" time="0"/>
  <testcase name="MergeSortTest[655]" classname="labrat.IntSortsTest" time="0"/>
  <testcase name="MergeSortTest[656]" classname="labrat.IntSortsTest" time="0"/>
  <testcase name="MergeSortTest[657]" classname="labrat.IntSortsTest" time="0"/>
  <testcase name="MergeSortTest[658]" classname="labrat.IntSortsTest" time="0"/>
  <testcase name="MergeSortTest[659]" classname="labrat.IntSortsTest" time="0"/>
  <testcase name="MergeSortTest[660]" classname="labrat.IntSortsTest" time="0.001"/>
  <testcase name="MergeSortTest[661]" classname="labrat.IntSortsTest" time="0"/>
  <testcase name="MergeSortTest[662]" classname="labrat.IntSortsTest" time="0"/>
  <testcase name="MergeSortTest[663]" classname="labrat.IntSortsTest" time="0"/>
  <testcase name="MergeSortTest[664]" classname="labrat.IntSortsTest" time="0.001"/>
  <testcase name="MergeSortTest[665]" classname="labrat.IntSortsTest" time="0"/>
  <testcase name="MergeSortTest[666]" classname="labrat.IntSortsTest" time="0"/>
  <testcase name="MergeSortTest[667]" classname="labrat.IntSortsTest" time="0"/>
  <testcase name="MergeSortTest[668]" classname="labrat.IntSortsTest" time="0"/>
  <testcase name="MergeSortTest[669]" classname="labrat.IntSortsTest" time="0"/>
  <testcase name="MergeSortTest[670]" classname="labrat.IntSortsTest" time="0"/>
  <testcase name="MergeSortTest[671]" classname="labrat.IntSortsTest" time="0"/>
  <testcase name="MergeSortTest[672]" classname="labrat.IntSortsTest" time="0"/>
  <testcase name="MergeSortTest[673]" classname="labrat.IntSortsTest" time="0.001"/>
  <testcase name="MergeSortTest[674]" classname="labrat.IntSortsTest" time="0"/>
  <testcase name="MergeSortTest[675]" classname="labrat.IntSortsTest" time="0"/>
  <testcase name="MergeSortTest[676]" classname="labrat.IntSortsTest" time="0"/>
  <testcase name="MergeSortTest[677]" classname="labrat.IntSortsTest" time="0"/>
  <testcase name="MergeSortTest[678]" classname="labrat.IntSortsTest" time="0"/>
  <testcase name="MergeSortTest[679]" classname="labrat.IntSortsTest" time="0"/>
  <testcase name="MergeSortTest[680]" classname="labrat.IntSortsTest" time="0"/>
  <testcase name="MergeSortTest[681]" classname="labrat.IntSortsTest" time="0"/>
  <testcase name="MergeSortTest[682]" classname="labrat.IntSortsTest" time="0.001"/>
  <testcase name="MergeSortTest[683]" classname="labrat.IntSortsTest" time="0"/>
  <testcase name="MergeSortTest[684]" classname="labrat.IntSortsTest" time="0"/>
  <testcase name="MergeSortTest[685]" classname="labrat.IntSortsTest" time="0"/>
  <testcase name="MergeSortTest[686]" classname="labrat.IntSortsTest" time="0"/>
  <testcase name="MergeSortTest[687]" classname="labrat.IntSortsTest" time="0"/>
  <testcase name="MergeSortTest[688]" classname="labrat.IntSortsTest" time="0"/>
  <testcase name="MergeSortTest[689]" classname="labrat.IntSortsTest" time="0"/>
  <testcase name="MergeSortTest[690]" classname="labrat.IntSortsTest" time="0"/>
  <testcase name="MergeSortTest[691]" classname="labrat.IntSortsTest" time="0.001"/>
  <testcase name="MergeSortTest[692]" classname="labrat.IntSortsTest" time="0"/>
  <testcase name="MergeSortTest[693]" classname="labrat.IntSortsTest" time="0"/>
  <testcase name="MergeSortTest[694]" classname="labrat.IntSortsTest" time="0"/>
  <testcase name="MergeSortTest[695]" classname="labrat.IntSortsTest" time="0"/>
  <testcase name="MergeSortTest[696]" classname="labrat.IntSortsTest" time="0"/>
  <testcase name="MergeSortTest[697]" classname="labrat.IntSortsTest" time="0"/>
  <testcase name="MergeSortTest[698]" classname="labrat.IntSortsTest" time="0"/>
  <testcase name="MergeSortTest[699]" classname="labrat.IntSortsTest" time="0"/>
  <testcase name="MergeSortTest[700]" classname="labrat.IntSortsTest" time="0"/>
  <testcase name="MergeSortTest[701]" classname="labrat.IntSortsTest" time="0"/>
  <testcase name="MergeSortTest[702]" classname="labrat.IntSortsTest" time="0"/>
  <testcase name="MergeSortTest[703]" classname="labrat.IntSortsTest" time="0"/>
  <testcase name="MergeSortTest[704]" classname="labrat.IntSortsTest" time="0.001"/>
  <testcase name="MergeSortTest[705]" classname="labrat.IntSortsTest" time="0"/>
  <testcase name="MergeSortTest[706]" classname="labrat.IntSortsTest" time="0"/>
  <testcase name="MergeSortTest[707]" classname="labrat.IntSortsTest" time="0"/>
  <testcase name="MergeSortTest[708]" classname="labrat.IntSortsTest" time="0"/>
  <testcase name="MergeSortTest[709]" classname="labrat.IntSortsTest" time="0.001"/>
  <testcase name="MergeSortTest[710]" classname="labrat.IntSortsTest" time="0"/>
  <testcase name="MergeSortTest[711]" classname="labrat.IntSortsTest" time="0"/>
  <testcase name="MergeSortTest[712]" classname="labrat.IntSortsTest" time="0"/>
  <testcase name="MergeSortTest[713]" classname="labrat.IntSortsTest" time="0"/>
  <testcase name="MergeSortTest[714]" classname="labrat.IntSortsTest" time="0"/>
  <testcase name="MergeSortTest[715]" classname="labrat.IntSortsTest" time="0"/>
  <testcase name="MergeSortTest[716]" classname="labrat.IntSortsTest" time="0"/>
  <testcase name="MergeSortTest[717]" classname="labrat.IntSortsTest" time="0"/>
  <testcase name="MergeSortTest[718]" classname="labrat.IntSortsTest" time="0.001"/>
  <testcase name="MergeSortTest[719]" classname="labrat.IntSortsTest" time="0"/>
  <testcase name="MergeSortTest[720]" classname="labrat.IntSortsTest" time="0"/>
  <testcase name="MergeSortTest[721]" classname="labrat.IntSortsTest" time="0"/>
  <testcase name="MergeSortTest[722]" classname="labrat.IntSortsTest" time="0"/>
  <testcase name="MergeSortTest[723]" classname="labrat.IntSortsTest" time="0"/>
  <testcase name="MergeSortTest[724]" classname="labrat.IntSortsTest" time="0"/>
  <testcase name="MergeSortTest[725]" classname="labrat.IntSortsTest" time="0"/>
  <testcase name="MergeSortTest[726]" classname="labrat.IntSortsTest" time="0"/>
  <testcase name="MergeSortTest[727]" classname="labrat.IntSortsTest" time="0.001"/>
  <testcase name="MergeSortTest[728]" classname="labrat.IntSortsTest" time="0"/>
  <testcase name="MergeSortTest[729]" classname="labrat.IntSortsTest" time="0"/>
  <testcase name="MergeSortTest[730]" classname="labrat.IntSortsTest" time="0"/>
  <testcase name="MergeSortTest[731]" classname="labrat.IntSortsTest" time="0"/>
  <testcase name="MergeSortTest[732]" classname="labrat.IntSortsTest" time="0"/>
  <testcase name="MergeSortTest[733]" classname="labrat.IntSortsTest" time="0"/>
  <testcase name="MergeSortTest[734]" classname="labrat.IntSortsTest" time="0"/>
  <testcase name="MergeSortTest[735]" classname="labrat.IntSortsTest" time="0"/>
  <testcase name="MergeSortTest[736]" classname="labrat.IntSortsTest" time="0.001"/>
  <testcase name="MergeSortTest[737]" classname="labrat.IntSortsTest" time="0"/>
  <testcase name="MergeSortTest[738]" classname="labrat.IntSortsTest" time="0"/>
  <testcase name="MergeSortTest[739]" classname="labrat.IntSortsTest" time="0"/>
  <testcase name="MergeSortTest[740]" classname="labrat.IntSortsTest" time="0"/>
  <testcase name="MergeSortTest[741]" classname="labrat.IntSortsTest" time="0"/>
  <testcase name="MergeSortTest[742]" classname="labrat.IntSortsTest" time="0"/>
  <testcase name="MergeSortTest[743]" classname="labrat.IntSortsTest" time="0"/>
  <testcase name="MergeSortTest[744]" classname="labrat.IntSortsTest" time="0"/>
  <testcase name="MergeSortTest[745]" classname="labrat.IntSortsTest" time="0.001"/>
  <testcase name="MergeSortTest[746]" classname="labrat.IntSortsTest" time="0"/>
  <testcase name="MergeSortTest[747]" classname="labrat.IntSortsTest" time="0"/>
  <testcase name="MergeSortTest[748]" classname="labrat.IntSortsTest" time="0"/>
  <testcase name="MergeSortTest[749]" classname="labrat.IntSortsTest" time="0"/>
  <testcase name="MergeSortTest[750]" classname="labrat.IntSortsTest" time="0"/>
  <testcase name="MergeSortTest[751]" classname="labrat.IntSortsTest" time="0"/>
  <testcase name="MergeSortTest[752]" classname="labrat.IntSortsTest" time="0"/>
  <testcase name="MergeSortTest[753]" classname="labrat.IntSortsTest" time="0"/>
  <testcase name="MergeSortTest[754]" classname="labrat.IntSortsTest" time="0.001"/>
  <testcase name="MergeSortTest[755]" classname="labrat.IntSortsTest" time="0"/>
  <testcase name="MergeSortTest[756]" classname="labrat.IntSortsTest" time="0"/>
  <testcase name="MergeSortTest[757]" classname="labrat.IntSortsTest" time="0"/>
  <testcase name="MergeSortTest[758]" classname="labrat.IntSortsTest" time="0.001"/>
  <testcase name="MergeSortTest[759]" classname="labrat.IntSortsTest" time="0"/>
  <testcase name="MergeSortTest[760]" classname="labrat.IntSortsTest" time="0"/>
  <testcase name="MergeSortTest[761]" classname="labrat.IntSortsTest" time="0"/>
  <testcase name="MergeSortTest[762]" classname="labrat.IntSortsTest" time="0"/>
  <testcase name="MergeSortTest[763]" classname="labrat.IntSortsTest" time="0"/>
  <testcase name="MergeSortTest[764]" classname="labrat.IntSortsTest" time="0"/>
  <testcase name="MergeSortTest[765]" classname="labrat.IntSortsTest" time="0"/>
  <testcase name="MergeSortTest[766]" classname="labrat.IntSortsTest" time="0"/>
  <testcase name="MergeSortTest[767]" classname="labrat.IntSortsTest" time="0.001"/>
  <testcase name="MergeSortTest[768]" classname="labrat.IntSortsTest" time="0"/>
  <testcase name="MergeSortTest[769]" classname="labrat.IntSortsTest" time="0"/>
  <testcase name="MergeSortTest[770]" classname="labrat.IntSortsTest" time="0"/>
  <testcase name="MergeSortTest[771]" classname="labrat.IntSortsTest" time="0.001"/>
  <testcase name="MergeSortTest[772]" classname="labrat.IntSortsTest" time="0"/>
  <testcase name="MergeSortTest[773]" classname="labrat.IntSortsTest" time="0"/>
  <testcase name="MergeSortTest[774]" classname="labrat.IntSortsTest" time="0"/>
  <testcase name="MergeSortTest[775]" classname="labrat.IntSortsTest" time="0.001"/>
  <testcase name="MergeSortTest[776]" classname="labrat.IntSortsTest" time="0"/>
  <testcase name="MergeSortTest[777]" classname="labrat.IntSortsTest" time="0"/>
  <testcase name="MergeSortTest[778]" classname="labrat.IntSortsTest" time="0"/>
  <testcase name="MergeSortTest[779]" classname="labrat.IntSortsTest" time="0"/>
  <testcase name="MergeSortTest[780]" classname="labrat.IntSortsTest" time="0"/>
  <testcase name="MergeSortTest[781]" classname="labrat.IntSortsTest" time="0"/>
  <testcase name="MergeSortTest[782]" classname="labrat.IntSortsTest" time="0"/>
  <testcase name="MergeSortTest[783]" classname="labrat.IntSortsTest" time="0"/>
  <testcase name="MergeSortTest[784]" classname="labrat.IntSortsTest" time="0.001"/>
  <testcase name="MergeSortTest[785]" classname="labrat.IntSortsTest" time="0"/>
  <testcase name="MergeSortTest[786]" classname="labrat.IntSortsTest" time="0"/>
  <testcase name="MergeSortTest[787]" classname="labrat.IntSortsTest" time="0"/>
  <testcase name="MergeSortTest[788]" classname="labrat.IntSortsTest" time="0.001"/>
  <testcase name="MergeSortTest[789]" classname="labrat.IntSortsTest" time="0"/>
  <testcase name="MergeSortTest[790]" classname="labrat.IntSortsTest" time="0"/>
  <testcase name="MergeSortTest[791]" classname="labrat.IntSortsTest" time="0"/>
  <testcase name="MergeSortTest[792]" classname="labrat.IntSortsTest" time="0"/>
  <testcase name="MergeSortTest[793]" classname="labrat.IntSortsTest" time="0.001"/>
  <testcase name="MergeSortTest[794]" classname="labrat.IntSortsTest" time="0"/>
  <testcase name="MergeSortTest[795]" classname="labrat.IntSortsTest" time="0"/>
  <testcase name="MergeSortTest[796]" classname="labrat.IntSortsTest" time="0"/>
  <testcase name="MergeSortTest[797]" classname="labrat.IntSortsTest" time="0.001"/>
  <testcase name="MergeSortTest[798]" classname="labrat.IntSortsTest" time="0"/>
  <testcase name="MergeSortTest[799]" classname="labrat.IntSortsTest" time="0"/>
  <testcase name="MergeSortTest[800]" classname="labrat.IntSortsTest" time="0"/>
  <testcase name="MergeSortTest[801]" classname="labrat.IntSortsTest" time="0.001"/>
  <testcase name="MergeSortTest[802]" classname="labrat.IntSortsTest" time="0"/>
  <testcase name="MergeSortTest[803]" classname="labrat.IntSortsTest" time="0"/>
  <testcase name="MergeSortTest[804]" classname="labrat.IntSortsTest" time="0"/>
  <testcase name="MergeSortTest[805]" classname="labrat.IntSortsTest" time="0"/>
  <testcase name="MergeSortTest[806]" classname="labrat.IntSortsTest" time="0"/>
  <testcase name="MergeSortTest[807]" classname="labrat.IntSortsTest" time="0"/>
  <testcase name="MergeSortTest[808]" classname="labrat.IntSortsTest" time="0"/>
  <testcase name="MergeSortTest[809]" classname="labrat.IntSortsTest" time="0"/>
  <testcase name="MergeSortTest[810]" classname="labrat.IntSortsTest" time="0.001"/>
  <testcase name="MergeSortTest[811]" classname="labrat.IntSortsTest" time="0"/>
  <testcase name="MergeSortTest[812]" classname="labrat.IntSortsTest" time="0"/>
  <testcase name="MergeSortTest[813]" classname="labrat.IntSortsTest" time="0"/>
  <testcase name="MergeSortTest[814]" classname="labrat.IntSortsTest" time="0"/>
  <testcase name="MergeSortTest[815]" classname="labrat.IntSortsTest" time="0"/>
  <testcase name="MergeSortTest[816]" classname="labrat.IntSortsTest" time="0"/>
  <testcase name="MergeSortTest[817]" classname="labrat.IntSortsTest" time="0"/>
  <testcase name="MergeSortTest[818]" classname="labrat.IntSortsTest" time="0"/>
  <testcase name="MergeSortTest[819]" classname="labrat.IntSortsTest" time="0"/>
  <testcase name="MergeSortTest[820]" classname="labrat.IntSortsTest" time="0"/>
  <testcase name="MergeSortTest[821]" classname="labrat.IntSortsTest" time="0"/>
  <testcase name="MergeSortTest[822]" classname="labrat.IntSortsTest" time="0"/>
  <testcase name="MergeSortTest[823]" classname="labrat.IntSortsTest" time="0.001"/>
  <testcase name="MergeSortTest[824]" classname="labrat.IntSortsTest" time="0"/>
  <testcase name="MergeSortTest[825]" classname="labrat.IntSortsTest" time="0"/>
  <testcase name="MergeSortTest[826]" classname="labrat.IntSortsTest" time="0"/>
  <testcase name="MergeSortTest[827]" classname="labrat.IntSortsTest" time="0"/>
  <testcase name="MergeSortTest[828]" classname="labrat.IntSortsTest" time="0"/>
  <testcase name="MergeSortTest[829]" classname="labrat.IntSortsTest" time="0"/>
  <testcase name="MergeSortTest[830]" classname="labrat.IntSortsTest" time="0"/>
  <testcase name="MergeSortTest[831]" classname="labrat.IntSortsTest" time="0"/>
  <testcase name="MergeSortTest[832]" classname="labrat.IntSortsTest" time="0.001"/>
  <testcase name="MergeSortTest[833]" classname="labrat.IntSortsTest" time="0"/>
  <testcase name="MergeSortTest[834]" classname="labrat.IntSortsTest" time="0"/>
  <testcase name="MergeSortTest[835]" classname="labrat.IntSortsTest" time="0"/>
  <testcase name="MergeSortTest[836]" classname="labrat.IntSortsTest" time="0.001"/>
  <testcase name="MergeSortTest[837]" classname="labrat.IntSortsTest" time="0"/>
  <testcase name="MergeSortTest[838]" classname="labrat.IntSortsTest" time="0"/>
  <testcase name="MergeSortTest[839]" classname="labrat.IntSortsTest" time="0"/>
  <testcase name="MergeSortTest[840]" classname="labrat.IntSortsTest" time="0"/>
  <testcase name="MergeSortTest[841]" classname="labrat.IntSortsTest" time="0"/>
  <testcase name="MergeSortTest[842]" classname="labrat.IntSortsTest" time="0"/>
  <testcase name="MergeSortTest[843]" classname="labrat.IntSortsTest" time="0"/>
  <testcase name="MergeSortTest[844]" classname="labrat.IntSortsTest" time="0"/>
  <testcase name="MergeSortTest[845]" classname="labrat.IntSortsTest" time="0"/>
  <testcase name="MergeSortTest[846]" classname="labrat.IntSortsTest" time="0"/>
  <testcase name="MergeSortTest[847]" classname="labrat.IntSortsTest" time="0"/>
  <testcase name="MergeSortTest[848]" classname="labrat.IntSortsTest" time="0"/>
  <testcase name="MergeSortTest[849]" classname="labrat.IntSortsTest" time="0.001"/>
  <testcase name="MergeSortTest[850]" classname="labrat.IntSortsTest" time="0"/>
  <testcase name="MergeSortTest[851]" classname="labrat.IntSortsTest" time="0"/>
  <testcase name="MergeSortTest[852]" classname="labrat.IntSortsTest" time="0"/>
  <testcase name="MergeSortTest[853]" classname="labrat.IntSortsTest" time="0"/>
  <testcase name="MergeSortTest[854]" classname="labrat.IntSortsTest" time="0"/>
  <testcase name="MergeSortTest[855]" classname="labrat.IntSortsTest" time="0"/>
  <testcase name="MergeSortTest[856]" classname="labrat.IntSortsTest" time="0"/>
  <testcase name="MergeSortTest[857]" classname="labrat.IntSortsTest" time="0"/>
  <testcase name="MergeSortTest[858]" classname="labrat.IntSortsTest" time="0"/>
  <testcase name="MergeSortTest[859]" classname="labrat.IntSortsTest" time="0"/>
  <testcase name="MergeSortTest[860]" classname="labrat.IntSortsTest" time="0"/>
  <testcase name="MergeSortTest[861]" classname="labrat.IntSortsTest" time="0"/>
  <testcase name="MergeSortTest[862]" classname="labrat.IntSortsTest" time="0.001"/>
  <testcase name="MergeSortTest[863]" classname="labrat.IntSortsTest" time="0"/>
  <testcase name="MergeSortTest[864]" classname="labrat.IntSortsTest" time="0"/>
  <testcase name="MergeSortTest[865]" classname="labrat.IntSortsTest" time="0"/>
  <testcase name="MergeSortTest[866]" classname="labrat.IntSortsTest" time="0"/>
  <testcase name="MergeSortTest[867]" classname="labrat.IntSortsTest" time="0"/>
  <testcase name="MergeSortTest[868]" classname="labrat.IntSortsTest" time="0"/>
  <testcase name="MergeSortTest[869]" classname="labrat.IntSortsTest" time="0"/>
  <testcase name="MergeSortTest[870]" classname="labrat.IntSortsTest" time="0"/>
  <testcase name="MergeSortTest[871]" classname="labrat.IntSortsTest" time="0.001"/>
  <testcase name="MergeSortTest[872]" classname="labrat.IntSortsTest" time="0"/>
  <testcase name="MergeSortTest[873]" classname="labrat.IntSortsTest" time="0"/>
  <testcase name="MergeSortTest[874]" classname="labrat.IntSortsTest" time="0"/>
  <testcase name="MergeSortTest[875]" classname="labrat.IntSortsTest" time="0.001"/>
  <testcase name="MergeSortTest[876]" classname="labrat.IntSortsTest" time="0"/>
  <testcase name="MergeSortTest[877]" classname="labrat.IntSortsTest" time="0"/>
  <testcase name="MergeSortTest[878]" classname="labrat.IntSortsTest" time="0"/>
  <testcase name="MergeSortTest[879]" classname="labrat.IntSortsTest" time="0"/>
  <testcase name="MergeSortTest[880]" classname="labrat.IntSortsTest" time="0.001"/>
  <testcase name="MergeSortTest[881]" classname="labrat.IntSortsTest" time="0"/>
  <testcase name="MergeSortTest[882]" classname="labrat.IntSortsTest" time="0"/>
  <testcase name="MergeSortTest[883]" classname="labrat.IntSortsTest" time="0"/>
  <testcase name="MergeSortTest[884]" classname="labrat.IntSortsTest" time="0.001"/>
  <testcase name="MergeSortTest[885]" classname="labrat.IntSortsTest" time="0"/>
  <testcase name="MergeSortTest[886]" classname="labrat.IntSortsTest" time="0"/>
  <testcase name="MergeSortTest[887]" classname="labrat.IntSortsTest" time="0"/>
  <testcase name="MergeSortTest[888]" classname="labrat.IntSortsTest" time="0"/>
  <testcase name="MergeSortTest[889]" classname="labrat.IntSortsTest" time="0.001"/>
  <testcase name="MergeSortTest[890]" classname="labrat.IntSortsTest" time="0"/>
  <testcase name="MergeSortTest[891]" classname="labrat.IntSortsTest" time="0"/>
  <testcase name="MergeSortTest[892]" classname="labrat.IntSortsTest" time="0"/>
  <testcase name="MergeSortTest[893]" classname="labrat.IntSortsTest" time="0.001"/>
  <testcase name="MergeSortTest[894]" classname="labrat.IntSortsTest" time="0"/>
  <testcase name="MergeSortTest[895]" classname="labrat.IntSortsTest" time="0"/>
  <testcase name="MergeSortTest[896]" classname="labrat.IntSortsTest" time="0"/>
  <testcase name="MergeSortTest[897]" classname="labrat.IntSortsTest" time="0"/>
  <testcase name="MergeSortTest[898]" classname="labrat.IntSortsTest" time="0.001"/>
  <testcase name="MergeSortTest[899]" classname="labrat.IntSortsTest" time="0"/>
  <testcase name="MergeSortTest[900]" classname="labrat.IntSortsTest" time="0"/>
  <testcase name="MergeSortTest[901]" classname="labrat.IntSortsTest" time="0"/>
  <testcase name="MergeSortTest[902]" classname="labrat.IntSortsTest" time="0.001"/>
  <testcase name="MergeSortTest[903]" classname="labrat.IntSortsTest" time="0"/>
  <testcase name="MergeSortTest[904]" classname="labrat.IntSortsTest" time="0"/>
  <testcase name="MergeSortTest[905]" classname="labrat.IntSortsTest" time="0"/>
  <testcase name="MergeSortTest[906]" classname="labrat.IntSortsTest" time="0"/>
  <testcase name="MergeSortTest[907]" classname="labrat.IntSortsTest" time="0"/>
  <testcase name="MergeSortTest[908]" classname="labrat.IntSortsTest" time="0"/>
  <testcase name="MergeSortTest[909]" classname="labrat.IntSortsTest" time="0"/>
  <testcase name="MergeSortTest[910]" classname="labrat.IntSortsTest" time="0"/>
  <testcase name="MergeSortTest[911]" classname="labrat.IntSortsTest" time="0.001"/>
  <testcase name="MergeSortTest[912]" classname="labrat.IntSortsTest" time="0"/>
  <testcase name="MergeSortTest[913]" classname="labrat.IntSortsTest" time="0"/>
  <testcase name="MergeSortTest[914]" classname="labrat.IntSortsTest" time="0"/>
  <testcase name="MergeSortTest[915]" classname="labrat.IntSortsTest" time="0"/>
  <testcase name="MergeSortTest[916]" classname="labrat.IntSortsTest" time="0.001"/>
  <testcase name="MergeSortTest[917]" classname="labrat.IntSortsTest" time="0"/>
  <testcase name="MergeSortTest[918]" classname="labrat.IntSortsTest" time="0"/>
  <testcase name="MergeSortTest[919]" classname="labrat.IntSortsTest" time="0"/>
  <testcase name="MergeSortTest[920]" classname="labrat.IntSortsTest" time="0"/>
  <testcase name="MergeSortTest[921]" classname="labrat.IntSortsTest" time="0.001"/>
  <testcase name="MergeSortTest[922]" classname="labrat.IntSortsTest" time="0"/>
  <testcase name="MergeSortTest[923]" classname="labrat.IntSortsTest" time="0"/>
  <testcase name="MergeSortTest[924]" classname="labrat.IntSortsTest" time="0"/>
  <testcase name="MergeSortTest[925]" classname="labrat.IntSortsTest" time="0"/>
  <testcase name="MergeSortTest[926]" classname="labrat.IntSortsTest" time="0"/>
  <testcase name="MergeSortTest[927]" classname="labrat.IntSortsTest" time="0"/>
  <testcase name="MergeSortTest[928]" classname="labrat.IntSortsTest" time="0"/>
  <testcase name="MergeSortTest[929]" classname="labrat.IntSortsTest" time="0.001"/>
  <testcase name="MergeSortTest[930]" classname="labrat.IntSortsTest" time="0"/>
  <testcase name="MergeSortTest[931]" classname="labrat.IntSortsTest" time="0"/>
  <testcase name="MergeSortTest[932]" classname="labrat.IntSortsTest" time="0"/>
  <testcase name="MergeSortTest[933]" classname="labrat.IntSortsTest" time="0"/>
  <testcase name="MergeSortTest[934]" classname="labrat.IntSortsTest" time="0"/>
  <testcase name="MergeSortTest[935]" classname="labrat.IntSortsTest" time="0"/>
  <testcase name="MergeSortTest[936]" classname="labrat.IntSortsTest" time="0"/>
  <testcase name="MergeSortTest[937]" classname="labrat.IntSortsTest" time="0"/>
  <testcase name="MergeSortTest[938]" classname="labrat.IntSortsTest" time="0"/>
  <testcase name="MergeSortTest[939]" classname="labrat.IntSortsTest" time="0"/>
  <testcase name="MergeSortTest[940]" classname="labrat.IntSortsTest" time="0"/>
  <testcase name="MergeSortTest[941]" classname="labrat.IntSortsTest" time="0"/>
  <testcase name="MergeSortTest[942]" classname="labrat.IntSortsTest" time="0"/>
  <testcase name="MergeSortTest[943]" classname="labrat.IntSortsTest" time="0"/>
  <testcase name="MergeSortTest[944]" classname="labrat.IntSortsTest" time="0"/>
  <testcase name="MergeSortTest[945]" classname="labrat.IntSortsTest" time="0"/>
  <testcase name="MergeSortTest[946]" classname="labrat.IntSortsTest" time="0"/>
  <testcase name="MergeSortTest[947]" classname="labrat.IntSortsTest" time="0"/>
  <testcase name="MergeSortTest[948]" classname="labrat.IntSortsTest" time="0.001"/>
  <testcase name="MergeSortTest[949]" classname="labrat.IntSortsTest" time="0"/>
  <testcase name="MergeSortTest[950]" classname="labrat.IntSortsTest" time="0"/>
  <testcase name="MergeSortTest[951]" classname="labrat.IntSortsTest" time="0.001"/>
  <testcase name="MergeSortTest[952]" classname="labrat.IntSortsTest" time="0"/>
  <testcase name="MergeSortTest[953]" classname="labrat.IntSortsTest" time="0"/>
  <testcase name="MergeSortTest[954]" classname="labrat.IntSortsTest" time="0.001"/>
  <testcase name="MergeSortTest[955]" classname="labrat.IntSortsTest" time="0"/>
  <testcase name="MergeSortTest[956]" classname="labrat.IntSortsTest" time="0"/>
  <testcase name="MergeSortTest[957]" classname="labrat.IntSortsTest" time="0.001"/>
  <testcase name="MergeSortTest[958]" classname="labrat.IntSortsTest" time="0"/>
  <testcase name="MergeSortTest[959]" classname="labrat.IntSortsTest" time="0.001"/>
  <testcase name="MergeSortTest[960]" classname="labrat.IntSortsTest" time="0"/>
  <testcase name="MergeSortTest[961]" classname="labrat.IntSortsTest" time="0"/>
  <testcase name="MergeSortTest[962]" classname="labrat.IntSortsTest" time="0"/>
  <testcase name="MergeSortTest[963]" classname="labrat.IntSortsTest" time="0.001"/>
  <testcase name="MergeSortTest[964]" classname="labrat.IntSortsTest" time="0"/>
  <testcase name="MergeSortTest[965]" classname="labrat.IntSortsTest" time="0"/>
  <testcase name="MergeSortTest[966]" classname="labrat.IntSortsTest" time="0"/>
  <testcase name="MergeSortTest[967]" classname="labrat.IntSortsTest" time="0"/>
  <testcase name="MergeSortTest[968]" classname="labrat.IntSortsTest" time="0"/>
  <testcase name="MergeSortTest[969]" classname="labrat.IntSortsTest" time="0"/>
  <testcase name="MergeSortTest[970]" classname="labrat.IntSortsTest" time="0"/>
  <testcase name="MergeSortTest[971]" classname="labrat.IntSortsTest" time="0"/>
  <testcase name="MergeSortTest[972]" classname="labrat.IntSortsTest" time="0.001"/>
  <testcase name="MergeSortTest[973]" classname="labrat.IntSortsTest" time="0"/>
  <testcase name="MergeSortTest[974]" classname="labrat.IntSortsTest" time="0"/>
  <testcase name="MergeSortTest[975]" classname="labrat.IntSortsTest" time="0"/>
  <testcase name="MergeSortTest[976]" classname="labrat.IntSortsTest" time="0"/>
  <testcase name="MergeSortTest[977]" classname="labrat.IntSortsTest" time="0"/>
  <testcase name="MergeSortTest[978]" classname="labrat.IntSortsTest" time="0"/>
  <testcase name="MergeSortTest[979]" classname="labrat.IntSortsTest" time="0"/>
  <testcase name="MergeSortTest[980]" classname="labrat.IntSortsTest" time="0"/>
  <testcase name="MergeSortTest[981]" classname="labrat.IntSortsTest" time="0.001"/>
  <testcase name="MergeSortTest[982]" classname="labrat.IntSortsTest" time="0"/>
  <testcase name="MergeSortTest[983]" classname="labrat.IntSortsTest" time="0"/>
  <testcase name="MergeSortTest[984]" classname="labrat.IntSortsTest" time="0"/>
  <testcase name="MergeSortTest[985]" classname="labrat.IntSortsTest" time="0"/>
  <testcase name="MergeSortTest[986]" classname="labrat.IntSortsTest" time="0"/>
  <testcase name="MergeSortTest[987]" classname="labrat.IntSortsTest" time="0"/>
  <testcase name="MergeSortTest[988]" classname="labrat.IntSortsTest" time="0"/>
  <testcase name="MergeSortTest[989]" classname="labrat.IntSortsTest" time="0"/>
  <testcase name="MergeSortTest[990]" classname="labrat.IntSortsTest" time="0.001"/>
  <testcase name="MergeSortTest[991]" classname="labrat.IntSortsTest" time="0"/>
  <testcase name="MergeSortTest[992]" classname="labrat.IntSortsTest" time="0"/>
  <testcase name="MergeSortTest[993]" classname="labrat.IntSortsTest" time="0"/>
  <testcase name="MergeSortTest[994]" classname="labrat.IntSortsTest" time="0.001"/>
  <testcase name="MergeSortTest[995]" classname="labrat.IntSortsTest" time="0"/>
  <testcase name="MergeSortTest[996]" classname="labrat.IntSortsTest" time="0"/>
  <testcase name="MergeSortTest[997]" classname="labrat.IntSortsTest" time="0"/>
  <testcase name="MergeSortTest[998]" classname="labrat.IntSortsTest" time="0"/>
  <testcase name="MergeSortTest[999]" classname="labrat.IntSortsTest" time="0.001"/>
  <testcase name="MergeSortTest[1000]" classname="labrat.IntSortsTest" time="0"/>
</testsuite>